[0.695s] Invoking command in '/home/unita/ros2_ws/build/serial': CMAKE_PREFIX_PATH=${CMAKE_PREFIX_PATH}:/home/unita/gps_imu_ws/install/gps_imu_fusion_pkg:/home/unita/test2_perception/install/waypoint_follower_pkg:/home/unita/test2_perception/install/tl_perception_pkg:/home/unita/test2_perception/install/stop_line_detector_pkg:/home/unita/test2_perception/install/sensor_fusion_pkg:/home/unita/test2_perception/install/perception_yolov8_pkg:/home/unita/test2_perception/install/lane_tracking_pkg:/home/unita/test2_perception/install/info_publisher_pkg:/home/unita/test2_perception/install/debug_pkg:/home/unita/test2_perception/install/dead_reckoning_pkg:/home/unita/imu_gps_2/install/imu_gps_sync_py:/home/unita/ros2_ws/install/perception_yolov8_pkg:/home/unita/ros2_ws/install/launch_control_pkg:/home/unita/ros2_ws/install/erp42_path:/home/unita/ros2_ws/install/erp42_control:/opt/ros/humble /usr/bin/cmake /home/unita/ros2_ws/src/serial-ros2 -DCMAKE_INSTALL_PREFIX=/home/unita/ros2_ws/install/serial
[0.744s] -- The C compiler identification is GNU 11.4.0
[0.781s] -- The CXX compiler identification is GNU 11.4.0
[0.787s] -- Detecting C compiler ABI info
[0.843s] -- Detecting C compiler ABI info - done
[0.849s] -- Check for working C compiler: /usr/bin/cc - skipped
[0.849s] -- Detecting C compile features
[0.850s] -- Detecting C compile features - done
[0.852s] -- Detecting CXX compiler ABI info
[0.931s] -- Detecting CXX compiler ABI info - done
[0.938s] -- Check for working CXX compiler: /usr/bin/c++ - skipped
[0.938s] -- Detecting CXX compile features
[0.939s] -- Detecting CXX compile features - done
[0.945s] -- Found ament_cmake: 1.3.11 (/opt/ros/humble/share/ament_cmake/cmake)
[1.133s] -- Found Python3: /usr/bin/python3 (found version "3.10.12") found components: Interpreter 
[1.271s] -- Configuring done
[1.273s] -- Generating done
[1.274s] -- Build files have been written to: /home/unita/ros2_ws/build/serial
[1.278s] Invoked command in '/home/unita/ros2_ws/build/serial' returned '0': CMAKE_PREFIX_PATH=${CMAKE_PREFIX_PATH}:/home/unita/gps_imu_ws/install/gps_imu_fusion_pkg:/home/unita/test2_perception/install/waypoint_follower_pkg:/home/unita/test2_perception/install/tl_perception_pkg:/home/unita/test2_perception/install/stop_line_detector_pkg:/home/unita/test2_perception/install/sensor_fusion_pkg:/home/unita/test2_perception/install/perception_yolov8_pkg:/home/unita/test2_perception/install/lane_tracking_pkg:/home/unita/test2_perception/install/info_publisher_pkg:/home/unita/test2_perception/install/debug_pkg:/home/unita/test2_perception/install/dead_reckoning_pkg:/home/unita/imu_gps_2/install/imu_gps_sync_py:/home/unita/ros2_ws/install/perception_yolov8_pkg:/home/unita/ros2_ws/install/launch_control_pkg:/home/unita/ros2_ws/install/erp42_path:/home/unita/ros2_ws/install/erp42_control:/opt/ros/humble /usr/bin/cmake /home/unita/ros2_ws/src/serial-ros2 -DCMAKE_INSTALL_PREFIX=/home/unita/ros2_ws/install/serial
[1.278s] Invoking command in '/home/unita/ros2_ws/build/serial': CMAKE_PREFIX_PATH=${CMAKE_PREFIX_PATH}:/home/unita/gps_imu_ws/install/gps_imu_fusion_pkg:/home/unita/test2_perception/install/waypoint_follower_pkg:/home/unita/test2_perception/install/tl_perception_pkg:/home/unita/test2_perception/install/stop_line_detector_pkg:/home/unita/test2_perception/install/sensor_fusion_pkg:/home/unita/test2_perception/install/perception_yolov8_pkg:/home/unita/test2_perception/install/lane_tracking_pkg:/home/unita/test2_perception/install/info_publisher_pkg:/home/unita/test2_perception/install/debug_pkg:/home/unita/test2_perception/install/dead_reckoning_pkg:/home/unita/imu_gps_2/install/imu_gps_sync_py:/home/unita/ros2_ws/install/perception_yolov8_pkg:/home/unita/ros2_ws/install/launch_control_pkg:/home/unita/ros2_ws/install/erp42_path:/home/unita/ros2_ws/install/erp42_control:/opt/ros/humble /usr/bin/cmake --build /home/unita/ros2_ws/build/serial -- -j22 -l22
[1.319s] [ 75%] [32mBuilding CXX object CMakeFiles/serial.dir/src/serial.cc.o[0m
[1.319s] [ 75%] [32mBuilding CXX object CMakeFiles/serial.dir/src/impl/list_ports/list_ports_linux.cc.o[0m
[1.319s] [ 75%] [32mBuilding CXX object CMakeFiles/serial.dir/src/impl/unix.cc.o[0m
[1.620s] [100%] [32m[1mLinking CXX static library libserial.a[0m
[1.648s] [100%] Built target serial
[1.658s] Invoked command in '/home/unita/ros2_ws/build/serial' returned '0': CMAKE_PREFIX_PATH=${CMAKE_PREFIX_PATH}:/home/unita/gps_imu_ws/install/gps_imu_fusion_pkg:/home/unita/test2_perception/install/waypoint_follower_pkg:/home/unita/test2_perception/install/tl_perception_pkg:/home/unita/test2_perception/install/stop_line_detector_pkg:/home/unita/test2_perception/install/sensor_fusion_pkg:/home/unita/test2_perception/install/perception_yolov8_pkg:/home/unita/test2_perception/install/lane_tracking_pkg:/home/unita/test2_perception/install/info_publisher_pkg:/home/unita/test2_perception/install/debug_pkg:/home/unita/test2_perception/install/dead_reckoning_pkg:/home/unita/imu_gps_2/install/imu_gps_sync_py:/home/unita/ros2_ws/install/perception_yolov8_pkg:/home/unita/ros2_ws/install/launch_control_pkg:/home/unita/ros2_ws/install/erp42_path:/home/unita/ros2_ws/install/erp42_control:/opt/ros/humble /usr/bin/cmake --build /home/unita/ros2_ws/build/serial -- -j22 -l22
[1.668s] Invoking command in '/home/unita/ros2_ws/build/serial': CMAKE_PREFIX_PATH=${CMAKE_PREFIX_PATH}:/home/unita/gps_imu_ws/install/gps_imu_fusion_pkg:/home/unita/test2_perception/install/waypoint_follower_pkg:/home/unita/test2_perception/install/tl_perception_pkg:/home/unita/test2_perception/install/stop_line_detector_pkg:/home/unita/test2_perception/install/sensor_fusion_pkg:/home/unita/test2_perception/install/perception_yolov8_pkg:/home/unita/test2_perception/install/lane_tracking_pkg:/home/unita/test2_perception/install/info_publisher_pkg:/home/unita/test2_perception/install/debug_pkg:/home/unita/test2_perception/install/dead_reckoning_pkg:/home/unita/imu_gps_2/install/imu_gps_sync_py:/home/unita/ros2_ws/install/perception_yolov8_pkg:/home/unita/ros2_ws/install/launch_control_pkg:/home/unita/ros2_ws/install/erp42_path:/home/unita/ros2_ws/install/erp42_control:/opt/ros/humble /usr/bin/cmake --install /home/unita/ros2_ws/build/serial
[1.676s] -- Install configuration: ""
[1.676s] -- Installing: /home/unita/ros2_ws/install/serial/share/serial/environment/library_path.sh
[1.676s] -- Installing: /home/unita/ros2_ws/install/serial/share/serial/environment/library_path.dsv
[1.676s] -- Installing: /home/unita/ros2_ws/install/serial/lib/libserial.a
[1.677s] -- Installing: /home/unita/ros2_ws/install/serial/include/serial/serial.h
[1.677s] -- Installing: /home/unita/ros2_ws/install/serial/include/serial/v8stdint.h
[1.677s] -- Installing: /home/unita/ros2_ws/install/serial/share/ament_index/resource_index/package_run_dependencies/serial
[1.677s] -- Installing: /home/unita/ros2_ws/install/serial/share/ament_index/resource_index/parent_prefix_path/serial
[1.677s] -- Installing: /home/unita/ros2_ws/install/serial/share/serial/environment/ament_prefix_path.sh
[1.677s] -- Installing: /home/unita/ros2_ws/install/serial/share/serial/environment/ament_prefix_path.dsv
[1.677s] -- Installing: /home/unita/ros2_ws/install/serial/share/serial/environment/path.sh
[1.677s] -- Installing: /home/unita/ros2_ws/install/serial/share/serial/environment/path.dsv
[1.677s] -- Installing: /home/unita/ros2_ws/install/serial/share/serial/local_setup.bash
[1.677s] -- Installing: /home/unita/ros2_ws/install/serial/share/serial/local_setup.sh
[1.677s] -- Installing: /home/unita/ros2_ws/install/serial/share/serial/local_setup.zsh
[1.678s] -- Installing: /home/unita/ros2_ws/install/serial/share/serial/local_setup.dsv
[1.678s] -- Installing: /home/unita/ros2_ws/install/serial/share/serial/package.dsv
[1.678s] -- Installing: /home/unita/ros2_ws/install/serial/share/ament_index/resource_index/packages/serial
[1.678s] -- Installing: /home/unita/ros2_ws/install/serial/share/serial/cmake/ament_cmake_export_include_directories-extras.cmake
[1.678s] -- Installing: /home/unita/ros2_ws/install/serial/share/serial/cmake/ament_cmake_export_libraries-extras.cmake
[1.678s] -- Installing: /home/unita/ros2_ws/install/serial/share/serial/cmake/serialConfig.cmake
[1.678s] -- Installing: /home/unita/ros2_ws/install/serial/share/serial/cmake/serialConfig-version.cmake
[1.678s] -- Installing: /home/unita/ros2_ws/install/serial/share/serial/package.xml
[1.680s] Invoked command in '/home/unita/ros2_ws/build/serial' returned '0': CMAKE_PREFIX_PATH=${CMAKE_PREFIX_PATH}:/home/unita/gps_imu_ws/install/gps_imu_fusion_pkg:/home/unita/test2_perception/install/waypoint_follower_pkg:/home/unita/test2_perception/install/tl_perception_pkg:/home/unita/test2_perception/install/stop_line_detector_pkg:/home/unita/test2_perception/install/sensor_fusion_pkg:/home/unita/test2_perception/install/perception_yolov8_pkg:/home/unita/test2_perception/install/lane_tracking_pkg:/home/unita/test2_perception/install/info_publisher_pkg:/home/unita/test2_perception/install/debug_pkg:/home/unita/test2_perception/install/dead_reckoning_pkg:/home/unita/imu_gps_2/install/imu_gps_sync_py:/home/unita/ros2_ws/install/perception_yolov8_pkg:/home/unita/ros2_ws/install/launch_control_pkg:/home/unita/ros2_ws/install/erp42_path:/home/unita/ros2_ws/install/erp42_control:/opt/ros/humble /usr/bin/cmake --install /home/unita/ros2_ws/build/serial
