running egg_info
writing ../../build/launch_control_pkg/launch_control_pkg.egg-info/PKG-INFO
writing dependency_links to ../../build/launch_control_pkg/launch_control_pkg.egg-info/dependency_links.txt
writing entry points to ../../build/launch_control_pkg/launch_control_pkg.egg-info/entry_points.txt
writing requirements to ../../build/launch_control_pkg/launch_control_pkg.egg-info/requires.txt
writing top-level names to ../../build/launch_control_pkg/launch_control_pkg.egg-info/top_level.txt
reading manifest file '../../build/launch_control_pkg/launch_control_pkg.egg-info/SOURCES.txt'
writing manifest file '../../build/launch_control_pkg/launch_control_pkg.egg-info/SOURCES.txt'
running build
running install
running install_data
running install_egg_info
removing '/home/unita/ros2_ws/install/launch_control_pkg/lib/python3.10/site-packages/launch_control_pkg-0.0.0-py3.10.egg-info' (and everything under it)
Copying ../../build/launch_control_pkg/launch_control_pkg.egg-info to /home/unita/ros2_ws/install/launch_control_pkg/lib/python3.10/site-packages/launch_control_pkg-0.0.0-py3.10.egg-info
running install_scripts
Installing ErpSerialHandler_pub script to /home/unita/ros2_ws/install/launch_control_pkg/lib/launch_control_pkg
Installing erp_control script to /home/unita/ros2_ws/install/launch_control_pkg/lib/launch_control_pkg
Installing global_path_pub script to /home/unita/ros2_ws/install/launch_control_pkg/lib/launch_control_pkg
Installing gps_map_pub script to /home/unita/ros2_ws/install/launch_control_pkg/lib/launch_control_pkg
Installing local_pub script to /home/unita/ros2_ws/install/launch_control_pkg/lib/launch_control_pkg
writing list of installed files to '/home/unita/ros2_ws/build/launch_control_pkg/install.log'
