[0.666s] Invoking command in '/home/unita/ros2_ws/build/serial': CMAKE_PREFIX_PATH=${CMAKE_PREFIX_PATH}:/home/unita/gps_imu_ws/install/gps_imu_fusion_pkg:/home/unita/test2_perception/install/waypoint_follower_pkg:/home/unita/test2_perception/install/tl_perception_pkg:/home/unita/test2_perception/install/stop_line_detector_pkg:/home/unita/test2_perception/install/sensor_fusion_pkg:/home/unita/test2_perception/install/perception_yolov8_pkg:/home/unita/test2_perception/install/lane_tracking_pkg:/home/unita/test2_perception/install/info_publisher_pkg:/home/unita/test2_perception/install/debug_pkg:/home/unita/test2_perception/install/dead_reckoning_pkg:/home/unita/imu_gps_2/install/imu_gps_sync_py:/home/unita/ros2_ws/install/perception_yolov8_pkg:/home/unita/ros2_ws/install/launch_control_pkg:/home/unita/ros2_ws/install/erp42_path:/home/unita/ros2_ws/install/erp42_control:/opt/ros/humble /usr/bin/cmake --build /home/unita/ros2_ws/build/serial -- -j22 -l22
[0.705s] [100%] Built target serial
[0.713s] Invoked command in '/home/unita/ros2_ws/build/serial' returned '0': CMAKE_PREFIX_PATH=${CMAKE_PREFIX_PATH}:/home/unita/gps_imu_ws/install/gps_imu_fusion_pkg:/home/unita/test2_perception/install/waypoint_follower_pkg:/home/unita/test2_perception/install/tl_perception_pkg:/home/unita/test2_perception/install/stop_line_detector_pkg:/home/unita/test2_perception/install/sensor_fusion_pkg:/home/unita/test2_perception/install/perception_yolov8_pkg:/home/unita/test2_perception/install/lane_tracking_pkg:/home/unita/test2_perception/install/info_publisher_pkg:/home/unita/test2_perception/install/debug_pkg:/home/unita/test2_perception/install/dead_reckoning_pkg:/home/unita/imu_gps_2/install/imu_gps_sync_py:/home/unita/ros2_ws/install/perception_yolov8_pkg:/home/unita/ros2_ws/install/launch_control_pkg:/home/unita/ros2_ws/install/erp42_path:/home/unita/ros2_ws/install/erp42_control:/opt/ros/humble /usr/bin/cmake --build /home/unita/ros2_ws/build/serial -- -j22 -l22
[0.714s] Invoking command in '/home/unita/ros2_ws/build/serial': CMAKE_PREFIX_PATH=${CMAKE_PREFIX_PATH}:/home/unita/gps_imu_ws/install/gps_imu_fusion_pkg:/home/unita/test2_perception/install/waypoint_follower_pkg:/home/unita/test2_perception/install/tl_perception_pkg:/home/unita/test2_perception/install/stop_line_detector_pkg:/home/unita/test2_perception/install/sensor_fusion_pkg:/home/unita/test2_perception/install/perception_yolov8_pkg:/home/unita/test2_perception/install/lane_tracking_pkg:/home/unita/test2_perception/install/info_publisher_pkg:/home/unita/test2_perception/install/debug_pkg:/home/unita/test2_perception/install/dead_reckoning_pkg:/home/unita/imu_gps_2/install/imu_gps_sync_py:/home/unita/ros2_ws/install/perception_yolov8_pkg:/home/unita/ros2_ws/install/launch_control_pkg:/home/unita/ros2_ws/install/erp42_path:/home/unita/ros2_ws/install/erp42_control:/opt/ros/humble /usr/bin/cmake --install /home/unita/ros2_ws/build/serial
[0.721s] -- Install configuration: ""
[0.721s] -- Up-to-date: /home/unita/ros2_ws/install/serial/share/serial/environment/library_path.sh
[0.721s] -- Up-to-date: /home/unita/ros2_ws/install/serial/share/serial/environment/library_path.dsv
[0.721s] -- Up-to-date: /home/unita/ros2_ws/install/serial/lib/libserial.a
[0.721s] -- Up-to-date: /home/unita/ros2_ws/install/serial/include/serial/serial.h
[0.721s] -- Up-to-date: /home/unita/ros2_ws/install/serial/include/serial/v8stdint.h
[0.721s] -- Up-to-date: /home/unita/ros2_ws/install/serial/share/ament_index/resource_index/package_run_dependencies/serial
[0.721s] -- Up-to-date: /home/unita/ros2_ws/install/serial/share/ament_index/resource_index/parent_prefix_path/serial
[0.721s] -- Up-to-date: /home/unita/ros2_ws/install/serial/share/serial/environment/ament_prefix_path.sh
[0.721s] -- Up-to-date: /home/unita/ros2_ws/install/serial/share/serial/environment/ament_prefix_path.dsv
[0.721s] -- Up-to-date: /home/unita/ros2_ws/install/serial/share/serial/environment/path.sh
[0.721s] -- Up-to-date: /home/unita/ros2_ws/install/serial/share/serial/environment/path.dsv
[0.722s] -- Up-to-date: /home/unita/ros2_ws/install/serial/share/serial/local_setup.bash
[0.722s] -- Up-to-date: /home/unita/ros2_ws/install/serial/share/serial/local_setup.sh
[0.722s] -- Up-to-date: /home/unita/ros2_ws/install/serial/share/serial/local_setup.zsh
[0.722s] -- Up-to-date: /home/unita/ros2_ws/install/serial/share/serial/local_setup.dsv
[0.722s] -- Installing: /home/unita/ros2_ws/install/serial/share/serial/package.dsv
[0.722s] -- Up-to-date: /home/unita/ros2_ws/install/serial/share/ament_index/resource_index/packages/serial
[0.722s] -- Up-to-date: /home/unita/ros2_ws/install/serial/share/serial/cmake/ament_cmake_export_include_directories-extras.cmake
[0.722s] -- Up-to-date: /home/unita/ros2_ws/install/serial/share/serial/cmake/ament_cmake_export_libraries-extras.cmake
[0.722s] -- Up-to-date: /home/unita/ros2_ws/install/serial/share/serial/cmake/serialConfig.cmake
[0.722s] -- Up-to-date: /home/unita/ros2_ws/install/serial/share/serial/cmake/serialConfig-version.cmake
[0.722s] -- Up-to-date: /home/unita/ros2_ws/install/serial/share/serial/package.xml
[0.858s] Invoked command in '/home/unita/ros2_ws/build/serial' returned '0': CMAKE_PREFIX_PATH=${CMAKE_PREFIX_PATH}:/home/unita/gps_imu_ws/install/gps_imu_fusion_pkg:/home/unita/test2_perception/install/waypoint_follower_pkg:/home/unita/test2_perception/install/tl_perception_pkg:/home/unita/test2_perception/install/stop_line_detector_pkg:/home/unita/test2_perception/install/sensor_fusion_pkg:/home/unita/test2_perception/install/perception_yolov8_pkg:/home/unita/test2_perception/install/lane_tracking_pkg:/home/unita/test2_perception/install/info_publisher_pkg:/home/unita/test2_perception/install/debug_pkg:/home/unita/test2_perception/install/dead_reckoning_pkg:/home/unita/imu_gps_2/install/imu_gps_sync_py:/home/unita/ros2_ws/install/perception_yolov8_pkg:/home/unita/ros2_ws/install/launch_control_pkg:/home/unita/ros2_ws/install/erp42_path:/home/unita/ros2_ws/install/erp42_control:/opt/ros/humble /usr/bin/cmake --install /home/unita/ros2_ws/build/serial
