[  0%] Built target interfaces_control_pkg__cpp
[ 12%] Built target interfaces_control_pkg__rosidl_generator_c
[ 12%] Built target ament_cmake_python_copy_interfaces_control_pkg
[ 24%] Built target interfaces_control_pkg__rosidl_typesupport_cpp
[ 36%] Built target interfaces_control_pkg__rosidl_typesupport_introspection_c
[ 55%] Built target interfaces_control_pkg__rosidl_typesupport_introspection_cpp
[ 61%] Built target interfaces_control_pkg__rosidl_typesupport_c
[ 73%] Built target interfaces_control_pkg__rosidl_typesupport_fastrtps_c
[ 85%] Built target interfaces_control_pkg__rosidl_typesupport_fastrtps_cpp
[ 85%] Built target interfaces_control_pkg
[ 86%] Built target interfaces_control_pkg__py
[ 97%] Built target interfaces_control_pkg__rosidl_generator_py
[ 98%] Built target interfaces_control_pkg__rosidl_typesupport_introspection_c__pyext
[ 99%] Built target interfaces_control_pkg__rosidl_typesupport_c__pyext
[100%] Built target interfaces_control_pkg__rosidl_typesupport_fastrtps_c__pyext
running egg_info
writing interfaces_control_pkg.egg-info/PKG-INFO
writing dependency_links to interfaces_control_pkg.egg-info/dependency_links.txt
writing top-level names to interfaces_control_pkg.egg-info/top_level.txt
reading manifest file 'interfaces_control_pkg.egg-info/SOURCES.txt'
writing manifest file 'interfaces_control_pkg.egg-info/SOURCES.txt'
[100%] Built target ament_cmake_python_build_interfaces_control_pkg_egg
-- Install configuration: ""
-- Up-to-date: /home/unita/ros2_ws/install/interfaces_control_pkg/share/ament_index/resource_index/rosidl_interfaces/interfaces_control_pkg
-- Up-to-date: /home/unita/ros2_ws/install/interfaces_control_pkg/include/interfaces_control_pkg/interfaces_control_pkg
-- Up-to-date: /home/unita/ros2_ws/install/interfaces_control_pkg/include/interfaces_control_pkg/interfaces_control_pkg/msg
-- Up-to-date: /home/unita/ros2_ws/install/interfaces_control_pkg/include/interfaces_control_pkg/interfaces_control_pkg/msg/pose2_d.h
-- Up-to-date: /home/unita/ros2_ws/install/interfaces_control_pkg/include/interfaces_control_pkg/interfaces_control_pkg/msg/point2_d.h
-- Up-to-date: /home/unita/ros2_ws/install/interfaces_control_pkg/include/interfaces_control_pkg/interfaces_control_pkg/msg/motion_command.h
-- Up-to-date: /home/unita/ros2_ws/install/interfaces_control_pkg/include/interfaces_control_pkg/interfaces_control_pkg/msg/rosidl_generator_c__visibility_control.h
-- Up-to-date: /home/unita/ros2_ws/install/interfaces_control_pkg/include/interfaces_control_pkg/interfaces_control_pkg/msg/key_point2_d_array.h
-- Up-to-date: /home/unita/ros2_ws/install/interfaces_control_pkg/include/interfaces_control_pkg/interfaces_control_pkg/msg/bounding_box3_d.h
-- Up-to-date: /home/unita/ros2_ws/install/interfaces_control_pkg/include/interfaces_control_pkg/interfaces_control_pkg/msg/vector2.h
-- Up-to-date: /home/unita/ros2_ws/install/interfaces_control_pkg/include/interfaces_control_pkg/interfaces_control_pkg/msg/detection.h
-- Up-to-date: /home/unita/ros2_ws/install/interfaces_control_pkg/include/interfaces_control_pkg/interfaces_control_pkg/msg/detection_array.h
-- Up-to-date: /home/unita/ros2_ws/install/interfaces_control_pkg/include/interfaces_control_pkg/interfaces_control_pkg/msg/path_planning_result.h
-- Up-to-date: /home/unita/ros2_ws/install/interfaces_control_pkg/include/interfaces_control_pkg/interfaces_control_pkg/msg/bounding_box2_d.h
-- Up-to-date: /home/unita/ros2_ws/install/interfaces_control_pkg/include/interfaces_control_pkg/interfaces_control_pkg/msg/erp_status_msg.h
-- Up-to-date: /home/unita/ros2_ws/install/interfaces_control_pkg/include/interfaces_control_pkg/interfaces_control_pkg/msg/target_point.h
-- Up-to-date: /home/unita/ros2_ws/install/interfaces_control_pkg/include/interfaces_control_pkg/interfaces_control_pkg/msg/cone_info.h
-- Up-to-date: /home/unita/ros2_ws/install/interfaces_control_pkg/include/interfaces_control_pkg/interfaces_control_pkg/msg/lane_info.h
-- Up-to-date: /home/unita/ros2_ws/install/interfaces_control_pkg/include/interfaces_control_pkg/interfaces_control_pkg/msg/cone_info_array.h
-- Up-to-date: /home/unita/ros2_ws/install/interfaces_control_pkg/include/interfaces_control_pkg/interfaces_control_pkg/msg/erp_cmd_msg.h
-- Up-to-date: /home/unita/ros2_ws/install/interfaces_control_pkg/include/interfaces_control_pkg/interfaces_control_pkg/msg/key_point3_d_array.h
-- Up-to-date: /home/unita/ros2_ws/install/interfaces_control_pkg/include/interfaces_control_pkg/interfaces_control_pkg/msg/mask.h
-- Up-to-date: /home/unita/ros2_ws/install/interfaces_control_pkg/include/interfaces_control_pkg/interfaces_control_pkg/msg/key_point3_d.h
-- Up-to-date: /home/unita/ros2_ws/install/interfaces_control_pkg/include/interfaces_control_pkg/interfaces_control_pkg/msg/key_point2_d.h
-- Up-to-date: /home/unita/ros2_ws/install/interfaces_control_pkg/include/interfaces_control_pkg/interfaces_control_pkg/msg/detail
-- Up-to-date: /home/unita/ros2_ws/install/interfaces_control_pkg/include/interfaces_control_pkg/interfaces_control_pkg/msg/detail/bounding_box2_d__type_support.h
-- Up-to-date: /home/unita/ros2_ws/install/interfaces_control_pkg/include/interfaces_control_pkg/interfaces_control_pkg/msg/detail/key_point2_d_array__struct.h
-- Up-to-date: /home/unita/ros2_ws/install/interfaces_control_pkg/include/interfaces_control_pkg/interfaces_control_pkg/msg/detail/cone_info__functions.c
-- Up-to-date: /home/unita/ros2_ws/install/interfaces_control_pkg/include/interfaces_control_pkg/interfaces_control_pkg/msg/detail/cone_info_array__type_support.h
-- Up-to-date: /home/unita/ros2_ws/install/interfaces_control_pkg/include/interfaces_control_pkg/interfaces_control_pkg/msg/detail/key_point2_d_array__type_support.h
-- Up-to-date: /home/unita/ros2_ws/install/interfaces_control_pkg/include/interfaces_control_pkg/interfaces_control_pkg/msg/detail/motion_command__type_support.h
-- Up-to-date: /home/unita/ros2_ws/install/interfaces_control_pkg/include/interfaces_control_pkg/interfaces_control_pkg/msg/detail/vector2__struct.h
-- Up-to-date: /home/unita/ros2_ws/install/interfaces_control_pkg/include/interfaces_control_pkg/interfaces_control_pkg/msg/detail/cone_info__struct.h
-- Up-to-date: /home/unita/ros2_ws/install/interfaces_control_pkg/include/interfaces_control_pkg/interfaces_control_pkg/msg/detail/bounding_box3_d__type_support.h
-- Up-to-date: /home/unita/ros2_ws/install/interfaces_control_pkg/include/interfaces_control_pkg/interfaces_control_pkg/msg/detail/detection__functions.c
-- Up-to-date: /home/unita/ros2_ws/install/interfaces_control_pkg/include/interfaces_control_pkg/interfaces_control_pkg/msg/detail/bounding_box3_d__functions.c
-- Up-to-date: /home/unita/ros2_ws/install/interfaces_control_pkg/include/interfaces_control_pkg/interfaces_control_pkg/msg/detail/motion_command__functions.h
-- Up-to-date: /home/unita/ros2_ws/install/interfaces_control_pkg/include/interfaces_control_pkg/interfaces_control_pkg/msg/detail/pose2_d__type_support.h
-- Up-to-date: /home/unita/ros2_ws/install/interfaces_control_pkg/include/interfaces_control_pkg/interfaces_control_pkg/msg/detail/target_point__functions.h
-- Up-to-date: /home/unita/ros2_ws/install/interfaces_control_pkg/include/interfaces_control_pkg/interfaces_control_pkg/msg/detail/cone_info_array__struct.h
-- Up-to-date: /home/unita/ros2_ws/install/interfaces_control_pkg/include/interfaces_control_pkg/interfaces_control_pkg/msg/detail/erp_status_msg__type_support.h
-- Up-to-date: /home/unita/ros2_ws/install/interfaces_control_pkg/include/interfaces_control_pkg/interfaces_control_pkg/msg/detail/key_point3_d_array__type_support.h
-- Up-to-date: /home/unita/ros2_ws/install/interfaces_control_pkg/include/interfaces_control_pkg/interfaces_control_pkg/msg/detail/detection_array__type_support.h
-- Up-to-date: /home/unita/ros2_ws/install/interfaces_control_pkg/include/interfaces_control_pkg/interfaces_control_pkg/msg/detail/cone_info__type_support.h
-- Up-to-date: /home/unita/ros2_ws/install/interfaces_control_pkg/include/interfaces_control_pkg/interfaces_control_pkg/msg/detail/pose2_d__functions.c
-- Up-to-date: /home/unita/ros2_ws/install/interfaces_control_pkg/include/interfaces_control_pkg/interfaces_control_pkg/msg/detail/detection_array__struct.h
-- Up-to-date: /home/unita/ros2_ws/install/interfaces_control_pkg/include/interfaces_control_pkg/interfaces_control_pkg/msg/detail/lane_info__struct.h
-- Up-to-date: /home/unita/ros2_ws/install/interfaces_control_pkg/include/interfaces_control_pkg/interfaces_control_pkg/msg/detail/target_point__type_support.h
-- Up-to-date: /home/unita/ros2_ws/install/interfaces_control_pkg/include/interfaces_control_pkg/interfaces_control_pkg/msg/detail/cone_info_array__functions.c
-- Up-to-date: /home/unita/ros2_ws/install/interfaces_control_pkg/include/interfaces_control_pkg/interfaces_control_pkg/msg/detail/point2_d__type_support.h
-- Up-to-date: /home/unita/ros2_ws/install/interfaces_control_pkg/include/interfaces_control_pkg/interfaces_control_pkg/msg/detail/key_point2_d_array__functions.h
-- Up-to-date: /home/unita/ros2_ws/install/interfaces_control_pkg/include/interfaces_control_pkg/interfaces_control_pkg/msg/detail/detection__struct.h
-- Up-to-date: /home/unita/ros2_ws/install/interfaces_control_pkg/include/interfaces_control_pkg/interfaces_control_pkg/msg/detail/vector2__functions.c
-- Up-to-date: /home/unita/ros2_ws/install/interfaces_control_pkg/include/interfaces_control_pkg/interfaces_control_pkg/msg/detail/vector2__type_support.h
-- Up-to-date: /home/unita/ros2_ws/install/interfaces_control_pkg/include/interfaces_control_pkg/interfaces_control_pkg/msg/detail/mask__functions.h
-- Up-to-date: /home/unita/ros2_ws/install/interfaces_control_pkg/include/interfaces_control_pkg/interfaces_control_pkg/msg/detail/key_point3_d__functions.c
-- Up-to-date: /home/unita/ros2_ws/install/interfaces_control_pkg/include/interfaces_control_pkg/interfaces_control_pkg/msg/detail/mask__type_support.h
-- Up-to-date: /home/unita/ros2_ws/install/interfaces_control_pkg/include/interfaces_control_pkg/interfaces_control_pkg/msg/detail/erp_status_msg__struct.h
-- Up-to-date: /home/unita/ros2_ws/install/interfaces_control_pkg/include/interfaces_control_pkg/interfaces_control_pkg/msg/detail/target_point__struct.h
-- Up-to-date: /home/unita/ros2_ws/install/interfaces_control_pkg/include/interfaces_control_pkg/interfaces_control_pkg/msg/detail/motion_command__functions.c
-- Up-to-date: /home/unita/ros2_ws/install/interfaces_control_pkg/include/interfaces_control_pkg/interfaces_control_pkg/msg/detail/erp_cmd_msg__type_support.h
-- Up-to-date: /home/unita/ros2_ws/install/interfaces_control_pkg/include/interfaces_control_pkg/interfaces_control_pkg/msg/detail/erp_cmd_msg__struct.h
-- Up-to-date: /home/unita/ros2_ws/install/interfaces_control_pkg/include/interfaces_control_pkg/interfaces_control_pkg/msg/detail/erp_cmd_msg__functions.h
-- Up-to-date: /home/unita/ros2_ws/install/interfaces_control_pkg/include/interfaces_control_pkg/interfaces_control_pkg/msg/detail/mask__struct.h
-- Up-to-date: /home/unita/ros2_ws/install/interfaces_control_pkg/include/interfaces_control_pkg/interfaces_control_pkg/msg/detail/path_planning_result__functions.h
-- Up-to-date: /home/unita/ros2_ws/install/interfaces_control_pkg/include/interfaces_control_pkg/interfaces_control_pkg/msg/detail/key_point2_d__functions.c
-- Up-to-date: /home/unita/ros2_ws/install/interfaces_control_pkg/include/interfaces_control_pkg/interfaces_control_pkg/msg/detail/detection__type_support.h
-- Up-to-date: /home/unita/ros2_ws/install/interfaces_control_pkg/include/interfaces_control_pkg/interfaces_control_pkg/msg/detail/bounding_box2_d__functions.c
-- Up-to-date: /home/unita/ros2_ws/install/interfaces_control_pkg/include/interfaces_control_pkg/interfaces_control_pkg/msg/detail/path_planning_result__type_support.h
-- Up-to-date: /home/unita/ros2_ws/install/interfaces_control_pkg/include/interfaces_control_pkg/interfaces_control_pkg/msg/detail/lane_info__type_support.h
-- Up-to-date: /home/unita/ros2_ws/install/interfaces_control_pkg/include/interfaces_control_pkg/interfaces_control_pkg/msg/detail/key_point3_d__struct.h
-- Up-to-date: /home/unita/ros2_ws/install/interfaces_control_pkg/include/interfaces_control_pkg/interfaces_control_pkg/msg/detail/key_point2_d__functions.h
-- Up-to-date: /home/unita/ros2_ws/install/interfaces_control_pkg/include/interfaces_control_pkg/interfaces_control_pkg/msg/detail/key_point2_d_array__functions.c
-- Up-to-date: /home/unita/ros2_ws/install/interfaces_control_pkg/include/interfaces_control_pkg/interfaces_control_pkg/msg/detail/pose2_d__struct.h
-- Up-to-date: /home/unita/ros2_ws/install/interfaces_control_pkg/include/interfaces_control_pkg/interfaces_control_pkg/msg/detail/erp_cmd_msg__functions.c
-- Up-to-date: /home/unita/ros2_ws/install/interfaces_control_pkg/include/interfaces_control_pkg/interfaces_control_pkg/msg/detail/key_point3_d_array__struct.h
-- Up-to-date: /home/unita/ros2_ws/install/interfaces_control_pkg/include/interfaces_control_pkg/interfaces_control_pkg/msg/detail/cone_info__functions.h
-- Up-to-date: /home/unita/ros2_ws/install/interfaces_control_pkg/include/interfaces_control_pkg/interfaces_control_pkg/msg/detail/vector2__functions.h
-- Up-to-date: /home/unita/ros2_ws/install/interfaces_control_pkg/include/interfaces_control_pkg/interfaces_control_pkg/msg/detail/motion_command__struct.h
-- Up-to-date: /home/unita/ros2_ws/install/interfaces_control_pkg/include/interfaces_control_pkg/interfaces_control_pkg/msg/detail/bounding_box3_d__struct.h
-- Up-to-date: /home/unita/ros2_ws/install/interfaces_control_pkg/include/interfaces_control_pkg/interfaces_control_pkg/msg/detail/detection__functions.h
-- Up-to-date: /home/unita/ros2_ws/install/interfaces_control_pkg/include/interfaces_control_pkg/interfaces_control_pkg/msg/detail/path_planning_result__struct.h
-- Up-to-date: /home/unita/ros2_ws/install/interfaces_control_pkg/include/interfaces_control_pkg/interfaces_control_pkg/msg/detail/key_point2_d__type_support.h
-- Up-to-date: /home/unita/ros2_ws/install/interfaces_control_pkg/include/interfaces_control_pkg/interfaces_control_pkg/msg/detail/cone_info_array__functions.h
-- Up-to-date: /home/unita/ros2_ws/install/interfaces_control_pkg/include/interfaces_control_pkg/interfaces_control_pkg/msg/detail/bounding_box3_d__functions.h
-- Up-to-date: /home/unita/ros2_ws/install/interfaces_control_pkg/include/interfaces_control_pkg/interfaces_control_pkg/msg/detail/pose2_d__functions.h
-- Up-to-date: /home/unita/ros2_ws/install/interfaces_control_pkg/include/interfaces_control_pkg/interfaces_control_pkg/msg/detail/point2_d__struct.h
-- Up-to-date: /home/unita/ros2_ws/install/interfaces_control_pkg/include/interfaces_control_pkg/interfaces_control_pkg/msg/detail/lane_info__functions.h
-- Up-to-date: /home/unita/ros2_ws/install/interfaces_control_pkg/include/interfaces_control_pkg/interfaces_control_pkg/msg/detail/key_point3_d__functions.h
-- Up-to-date: /home/unita/ros2_ws/install/interfaces_control_pkg/include/interfaces_control_pkg/interfaces_control_pkg/msg/detail/path_planning_result__functions.c
-- Up-to-date: /home/unita/ros2_ws/install/interfaces_control_pkg/include/interfaces_control_pkg/interfaces_control_pkg/msg/detail/point2_d__functions.h
-- Up-to-date: /home/unita/ros2_ws/install/interfaces_control_pkg/include/interfaces_control_pkg/interfaces_control_pkg/msg/detail/mask__functions.c
-- Up-to-date: /home/unita/ros2_ws/install/interfaces_control_pkg/include/interfaces_control_pkg/interfaces_control_pkg/msg/detail/target_point__functions.c
-- Up-to-date: /home/unita/ros2_ws/install/interfaces_control_pkg/include/interfaces_control_pkg/interfaces_control_pkg/msg/detail/key_point3_d_array__functions.h
-- Up-to-date: /home/unita/ros2_ws/install/interfaces_control_pkg/include/interfaces_control_pkg/interfaces_control_pkg/msg/detail/point2_d__functions.c
-- Up-to-date: /home/unita/ros2_ws/install/interfaces_control_pkg/include/interfaces_control_pkg/interfaces_control_pkg/msg/detail/erp_status_msg__functions.h
-- Up-to-date: /home/unita/ros2_ws/install/interfaces_control_pkg/include/interfaces_control_pkg/interfaces_control_pkg/msg/detail/key_point3_d_array__functions.c
-- Up-to-date: /home/unita/ros2_ws/install/interfaces_control_pkg/include/interfaces_control_pkg/interfaces_control_pkg/msg/detail/detection_array__functions.c
-- Up-to-date: /home/unita/ros2_ws/install/interfaces_control_pkg/include/interfaces_control_pkg/interfaces_control_pkg/msg/detail/key_point2_d__struct.h
-- Up-to-date: /home/unita/ros2_ws/install/interfaces_control_pkg/include/interfaces_control_pkg/interfaces_control_pkg/msg/detail/erp_status_msg__functions.c
-- Up-to-date: /home/unita/ros2_ws/install/interfaces_control_pkg/include/interfaces_control_pkg/interfaces_control_pkg/msg/detail/lane_info__functions.c
-- Up-to-date: /home/unita/ros2_ws/install/interfaces_control_pkg/include/interfaces_control_pkg/interfaces_control_pkg/msg/detail/key_point3_d__type_support.h
-- Up-to-date: /home/unita/ros2_ws/install/interfaces_control_pkg/include/interfaces_control_pkg/interfaces_control_pkg/msg/detail/bounding_box2_d__struct.h
-- Up-to-date: /home/unita/ros2_ws/install/interfaces_control_pkg/include/interfaces_control_pkg/interfaces_control_pkg/msg/detail/detection_array__functions.h
-- Up-to-date: /home/unita/ros2_ws/install/interfaces_control_pkg/include/interfaces_control_pkg/interfaces_control_pkg/msg/detail/bounding_box2_d__functions.h
-- Up-to-date: /home/unita/ros2_ws/install/interfaces_control_pkg/share/interfaces_control_pkg/environment/library_path.sh
-- Up-to-date: /home/unita/ros2_ws/install/interfaces_control_pkg/share/interfaces_control_pkg/environment/library_path.dsv
-- Up-to-date: /home/unita/ros2_ws/install/interfaces_control_pkg/lib/libinterfaces_control_pkg__rosidl_generator_c.so
-- Up-to-date: /home/unita/ros2_ws/install/interfaces_control_pkg/include/interfaces_control_pkg/interfaces_control_pkg
-- Up-to-date: /home/unita/ros2_ws/install/interfaces_control_pkg/include/interfaces_control_pkg/interfaces_control_pkg/msg
-- Up-to-date: /home/unita/ros2_ws/install/interfaces_control_pkg/include/interfaces_control_pkg/interfaces_control_pkg/msg/rosidl_typesupport_fastrtps_c__visibility_control.h
-- Up-to-date: /home/unita/ros2_ws/install/interfaces_control_pkg/include/interfaces_control_pkg/interfaces_control_pkg/msg/detail
-- Up-to-date: /home/unita/ros2_ws/install/interfaces_control_pkg/include/interfaces_control_pkg/interfaces_control_pkg/msg/detail/detection__rosidl_typesupport_fastrtps_c.h
-- Up-to-date: /home/unita/ros2_ws/install/interfaces_control_pkg/include/interfaces_control_pkg/interfaces_control_pkg/msg/detail/vector2__rosidl_typesupport_fastrtps_c.h
-- Up-to-date: /home/unita/ros2_ws/install/interfaces_control_pkg/include/interfaces_control_pkg/interfaces_control_pkg/msg/detail/bounding_box2_d__rosidl_typesupport_fastrtps_c.h
-- Up-to-date: /home/unita/ros2_ws/install/interfaces_control_pkg/include/interfaces_control_pkg/interfaces_control_pkg/msg/detail/erp_status_msg__rosidl_typesupport_fastrtps_c.h
-- Up-to-date: /home/unita/ros2_ws/install/interfaces_control_pkg/include/interfaces_control_pkg/interfaces_control_pkg/msg/detail/lane_info__rosidl_typesupport_fastrtps_c.h
-- Up-to-date: /home/unita/ros2_ws/install/interfaces_control_pkg/include/interfaces_control_pkg/interfaces_control_pkg/msg/detail/mask__rosidl_typesupport_fastrtps_c.h
-- Up-to-date: /home/unita/ros2_ws/install/interfaces_control_pkg/include/interfaces_control_pkg/interfaces_control_pkg/msg/detail/key_point3_d__rosidl_typesupport_fastrtps_c.h
-- Up-to-date: /home/unita/ros2_ws/install/interfaces_control_pkg/include/interfaces_control_pkg/interfaces_control_pkg/msg/detail/target_point__rosidl_typesupport_fastrtps_c.h
-- Up-to-date: /home/unita/ros2_ws/install/interfaces_control_pkg/include/interfaces_control_pkg/interfaces_control_pkg/msg/detail/erp_cmd_msg__rosidl_typesupport_fastrtps_c.h
-- Up-to-date: /home/unita/ros2_ws/install/interfaces_control_pkg/include/interfaces_control_pkg/interfaces_control_pkg/msg/detail/detection_array__rosidl_typesupport_fastrtps_c.h
-- Up-to-date: /home/unita/ros2_ws/install/interfaces_control_pkg/include/interfaces_control_pkg/interfaces_control_pkg/msg/detail/motion_command__rosidl_typesupport_fastrtps_c.h
-- Up-to-date: /home/unita/ros2_ws/install/interfaces_control_pkg/include/interfaces_control_pkg/interfaces_control_pkg/msg/detail/pose2_d__rosidl_typesupport_fastrtps_c.h
-- Up-to-date: /home/unita/ros2_ws/install/interfaces_control_pkg/include/interfaces_control_pkg/interfaces_control_pkg/msg/detail/cone_info_array__rosidl_typesupport_fastrtps_c.h
-- Up-to-date: /home/unita/ros2_ws/install/interfaces_control_pkg/include/interfaces_control_pkg/interfaces_control_pkg/msg/detail/key_point2_d_array__rosidl_typesupport_fastrtps_c.h
-- Up-to-date: /home/unita/ros2_ws/install/interfaces_control_pkg/include/interfaces_control_pkg/interfaces_control_pkg/msg/detail/cone_info__rosidl_typesupport_fastrtps_c.h
-- Up-to-date: /home/unita/ros2_ws/install/interfaces_control_pkg/include/interfaces_control_pkg/interfaces_control_pkg/msg/detail/path_planning_result__rosidl_typesupport_fastrtps_c.h
-- Up-to-date: /home/unita/ros2_ws/install/interfaces_control_pkg/include/interfaces_control_pkg/interfaces_control_pkg/msg/detail/point2_d__rosidl_typesupport_fastrtps_c.h
-- Up-to-date: /home/unita/ros2_ws/install/interfaces_control_pkg/include/interfaces_control_pkg/interfaces_control_pkg/msg/detail/key_point3_d_array__rosidl_typesupport_fastrtps_c.h
-- Up-to-date: /home/unita/ros2_ws/install/interfaces_control_pkg/include/interfaces_control_pkg/interfaces_control_pkg/msg/detail/bounding_box3_d__rosidl_typesupport_fastrtps_c.h
-- Up-to-date: /home/unita/ros2_ws/install/interfaces_control_pkg/include/interfaces_control_pkg/interfaces_control_pkg/msg/detail/key_point2_d__rosidl_typesupport_fastrtps_c.h
-- Up-to-date: /home/unita/ros2_ws/install/interfaces_control_pkg/lib/libinterfaces_control_pkg__rosidl_typesupport_fastrtps_c.so
-- Up-to-date: /home/unita/ros2_ws/install/interfaces_control_pkg/include/interfaces_control_pkg/interfaces_control_pkg
-- Up-to-date: /home/unita/ros2_ws/install/interfaces_control_pkg/include/interfaces_control_pkg/interfaces_control_pkg/msg
-- Up-to-date: /home/unita/ros2_ws/install/interfaces_control_pkg/include/interfaces_control_pkg/interfaces_control_pkg/msg/rosidl_typesupport_introspection_c__visibility_control.h
-- Up-to-date: /home/unita/ros2_ws/install/interfaces_control_pkg/include/interfaces_control_pkg/interfaces_control_pkg/msg/detail
-- Up-to-date: /home/unita/ros2_ws/install/interfaces_control_pkg/include/interfaces_control_pkg/interfaces_control_pkg/msg/detail/cone_info__rosidl_typesupport_introspection_c.h
-- Up-to-date: /home/unita/ros2_ws/install/interfaces_control_pkg/include/interfaces_control_pkg/interfaces_control_pkg/msg/detail/mask__type_support.c
-- Up-to-date: /home/unita/ros2_ws/install/interfaces_control_pkg/include/interfaces_control_pkg/interfaces_control_pkg/msg/detail/detection__rosidl_typesupport_introspection_c.h
-- Up-to-date: /home/unita/ros2_ws/install/interfaces_control_pkg/include/interfaces_control_pkg/interfaces_control_pkg/msg/detail/vector2__type_support.c
-- Up-to-date: /home/unita/ros2_ws/install/interfaces_control_pkg/include/interfaces_control_pkg/interfaces_control_pkg/msg/detail/target_point__type_support.c
-- Up-to-date: /home/unita/ros2_ws/install/interfaces_control_pkg/include/interfaces_control_pkg/interfaces_control_pkg/msg/detail/bounding_box3_d__rosidl_typesupport_introspection_c.h
-- Up-to-date: /home/unita/ros2_ws/install/interfaces_control_pkg/include/interfaces_control_pkg/interfaces_control_pkg/msg/detail/key_point2_d__rosidl_typesupport_introspection_c.h
-- Up-to-date: /home/unita/ros2_ws/install/interfaces_control_pkg/include/interfaces_control_pkg/interfaces_control_pkg/msg/detail/key_point3_d_array__rosidl_typesupport_introspection_c.h
-- Up-to-date: /home/unita/ros2_ws/install/interfaces_control_pkg/include/interfaces_control_pkg/interfaces_control_pkg/msg/detail/point2_d__type_support.c
-- Up-to-date: /home/unita/ros2_ws/install/interfaces_control_pkg/include/interfaces_control_pkg/interfaces_control_pkg/msg/detail/pose2_d__type_support.c
-- Up-to-date: /home/unita/ros2_ws/install/interfaces_control_pkg/include/interfaces_control_pkg/interfaces_control_pkg/msg/detail/cone_info__type_support.c
-- Up-to-date: /home/unita/ros2_ws/install/interfaces_control_pkg/include/interfaces_control_pkg/interfaces_control_pkg/msg/detail/point2_d__rosidl_typesupport_introspection_c.h
-- Up-to-date: /home/unita/ros2_ws/install/interfaces_control_pkg/include/interfaces_control_pkg/interfaces_control_pkg/msg/detail/erp_cmd_msg__rosidl_typesupport_introspection_c.h
-- Up-to-date: /home/unita/ros2_ws/install/interfaces_control_pkg/include/interfaces_control_pkg/interfaces_control_pkg/msg/detail/cone_info_array__rosidl_typesupport_introspection_c.h
-- Up-to-date: /home/unita/ros2_ws/install/interfaces_control_pkg/include/interfaces_control_pkg/interfaces_control_pkg/msg/detail/target_point__rosidl_typesupport_introspection_c.h
-- Up-to-date: /home/unita/ros2_ws/install/interfaces_control_pkg/include/interfaces_control_pkg/interfaces_control_pkg/msg/detail/path_planning_result__rosidl_typesupport_introspection_c.h
-- Up-to-date: /home/unita/ros2_ws/install/interfaces_control_pkg/include/interfaces_control_pkg/interfaces_control_pkg/msg/detail/key_point3_d_array__type_support.c
-- Up-to-date: /home/unita/ros2_ws/install/interfaces_control_pkg/include/interfaces_control_pkg/interfaces_control_pkg/msg/detail/bounding_box2_d__type_support.c
-- Up-to-date: /home/unita/ros2_ws/install/interfaces_control_pkg/include/interfaces_control_pkg/interfaces_control_pkg/msg/detail/vector2__rosidl_typesupport_introspection_c.h
-- Up-to-date: /home/unita/ros2_ws/install/interfaces_control_pkg/include/interfaces_control_pkg/interfaces_control_pkg/msg/detail/pose2_d__rosidl_typesupport_introspection_c.h
-- Up-to-date: /home/unita/ros2_ws/install/interfaces_control_pkg/include/interfaces_control_pkg/interfaces_control_pkg/msg/detail/cone_info_array__type_support.c
-- Up-to-date: /home/unita/ros2_ws/install/interfaces_control_pkg/include/interfaces_control_pkg/interfaces_control_pkg/msg/detail/lane_info__type_support.c
-- Up-to-date: /home/unita/ros2_ws/install/interfaces_control_pkg/include/interfaces_control_pkg/interfaces_control_pkg/msg/detail/erp_status_msg__type_support.c
-- Up-to-date: /home/unita/ros2_ws/install/interfaces_control_pkg/include/interfaces_control_pkg/interfaces_control_pkg/msg/detail/path_planning_result__type_support.c
-- Up-to-date: /home/unita/ros2_ws/install/interfaces_control_pkg/include/interfaces_control_pkg/interfaces_control_pkg/msg/detail/motion_command__type_support.c
-- Up-to-date: /home/unita/ros2_ws/install/interfaces_control_pkg/include/interfaces_control_pkg/interfaces_control_pkg/msg/detail/key_point3_d__rosidl_typesupport_introspection_c.h
-- Up-to-date: /home/unita/ros2_ws/install/interfaces_control_pkg/include/interfaces_control_pkg/interfaces_control_pkg/msg/detail/motion_command__rosidl_typesupport_introspection_c.h
-- Up-to-date: /home/unita/ros2_ws/install/interfaces_control_pkg/include/interfaces_control_pkg/interfaces_control_pkg/msg/detail/detection_array__rosidl_typesupport_introspection_c.h
-- Up-to-date: /home/unita/ros2_ws/install/interfaces_control_pkg/include/interfaces_control_pkg/interfaces_control_pkg/msg/detail/bounding_box3_d__type_support.c
-- Up-to-date: /home/unita/ros2_ws/install/interfaces_control_pkg/include/interfaces_control_pkg/interfaces_control_pkg/msg/detail/detection_array__type_support.c
-- Up-to-date: /home/unita/ros2_ws/install/interfaces_control_pkg/include/interfaces_control_pkg/interfaces_control_pkg/msg/detail/detection__type_support.c
-- Up-to-date: /home/unita/ros2_ws/install/interfaces_control_pkg/include/interfaces_control_pkg/interfaces_control_pkg/msg/detail/key_point3_d__type_support.c
-- Up-to-date: /home/unita/ros2_ws/install/interfaces_control_pkg/include/interfaces_control_pkg/interfaces_control_pkg/msg/detail/key_point2_d__type_support.c
-- Up-to-date: /home/unita/ros2_ws/install/interfaces_control_pkg/include/interfaces_control_pkg/interfaces_control_pkg/msg/detail/key_point2_d_array__rosidl_typesupport_introspection_c.h
-- Up-to-date: /home/unita/ros2_ws/install/interfaces_control_pkg/include/interfaces_control_pkg/interfaces_control_pkg/msg/detail/bounding_box2_d__rosidl_typesupport_introspection_c.h
-- Up-to-date: /home/unita/ros2_ws/install/interfaces_control_pkg/include/interfaces_control_pkg/interfaces_control_pkg/msg/detail/key_point2_d_array__type_support.c
-- Up-to-date: /home/unita/ros2_ws/install/interfaces_control_pkg/include/interfaces_control_pkg/interfaces_control_pkg/msg/detail/erp_status_msg__rosidl_typesupport_introspection_c.h
-- Up-to-date: /home/unita/ros2_ws/install/interfaces_control_pkg/include/interfaces_control_pkg/interfaces_control_pkg/msg/detail/mask__rosidl_typesupport_introspection_c.h
-- Up-to-date: /home/unita/ros2_ws/install/interfaces_control_pkg/include/interfaces_control_pkg/interfaces_control_pkg/msg/detail/lane_info__rosidl_typesupport_introspection_c.h
-- Up-to-date: /home/unita/ros2_ws/install/interfaces_control_pkg/include/interfaces_control_pkg/interfaces_control_pkg/msg/detail/erp_cmd_msg__type_support.c
-- Up-to-date: /home/unita/ros2_ws/install/interfaces_control_pkg/lib/libinterfaces_control_pkg__rosidl_typesupport_introspection_c.so
-- Up-to-date: /home/unita/ros2_ws/install/interfaces_control_pkg/lib/libinterfaces_control_pkg__rosidl_typesupport_c.so
-- Up-to-date: /home/unita/ros2_ws/install/interfaces_control_pkg/include/interfaces_control_pkg/interfaces_control_pkg
-- Up-to-date: /home/unita/ros2_ws/install/interfaces_control_pkg/include/interfaces_control_pkg/interfaces_control_pkg/msg
-- Up-to-date: /home/unita/ros2_ws/install/interfaces_control_pkg/include/interfaces_control_pkg/interfaces_control_pkg/msg/detection.hpp
-- Up-to-date: /home/unita/ros2_ws/install/interfaces_control_pkg/include/interfaces_control_pkg/interfaces_control_pkg/msg/key_point2_d.hpp
-- Up-to-date: /home/unita/ros2_ws/install/interfaces_control_pkg/include/interfaces_control_pkg/interfaces_control_pkg/msg/key_point3_d.hpp
-- Up-to-date: /home/unita/ros2_ws/install/interfaces_control_pkg/include/interfaces_control_pkg/interfaces_control_pkg/msg/detection_array.hpp
-- Up-to-date: /home/unita/ros2_ws/install/interfaces_control_pkg/include/interfaces_control_pkg/interfaces_control_pkg/msg/vector2.hpp
-- Up-to-date: /home/unita/ros2_ws/install/interfaces_control_pkg/include/interfaces_control_pkg/interfaces_control_pkg/msg/cone_info_array.hpp
-- Up-to-date: /home/unita/ros2_ws/install/interfaces_control_pkg/include/interfaces_control_pkg/interfaces_control_pkg/msg/erp_cmd_msg.hpp
-- Up-to-date: /home/unita/ros2_ws/install/interfaces_control_pkg/include/interfaces_control_pkg/interfaces_control_pkg/msg/mask.hpp
-- Up-to-date: /home/unita/ros2_ws/install/interfaces_control_pkg/include/interfaces_control_pkg/interfaces_control_pkg/msg/motion_command.hpp
-- Up-to-date: /home/unita/ros2_ws/install/interfaces_control_pkg/include/interfaces_control_pkg/interfaces_control_pkg/msg/bounding_box3_d.hpp
-- Up-to-date: /home/unita/ros2_ws/install/interfaces_control_pkg/include/interfaces_control_pkg/interfaces_control_pkg/msg/target_point.hpp
-- Up-to-date: /home/unita/ros2_ws/install/interfaces_control_pkg/include/interfaces_control_pkg/interfaces_control_pkg/msg/rosidl_generator_cpp__visibility_control.hpp
-- Up-to-date: /home/unita/ros2_ws/install/interfaces_control_pkg/include/interfaces_control_pkg/interfaces_control_pkg/msg/lane_info.hpp
-- Up-to-date: /home/unita/ros2_ws/install/interfaces_control_pkg/include/interfaces_control_pkg/interfaces_control_pkg/msg/path_planning_result.hpp
-- Up-to-date: /home/unita/ros2_ws/install/interfaces_control_pkg/include/interfaces_control_pkg/interfaces_control_pkg/msg/key_point3_d_array.hpp
-- Up-to-date: /home/unita/ros2_ws/install/interfaces_control_pkg/include/interfaces_control_pkg/interfaces_control_pkg/msg/bounding_box2_d.hpp
-- Up-to-date: /home/unita/ros2_ws/install/interfaces_control_pkg/include/interfaces_control_pkg/interfaces_control_pkg/msg/erp_status_msg.hpp
-- Up-to-date: /home/unita/ros2_ws/install/interfaces_control_pkg/include/interfaces_control_pkg/interfaces_control_pkg/msg/cone_info.hpp
-- Up-to-date: /home/unita/ros2_ws/install/interfaces_control_pkg/include/interfaces_control_pkg/interfaces_control_pkg/msg/pose2_d.hpp
-- Up-to-date: /home/unita/ros2_ws/install/interfaces_control_pkg/include/interfaces_control_pkg/interfaces_control_pkg/msg/point2_d.hpp
-- Up-to-date: /home/unita/ros2_ws/install/interfaces_control_pkg/include/interfaces_control_pkg/interfaces_control_pkg/msg/key_point2_d_array.hpp
-- Up-to-date: /home/unita/ros2_ws/install/interfaces_control_pkg/include/interfaces_control_pkg/interfaces_control_pkg/msg/detail
-- Up-to-date: /home/unita/ros2_ws/install/interfaces_control_pkg/include/interfaces_control_pkg/interfaces_control_pkg/msg/detail/bounding_box2_d__struct.hpp
-- Up-to-date: /home/unita/ros2_ws/install/interfaces_control_pkg/include/interfaces_control_pkg/interfaces_control_pkg/msg/detail/point2_d__type_support.hpp
-- Up-to-date: /home/unita/ros2_ws/install/interfaces_control_pkg/include/interfaces_control_pkg/interfaces_control_pkg/msg/detail/key_point3_d__traits.hpp
-- Up-to-date: /home/unita/ros2_ws/install/interfaces_control_pkg/include/interfaces_control_pkg/interfaces_control_pkg/msg/detail/motion_command__type_support.hpp
-- Up-to-date: /home/unita/ros2_ws/install/interfaces_control_pkg/include/interfaces_control_pkg/interfaces_control_pkg/msg/detail/erp_cmd_msg__type_support.hpp
-- Up-to-date: /home/unita/ros2_ws/install/interfaces_control_pkg/include/interfaces_control_pkg/interfaces_control_pkg/msg/detail/bounding_box2_d__traits.hpp
-- Up-to-date: /home/unita/ros2_ws/install/interfaces_control_pkg/include/interfaces_control_pkg/interfaces_control_pkg/msg/detail/lane_info__traits.hpp
-- Up-to-date: /home/unita/ros2_ws/install/interfaces_control_pkg/include/interfaces_control_pkg/interfaces_control_pkg/msg/detail/key_point3_d__struct.hpp
-- Up-to-date: /home/unita/ros2_ws/install/interfaces_control_pkg/include/interfaces_control_pkg/interfaces_control_pkg/msg/detail/key_point2_d__type_support.hpp
-- Up-to-date: /home/unita/ros2_ws/install/interfaces_control_pkg/include/interfaces_control_pkg/interfaces_control_pkg/msg/detail/detection__builder.hpp
-- Up-to-date: /home/unita/ros2_ws/install/interfaces_control_pkg/include/interfaces_control_pkg/interfaces_control_pkg/msg/detail/point2_d__traits.hpp
-- Up-to-date: /home/unita/ros2_ws/install/interfaces_control_pkg/include/interfaces_control_pkg/interfaces_control_pkg/msg/detail/erp_status_msg__builder.hpp
-- Up-to-date: /home/unita/ros2_ws/install/interfaces_control_pkg/include/interfaces_control_pkg/interfaces_control_pkg/msg/detail/detection__traits.hpp
-- Up-to-date: /home/unita/ros2_ws/install/interfaces_control_pkg/include/interfaces_control_pkg/interfaces_control_pkg/msg/detail/key_point2_d__struct.hpp
-- Up-to-date: /home/unita/ros2_ws/install/interfaces_control_pkg/include/interfaces_control_pkg/interfaces_control_pkg/msg/detail/erp_cmd_msg__struct.hpp
-- Up-to-date: /home/unita/ros2_ws/install/interfaces_control_pkg/include/interfaces_control_pkg/interfaces_control_pkg/msg/detail/bounding_box2_d__builder.hpp
-- Up-to-date: /home/unita/ros2_ws/install/interfaces_control_pkg/include/interfaces_control_pkg/interfaces_control_pkg/msg/detail/path_planning_result__type_support.hpp
-- Up-to-date: /home/unita/ros2_ws/install/interfaces_control_pkg/include/interfaces_control_pkg/interfaces_control_pkg/msg/detail/lane_info__struct.hpp
-- Up-to-date: /home/unita/ros2_ws/install/interfaces_control_pkg/include/interfaces_control_pkg/interfaces_control_pkg/msg/detail/pose2_d__traits.hpp
-- Up-to-date: /home/unita/ros2_ws/install/interfaces_control_pkg/include/interfaces_control_pkg/interfaces_control_pkg/msg/detail/mask__traits.hpp
-- Up-to-date: /home/unita/ros2_ws/install/interfaces_control_pkg/include/interfaces_control_pkg/interfaces_control_pkg/msg/detail/lane_info__builder.hpp
-- Up-to-date: /home/unita/ros2_ws/install/interfaces_control_pkg/include/interfaces_control_pkg/interfaces_control_pkg/msg/detail/point2_d__struct.hpp
-- Up-to-date: /home/unita/ros2_ws/install/interfaces_control_pkg/include/interfaces_control_pkg/interfaces_control_pkg/msg/detail/vector2__type_support.hpp
-- Up-to-date: /home/unita/ros2_ws/install/interfaces_control_pkg/include/interfaces_control_pkg/interfaces_control_pkg/msg/detail/motion_command__struct.hpp
-- Up-to-date: /home/unita/ros2_ws/install/interfaces_control_pkg/include/interfaces_control_pkg/interfaces_control_pkg/msg/detail/key_point2_d_array__type_support.hpp
-- Up-to-date: /home/unita/ros2_ws/install/interfaces_control_pkg/include/interfaces_control_pkg/interfaces_control_pkg/msg/detail/vector2__traits.hpp
-- Up-to-date: /home/unita/ros2_ws/install/interfaces_control_pkg/include/interfaces_control_pkg/interfaces_control_pkg/msg/detail/detection_array__struct.hpp
-- Up-to-date: /home/unita/ros2_ws/install/interfaces_control_pkg/include/interfaces_control_pkg/interfaces_control_pkg/msg/detail/key_point2_d_array__traits.hpp
-- Up-to-date: /home/unita/ros2_ws/install/interfaces_control_pkg/include/interfaces_control_pkg/interfaces_control_pkg/msg/detail/cone_info__builder.hpp
-- Up-to-date: /home/unita/ros2_ws/install/interfaces_control_pkg/include/interfaces_control_pkg/interfaces_control_pkg/msg/detail/detection__type_support.hpp
-- Up-to-date: /home/unita/ros2_ws/install/interfaces_control_pkg/include/interfaces_control_pkg/interfaces_control_pkg/msg/detail/pose2_d__type_support.hpp
-- Up-to-date: /home/unita/ros2_ws/install/interfaces_control_pkg/include/interfaces_control_pkg/interfaces_control_pkg/msg/detail/cone_info__traits.hpp
-- Up-to-date: /home/unita/ros2_ws/install/interfaces_control_pkg/include/interfaces_control_pkg/interfaces_control_pkg/msg/detail/cone_info_array__builder.hpp
-- Up-to-date: /home/unita/ros2_ws/install/interfaces_control_pkg/include/interfaces_control_pkg/interfaces_control_pkg/msg/detail/key_point2_d_array__struct.hpp
-- Up-to-date: /home/unita/ros2_ws/install/interfaces_control_pkg/include/interfaces_control_pkg/interfaces_control_pkg/msg/detail/path_planning_result__struct.hpp
-- Up-to-date: /home/unita/ros2_ws/install/interfaces_control_pkg/include/interfaces_control_pkg/interfaces_control_pkg/msg/detail/bounding_box3_d__builder.hpp
-- Up-to-date: /home/unita/ros2_ws/install/interfaces_control_pkg/include/interfaces_control_pkg/interfaces_control_pkg/msg/detail/key_point3_d_array__builder.hpp
-- Up-to-date: /home/unita/ros2_ws/install/interfaces_control_pkg/include/interfaces_control_pkg/interfaces_control_pkg/msg/detail/key_point2_d_array__builder.hpp
-- Up-to-date: /home/unita/ros2_ws/install/interfaces_control_pkg/include/interfaces_control_pkg/interfaces_control_pkg/msg/detail/bounding_box3_d__struct.hpp
-- Up-to-date: /home/unita/ros2_ws/install/interfaces_control_pkg/include/interfaces_control_pkg/interfaces_control_pkg/msg/detail/key_point3_d_array__type_support.hpp
-- Up-to-date: /home/unita/ros2_ws/install/interfaces_control_pkg/include/interfaces_control_pkg/interfaces_control_pkg/msg/detail/cone_info__type_support.hpp
-- Up-to-date: /home/unita/ros2_ws/install/interfaces_control_pkg/include/interfaces_control_pkg/interfaces_control_pkg/msg/detail/bounding_box2_d__type_support.hpp
-- Up-to-date: /home/unita/ros2_ws/install/interfaces_control_pkg/include/interfaces_control_pkg/interfaces_control_pkg/msg/detail/bounding_box3_d__type_support.hpp
-- Up-to-date: /home/unita/ros2_ws/install/interfaces_control_pkg/include/interfaces_control_pkg/interfaces_control_pkg/msg/detail/key_point3_d_array__traits.hpp
-- Up-to-date: /home/unita/ros2_ws/install/interfaces_control_pkg/include/interfaces_control_pkg/interfaces_control_pkg/msg/detail/mask__struct.hpp
-- Up-to-date: /home/unita/ros2_ws/install/interfaces_control_pkg/include/interfaces_control_pkg/interfaces_control_pkg/msg/detail/cone_info_array__struct.hpp
-- Up-to-date: /home/unita/ros2_ws/install/interfaces_control_pkg/include/interfaces_control_pkg/interfaces_control_pkg/msg/detail/key_point3_d__type_support.hpp
-- Up-to-date: /home/unita/ros2_ws/install/interfaces_control_pkg/include/interfaces_control_pkg/interfaces_control_pkg/msg/detail/target_point__type_support.hpp
-- Up-to-date: /home/unita/ros2_ws/install/interfaces_control_pkg/include/interfaces_control_pkg/interfaces_control_pkg/msg/detail/point2_d__builder.hpp
-- Up-to-date: /home/unita/ros2_ws/install/interfaces_control_pkg/include/interfaces_control_pkg/interfaces_control_pkg/msg/detail/vector2__builder.hpp
-- Up-to-date: /home/unita/ros2_ws/install/interfaces_control_pkg/include/interfaces_control_pkg/interfaces_control_pkg/msg/detail/vector2__struct.hpp
-- Up-to-date: /home/unita/ros2_ws/install/interfaces_control_pkg/include/interfaces_control_pkg/interfaces_control_pkg/msg/detail/target_point__builder.hpp
-- Up-to-date: /home/unita/ros2_ws/install/interfaces_control_pkg/include/interfaces_control_pkg/interfaces_control_pkg/msg/detail/key_point2_d__traits.hpp
-- Up-to-date: /home/unita/ros2_ws/install/interfaces_control_pkg/include/interfaces_control_pkg/interfaces_control_pkg/msg/detail/cone_info_array__type_support.hpp
-- Up-to-date: /home/unita/ros2_ws/install/interfaces_control_pkg/include/interfaces_control_pkg/interfaces_control_pkg/msg/detail/detection_array__type_support.hpp
-- Up-to-date: /home/unita/ros2_ws/install/interfaces_control_pkg/include/interfaces_control_pkg/interfaces_control_pkg/msg/detail/erp_cmd_msg__traits.hpp
-- Up-to-date: /home/unita/ros2_ws/install/interfaces_control_pkg/include/interfaces_control_pkg/interfaces_control_pkg/msg/detail/mask__type_support.hpp
-- Up-to-date: /home/unita/ros2_ws/install/interfaces_control_pkg/include/interfaces_control_pkg/interfaces_control_pkg/msg/detail/pose2_d__builder.hpp
-- Up-to-date: /home/unita/ros2_ws/install/interfaces_control_pkg/include/interfaces_control_pkg/interfaces_control_pkg/msg/detail/detection__struct.hpp
-- Up-to-date: /home/unita/ros2_ws/install/interfaces_control_pkg/include/interfaces_control_pkg/interfaces_control_pkg/msg/detail/key_point3_d__builder.hpp
-- Up-to-date: /home/unita/ros2_ws/install/interfaces_control_pkg/include/interfaces_control_pkg/interfaces_control_pkg/msg/detail/target_point__traits.hpp
-- Up-to-date: /home/unita/ros2_ws/install/interfaces_control_pkg/include/interfaces_control_pkg/interfaces_control_pkg/msg/detail/motion_command__builder.hpp
-- Up-to-date: /home/unita/ros2_ws/install/interfaces_control_pkg/include/interfaces_control_pkg/interfaces_control_pkg/msg/detail/erp_status_msg__struct.hpp
-- Up-to-date: /home/unita/ros2_ws/install/interfaces_control_pkg/include/interfaces_control_pkg/interfaces_control_pkg/msg/detail/cone_info_array__traits.hpp
-- Up-to-date: /home/unita/ros2_ws/install/interfaces_control_pkg/include/interfaces_control_pkg/interfaces_control_pkg/msg/detail/detection_array__builder.hpp
-- Up-to-date: /home/unita/ros2_ws/install/interfaces_control_pkg/include/interfaces_control_pkg/interfaces_control_pkg/msg/detail/motion_command__traits.hpp
-- Up-to-date: /home/unita/ros2_ws/install/interfaces_control_pkg/include/interfaces_control_pkg/interfaces_control_pkg/msg/detail/target_point__struct.hpp
-- Up-to-date: /home/unita/ros2_ws/install/interfaces_control_pkg/include/interfaces_control_pkg/interfaces_control_pkg/msg/detail/cone_info__struct.hpp
-- Up-to-date: /home/unita/ros2_ws/install/interfaces_control_pkg/include/interfaces_control_pkg/interfaces_control_pkg/msg/detail/path_planning_result__traits.hpp
-- Up-to-date: /home/unita/ros2_ws/install/interfaces_control_pkg/include/interfaces_control_pkg/interfaces_control_pkg/msg/detail/mask__builder.hpp
-- Up-to-date: /home/unita/ros2_ws/install/interfaces_control_pkg/include/interfaces_control_pkg/interfaces_control_pkg/msg/detail/erp_status_msg__traits.hpp
-- Up-to-date: /home/unita/ros2_ws/install/interfaces_control_pkg/include/interfaces_control_pkg/interfaces_control_pkg/msg/detail/key_point3_d_array__struct.hpp
-- Up-to-date: /home/unita/ros2_ws/install/interfaces_control_pkg/include/interfaces_control_pkg/interfaces_control_pkg/msg/detail/lane_info__type_support.hpp
-- Up-to-date: /home/unita/ros2_ws/install/interfaces_control_pkg/include/interfaces_control_pkg/interfaces_control_pkg/msg/detail/key_point2_d__builder.hpp
-- Up-to-date: /home/unita/ros2_ws/install/interfaces_control_pkg/include/interfaces_control_pkg/interfaces_control_pkg/msg/detail/erp_status_msg__type_support.hpp
-- Up-to-date: /home/unita/ros2_ws/install/interfaces_control_pkg/include/interfaces_control_pkg/interfaces_control_pkg/msg/detail/erp_cmd_msg__builder.hpp
-- Up-to-date: /home/unita/ros2_ws/install/interfaces_control_pkg/include/interfaces_control_pkg/interfaces_control_pkg/msg/detail/detection_array__traits.hpp
-- Up-to-date: /home/unita/ros2_ws/install/interfaces_control_pkg/include/interfaces_control_pkg/interfaces_control_pkg/msg/detail/bounding_box3_d__traits.hpp
-- Up-to-date: /home/unita/ros2_ws/install/interfaces_control_pkg/include/interfaces_control_pkg/interfaces_control_pkg/msg/detail/pose2_d__struct.hpp
-- Up-to-date: /home/unita/ros2_ws/install/interfaces_control_pkg/include/interfaces_control_pkg/interfaces_control_pkg/msg/detail/path_planning_result__builder.hpp
-- Up-to-date: /home/unita/ros2_ws/install/interfaces_control_pkg/include/interfaces_control_pkg/interfaces_control_pkg
-- Up-to-date: /home/unita/ros2_ws/install/interfaces_control_pkg/include/interfaces_control_pkg/interfaces_control_pkg/msg
-- Up-to-date: /home/unita/ros2_ws/install/interfaces_control_pkg/include/interfaces_control_pkg/interfaces_control_pkg/msg/rosidl_typesupport_fastrtps_cpp__visibility_control.h
-- Up-to-date: /home/unita/ros2_ws/install/interfaces_control_pkg/include/interfaces_control_pkg/interfaces_control_pkg/msg/detail
-- Up-to-date: /home/unita/ros2_ws/install/interfaces_control_pkg/include/interfaces_control_pkg/interfaces_control_pkg/msg/detail/point2_d__rosidl_typesupport_fastrtps_cpp.hpp
-- Up-to-date: /home/unita/ros2_ws/install/interfaces_control_pkg/include/interfaces_control_pkg/interfaces_control_pkg/msg/detail/cone_info_array__rosidl_typesupport_fastrtps_cpp.hpp
-- Up-to-date: /home/unita/ros2_ws/install/interfaces_control_pkg/include/interfaces_control_pkg/interfaces_control_pkg/msg/detail/cone_info__rosidl_typesupport_fastrtps_cpp.hpp
-- Up-to-date: /home/unita/ros2_ws/install/interfaces_control_pkg/include/interfaces_control_pkg/interfaces_control_pkg/msg/detail/bounding_box3_d__rosidl_typesupport_fastrtps_cpp.hpp
-- Up-to-date: /home/unita/ros2_ws/install/interfaces_control_pkg/include/interfaces_control_pkg/interfaces_control_pkg/msg/detail/key_point3_d__rosidl_typesupport_fastrtps_cpp.hpp
-- Up-to-date: /home/unita/ros2_ws/install/interfaces_control_pkg/include/interfaces_control_pkg/interfaces_control_pkg/msg/detail/key_point2_d_array__rosidl_typesupport_fastrtps_cpp.hpp
-- Up-to-date: /home/unita/ros2_ws/install/interfaces_control_pkg/include/interfaces_control_pkg/interfaces_control_pkg/msg/detail/path_planning_result__rosidl_typesupport_fastrtps_cpp.hpp
-- Up-to-date: /home/unita/ros2_ws/install/interfaces_control_pkg/include/interfaces_control_pkg/interfaces_control_pkg/msg/detail/vector2__rosidl_typesupport_fastrtps_cpp.hpp
-- Up-to-date: /home/unita/ros2_ws/install/interfaces_control_pkg/include/interfaces_control_pkg/interfaces_control_pkg/msg/detail/detection__rosidl_typesupport_fastrtps_cpp.hpp
-- Up-to-date: /home/unita/ros2_ws/install/interfaces_control_pkg/include/interfaces_control_pkg/interfaces_control_pkg/msg/detail/lane_info__rosidl_typesupport_fastrtps_cpp.hpp
-- Up-to-date: /home/unita/ros2_ws/install/interfaces_control_pkg/include/interfaces_control_pkg/interfaces_control_pkg/msg/detail/mask__rosidl_typesupport_fastrtps_cpp.hpp
-- Up-to-date: /home/unita/ros2_ws/install/interfaces_control_pkg/include/interfaces_control_pkg/interfaces_control_pkg/msg/detail/key_point3_d_array__rosidl_typesupport_fastrtps_cpp.hpp
-- Up-to-date: /home/unita/ros2_ws/install/interfaces_control_pkg/include/interfaces_control_pkg/interfaces_control_pkg/msg/detail/pose2_d__rosidl_typesupport_fastrtps_cpp.hpp
-- Up-to-date: /home/unita/ros2_ws/install/interfaces_control_pkg/include/interfaces_control_pkg/interfaces_control_pkg/msg/detail/key_point2_d__rosidl_typesupport_fastrtps_cpp.hpp
-- Up-to-date: /home/unita/ros2_ws/install/interfaces_control_pkg/include/interfaces_control_pkg/interfaces_control_pkg/msg/detail/motion_command__rosidl_typesupport_fastrtps_cpp.hpp
-- Up-to-date: /home/unita/ros2_ws/install/interfaces_control_pkg/include/interfaces_control_pkg/interfaces_control_pkg/msg/detail/erp_status_msg__rosidl_typesupport_fastrtps_cpp.hpp
-- Up-to-date: /home/unita/ros2_ws/install/interfaces_control_pkg/include/interfaces_control_pkg/interfaces_control_pkg/msg/detail/detection_array__rosidl_typesupport_fastrtps_cpp.hpp
-- Up-to-date: /home/unita/ros2_ws/install/interfaces_control_pkg/include/interfaces_control_pkg/interfaces_control_pkg/msg/detail/bounding_box2_d__rosidl_typesupport_fastrtps_cpp.hpp
-- Up-to-date: /home/unita/ros2_ws/install/interfaces_control_pkg/include/interfaces_control_pkg/interfaces_control_pkg/msg/detail/erp_cmd_msg__rosidl_typesupport_fastrtps_cpp.hpp
-- Up-to-date: /home/unita/ros2_ws/install/interfaces_control_pkg/include/interfaces_control_pkg/interfaces_control_pkg/msg/detail/target_point__rosidl_typesupport_fastrtps_cpp.hpp
-- Up-to-date: /home/unita/ros2_ws/install/interfaces_control_pkg/include/interfaces_control_pkg/interfaces_control_pkg/msg/detail/dds_fastrtps
-- Up-to-date: /home/unita/ros2_ws/install/interfaces_control_pkg/lib/libinterfaces_control_pkg__rosidl_typesupport_fastrtps_cpp.so
-- Up-to-date: /home/unita/ros2_ws/install/interfaces_control_pkg/include/interfaces_control_pkg/interfaces_control_pkg
-- Up-to-date: /home/unita/ros2_ws/install/interfaces_control_pkg/include/interfaces_control_pkg/interfaces_control_pkg/msg
-- Up-to-date: /home/unita/ros2_ws/install/interfaces_control_pkg/include/interfaces_control_pkg/interfaces_control_pkg/msg/detail
-- Up-to-date: /home/unita/ros2_ws/install/interfaces_control_pkg/include/interfaces_control_pkg/interfaces_control_pkg/msg/detail/key_point3_d__type_support.cpp
-- Up-to-date: /home/unita/ros2_ws/install/interfaces_control_pkg/include/interfaces_control_pkg/interfaces_control_pkg/msg/detail/detection__rosidl_typesupport_introspection_cpp.hpp
-- Up-to-date: /home/unita/ros2_ws/install/interfaces_control_pkg/include/interfaces_control_pkg/interfaces_control_pkg/msg/detail/vector2__rosidl_typesupport_introspection_cpp.hpp
-- Up-to-date: /home/unita/ros2_ws/install/interfaces_control_pkg/include/interfaces_control_pkg/interfaces_control_pkg/msg/detail/path_planning_result__rosidl_typesupport_introspection_cpp.hpp
-- Up-to-date: /home/unita/ros2_ws/install/interfaces_control_pkg/include/interfaces_control_pkg/interfaces_control_pkg/msg/detail/vector2__type_support.cpp
-- Up-to-date: /home/unita/ros2_ws/install/interfaces_control_pkg/include/interfaces_control_pkg/interfaces_control_pkg/msg/detail/target_point__rosidl_typesupport_introspection_cpp.hpp
-- Up-to-date: /home/unita/ros2_ws/install/interfaces_control_pkg/include/interfaces_control_pkg/interfaces_control_pkg/msg/detail/detection__type_support.cpp
-- Up-to-date: /home/unita/ros2_ws/install/interfaces_control_pkg/include/interfaces_control_pkg/interfaces_control_pkg/msg/detail/pose2_d__type_support.cpp
-- Up-to-date: /home/unita/ros2_ws/install/interfaces_control_pkg/include/interfaces_control_pkg/interfaces_control_pkg/msg/detail/detection_array__type_support.cpp
-- Up-to-date: /home/unita/ros2_ws/install/interfaces_control_pkg/include/interfaces_control_pkg/interfaces_control_pkg/msg/detail/cone_info_array__type_support.cpp
-- Up-to-date: /home/unita/ros2_ws/install/interfaces_control_pkg/include/interfaces_control_pkg/interfaces_control_pkg/msg/detail/mask__rosidl_typesupport_introspection_cpp.hpp
-- Up-to-date: /home/unita/ros2_ws/install/interfaces_control_pkg/include/interfaces_control_pkg/interfaces_control_pkg/msg/detail/erp_cmd_msg__rosidl_typesupport_introspection_cpp.hpp
-- Up-to-date: /home/unita/ros2_ws/install/interfaces_control_pkg/include/interfaces_control_pkg/interfaces_control_pkg/msg/detail/cone_info__rosidl_typesupport_introspection_cpp.hpp
-- Up-to-date: /home/unita/ros2_ws/install/interfaces_control_pkg/include/interfaces_control_pkg/interfaces_control_pkg/msg/detail/bounding_box2_d__type_support.cpp
-- Up-to-date: /home/unita/ros2_ws/install/interfaces_control_pkg/include/interfaces_control_pkg/interfaces_control_pkg/msg/detail/pose2_d__rosidl_typesupport_introspection_cpp.hpp
-- Up-to-date: /home/unita/ros2_ws/install/interfaces_control_pkg/include/interfaces_control_pkg/interfaces_control_pkg/msg/detail/lane_info__type_support.cpp
-- Up-to-date: /home/unita/ros2_ws/install/interfaces_control_pkg/include/interfaces_control_pkg/interfaces_control_pkg/msg/detail/key_point2_d_array__type_support.cpp
-- Up-to-date: /home/unita/ros2_ws/install/interfaces_control_pkg/include/interfaces_control_pkg/interfaces_control_pkg/msg/detail/path_planning_result__type_support.cpp
-- Up-to-date: /home/unita/ros2_ws/install/interfaces_control_pkg/include/interfaces_control_pkg/interfaces_control_pkg/msg/detail/key_point3_d__rosidl_typesupport_introspection_cpp.hpp
-- Up-to-date: /home/unita/ros2_ws/install/interfaces_control_pkg/include/interfaces_control_pkg/interfaces_control_pkg/msg/detail/lane_info__rosidl_typesupport_introspection_cpp.hpp
-- Up-to-date: /home/unita/ros2_ws/install/interfaces_control_pkg/include/interfaces_control_pkg/interfaces_control_pkg/msg/detail/erp_status_msg__type_support.cpp
-- Up-to-date: /home/unita/ros2_ws/install/interfaces_control_pkg/include/interfaces_control_pkg/interfaces_control_pkg/msg/detail/mask__type_support.cpp
-- Up-to-date: /home/unita/ros2_ws/install/interfaces_control_pkg/include/interfaces_control_pkg/interfaces_control_pkg/msg/detail/motion_command__type_support.cpp
-- Up-to-date: /home/unita/ros2_ws/install/interfaces_control_pkg/include/interfaces_control_pkg/interfaces_control_pkg/msg/detail/erp_status_msg__rosidl_typesupport_introspection_cpp.hpp
-- Up-to-date: /home/unita/ros2_ws/install/interfaces_control_pkg/include/interfaces_control_pkg/interfaces_control_pkg/msg/detail/bounding_box3_d__rosidl_typesupport_introspection_cpp.hpp
-- Up-to-date: /home/unita/ros2_ws/install/interfaces_control_pkg/include/interfaces_control_pkg/interfaces_control_pkg/msg/detail/cone_info_array__rosidl_typesupport_introspection_cpp.hpp
-- Up-to-date: /home/unita/ros2_ws/install/interfaces_control_pkg/include/interfaces_control_pkg/interfaces_control_pkg/msg/detail/key_point2_d_array__rosidl_typesupport_introspection_cpp.hpp
-- Up-to-date: /home/unita/ros2_ws/install/interfaces_control_pkg/include/interfaces_control_pkg/interfaces_control_pkg/msg/detail/cone_info__type_support.cpp
-- Up-to-date: /home/unita/ros2_ws/install/interfaces_control_pkg/include/interfaces_control_pkg/interfaces_control_pkg/msg/detail/detection_array__rosidl_typesupport_introspection_cpp.hpp
-- Up-to-date: /home/unita/ros2_ws/install/interfaces_control_pkg/include/interfaces_control_pkg/interfaces_control_pkg/msg/detail/key_point2_d__rosidl_typesupport_introspection_cpp.hpp
-- Up-to-date: /home/unita/ros2_ws/install/interfaces_control_pkg/include/interfaces_control_pkg/interfaces_control_pkg/msg/detail/point2_d__type_support.cpp
-- Up-to-date: /home/unita/ros2_ws/install/interfaces_control_pkg/include/interfaces_control_pkg/interfaces_control_pkg/msg/detail/target_point__type_support.cpp
-- Up-to-date: /home/unita/ros2_ws/install/interfaces_control_pkg/include/interfaces_control_pkg/interfaces_control_pkg/msg/detail/key_point2_d__type_support.cpp
-- Up-to-date: /home/unita/ros2_ws/install/interfaces_control_pkg/include/interfaces_control_pkg/interfaces_control_pkg/msg/detail/motion_command__rosidl_typesupport_introspection_cpp.hpp
-- Up-to-date: /home/unita/ros2_ws/install/interfaces_control_pkg/include/interfaces_control_pkg/interfaces_control_pkg/msg/detail/bounding_box2_d__rosidl_typesupport_introspection_cpp.hpp
-- Up-to-date: /home/unita/ros2_ws/install/interfaces_control_pkg/include/interfaces_control_pkg/interfaces_control_pkg/msg/detail/bounding_box3_d__type_support.cpp
-- Up-to-date: /home/unita/ros2_ws/install/interfaces_control_pkg/include/interfaces_control_pkg/interfaces_control_pkg/msg/detail/point2_d__rosidl_typesupport_introspection_cpp.hpp
-- Up-to-date: /home/unita/ros2_ws/install/interfaces_control_pkg/include/interfaces_control_pkg/interfaces_control_pkg/msg/detail/erp_cmd_msg__type_support.cpp
-- Up-to-date: /home/unita/ros2_ws/install/interfaces_control_pkg/include/interfaces_control_pkg/interfaces_control_pkg/msg/detail/key_point3_d_array__type_support.cpp
-- Up-to-date: /home/unita/ros2_ws/install/interfaces_control_pkg/include/interfaces_control_pkg/interfaces_control_pkg/msg/detail/key_point3_d_array__rosidl_typesupport_introspection_cpp.hpp
-- Up-to-date: /home/unita/ros2_ws/install/interfaces_control_pkg/lib/libinterfaces_control_pkg__rosidl_typesupport_introspection_cpp.so
-- Up-to-date: /home/unita/ros2_ws/install/interfaces_control_pkg/lib/libinterfaces_control_pkg__rosidl_typesupport_cpp.so
-- Up-to-date: /home/unita/ros2_ws/install/interfaces_control_pkg/share/interfaces_control_pkg/environment/pythonpath.sh
-- Up-to-date: /home/unita/ros2_ws/install/interfaces_control_pkg/share/interfaces_control_pkg/environment/pythonpath.dsv
-- Up-to-date: /home/unita/ros2_ws/install/interfaces_control_pkg/local/lib/python3.10/dist-packages/interfaces_control_pkg-0.0.0-py3.10.egg-info
-- Installing: /home/unita/ros2_ws/install/interfaces_control_pkg/local/lib/python3.10/dist-packages/interfaces_control_pkg-0.0.0-py3.10.egg-info/PKG-INFO
-- Installing: /home/unita/ros2_ws/install/interfaces_control_pkg/local/lib/python3.10/dist-packages/interfaces_control_pkg-0.0.0-py3.10.egg-info/SOURCES.txt
-- Installing: /home/unita/ros2_ws/install/interfaces_control_pkg/local/lib/python3.10/dist-packages/interfaces_control_pkg-0.0.0-py3.10.egg-info/top_level.txt
-- Installing: /home/unita/ros2_ws/install/interfaces_control_pkg/local/lib/python3.10/dist-packages/interfaces_control_pkg-0.0.0-py3.10.egg-info/dependency_links.txt
-- Up-to-date: /home/unita/ros2_ws/install/interfaces_control_pkg/local/lib/python3.10/dist-packages/interfaces_control_pkg
-- Up-to-date: /home/unita/ros2_ws/install/interfaces_control_pkg/local/lib/python3.10/dist-packages/interfaces_control_pkg/interfaces_control_pkg_s__rosidl_typesupport_fastrtps_c.cpython-310-x86_64-linux-gnu.so
-- Up-to-date: /home/unita/ros2_ws/install/interfaces_control_pkg/local/lib/python3.10/dist-packages/interfaces_control_pkg/msg
-- Up-to-date: /home/unita/ros2_ws/install/interfaces_control_pkg/local/lib/python3.10/dist-packages/interfaces_control_pkg/msg/_mask.py
-- Up-to-date: /home/unita/ros2_ws/install/interfaces_control_pkg/local/lib/python3.10/dist-packages/interfaces_control_pkg/msg/_path_planning_result.py
-- Up-to-date: /home/unita/ros2_ws/install/interfaces_control_pkg/local/lib/python3.10/dist-packages/interfaces_control_pkg/msg/_erp_cmd_msg.py
-- Up-to-date: /home/unita/ros2_ws/install/interfaces_control_pkg/local/lib/python3.10/dist-packages/interfaces_control_pkg/msg/_erp_status_msg_s.c
-- Up-to-date: /home/unita/ros2_ws/install/interfaces_control_pkg/local/lib/python3.10/dist-packages/interfaces_control_pkg/msg/_erp_status_msg.py
-- Up-to-date: /home/unita/ros2_ws/install/interfaces_control_pkg/local/lib/python3.10/dist-packages/interfaces_control_pkg/msg/_erp_cmd_msg_s.c
-- Up-to-date: /home/unita/ros2_ws/install/interfaces_control_pkg/local/lib/python3.10/dist-packages/interfaces_control_pkg/msg/_key_point2_d_array_s.c
-- Up-to-date: /home/unita/ros2_ws/install/interfaces_control_pkg/local/lib/python3.10/dist-packages/interfaces_control_pkg/msg/_motion_command_s.c
-- Up-to-date: /home/unita/ros2_ws/install/interfaces_control_pkg/local/lib/python3.10/dist-packages/interfaces_control_pkg/msg/_detection_s.c
-- Up-to-date: /home/unita/ros2_ws/install/interfaces_control_pkg/local/lib/python3.10/dist-packages/interfaces_control_pkg/msg/_pose2_d.py
-- Up-to-date: /home/unita/ros2_ws/install/interfaces_control_pkg/local/lib/python3.10/dist-packages/interfaces_control_pkg/msg/_target_point.py
-- Up-to-date: /home/unita/ros2_ws/install/interfaces_control_pkg/local/lib/python3.10/dist-packages/interfaces_control_pkg/msg/_key_point2_d.py
-- Up-to-date: /home/unita/ros2_ws/install/interfaces_control_pkg/local/lib/python3.10/dist-packages/interfaces_control_pkg/msg/_lane_info.py
-- Up-to-date: /home/unita/ros2_ws/install/interfaces_control_pkg/local/lib/python3.10/dist-packages/interfaces_control_pkg/msg/_detection_array.py
-- Up-to-date: /home/unita/ros2_ws/install/interfaces_control_pkg/local/lib/python3.10/dist-packages/interfaces_control_pkg/msg/_vector2_s.c
-- Up-to-date: /home/unita/ros2_ws/install/interfaces_control_pkg/local/lib/python3.10/dist-packages/interfaces_control_pkg/msg/_bounding_box3_d.py
-- Up-to-date: /home/unita/ros2_ws/install/interfaces_control_pkg/local/lib/python3.10/dist-packages/interfaces_control_pkg/msg/_bounding_box2_d_s.c
-- Up-to-date: /home/unita/ros2_ws/install/interfaces_control_pkg/local/lib/python3.10/dist-packages/interfaces_control_pkg/msg/_lane_info_s.c
-- Up-to-date: /home/unita/ros2_ws/install/interfaces_control_pkg/local/lib/python3.10/dist-packages/interfaces_control_pkg/msg/_key_point2_d_array.py
-- Up-to-date: /home/unita/ros2_ws/install/interfaces_control_pkg/local/lib/python3.10/dist-packages/interfaces_control_pkg/msg/_point2_d_s.c
-- Up-to-date: /home/unita/ros2_ws/install/interfaces_control_pkg/local/lib/python3.10/dist-packages/interfaces_control_pkg/msg/_mask_s.c
-- Up-to-date: /home/unita/ros2_ws/install/interfaces_control_pkg/local/lib/python3.10/dist-packages/interfaces_control_pkg/msg/_path_planning_result_s.c
-- Up-to-date: /home/unita/ros2_ws/install/interfaces_control_pkg/local/lib/python3.10/dist-packages/interfaces_control_pkg/msg/_motion_command.py
-- Up-to-date: /home/unita/ros2_ws/install/interfaces_control_pkg/local/lib/python3.10/dist-packages/interfaces_control_pkg/msg/_point2_d.py
-- Up-to-date: /home/unita/ros2_ws/install/interfaces_control_pkg/local/lib/python3.10/dist-packages/interfaces_control_pkg/msg/_vector2.py
-- Up-to-date: /home/unita/ros2_ws/install/interfaces_control_pkg/local/lib/python3.10/dist-packages/interfaces_control_pkg/msg/_pose2_d_s.c
-- Up-to-date: /home/unita/ros2_ws/install/interfaces_control_pkg/local/lib/python3.10/dist-packages/interfaces_control_pkg/msg/_cone_info_s.c
-- Up-to-date: /home/unita/ros2_ws/install/interfaces_control_pkg/local/lib/python3.10/dist-packages/interfaces_control_pkg/msg/_cone_info.py
-- Up-to-date: /home/unita/ros2_ws/install/interfaces_control_pkg/local/lib/python3.10/dist-packages/interfaces_control_pkg/msg/_target_point_s.c
-- Up-to-date: /home/unita/ros2_ws/install/interfaces_control_pkg/local/lib/python3.10/dist-packages/interfaces_control_pkg/msg/_bounding_box2_d.py
-- Up-to-date: /home/unita/ros2_ws/install/interfaces_control_pkg/local/lib/python3.10/dist-packages/interfaces_control_pkg/msg/_detection.py
-- Up-to-date: /home/unita/ros2_ws/install/interfaces_control_pkg/local/lib/python3.10/dist-packages/interfaces_control_pkg/msg/_cone_info_array_s.c
-- Up-to-date: /home/unita/ros2_ws/install/interfaces_control_pkg/local/lib/python3.10/dist-packages/interfaces_control_pkg/msg/_detection_array_s.c
-- Up-to-date: /home/unita/ros2_ws/install/interfaces_control_pkg/local/lib/python3.10/dist-packages/interfaces_control_pkg/msg/_cone_info_array.py
-- Up-to-date: /home/unita/ros2_ws/install/interfaces_control_pkg/local/lib/python3.10/dist-packages/interfaces_control_pkg/msg/__init__.py
-- Up-to-date: /home/unita/ros2_ws/install/interfaces_control_pkg/local/lib/python3.10/dist-packages/interfaces_control_pkg/msg/_key_point3_d.py
-- Up-to-date: /home/unita/ros2_ws/install/interfaces_control_pkg/local/lib/python3.10/dist-packages/interfaces_control_pkg/msg/_key_point2_d_s.c
-- Up-to-date: /home/unita/ros2_ws/install/interfaces_control_pkg/local/lib/python3.10/dist-packages/interfaces_control_pkg/msg/_bounding_box3_d_s.c
-- Up-to-date: /home/unita/ros2_ws/install/interfaces_control_pkg/local/lib/python3.10/dist-packages/interfaces_control_pkg/msg/_key_point3_d_s.c
-- Up-to-date: /home/unita/ros2_ws/install/interfaces_control_pkg/local/lib/python3.10/dist-packages/interfaces_control_pkg/msg/_key_point3_d_array.py
-- Up-to-date: /home/unita/ros2_ws/install/interfaces_control_pkg/local/lib/python3.10/dist-packages/interfaces_control_pkg/msg/_key_point3_d_array_s.c
-- Up-to-date: /home/unita/ros2_ws/install/interfaces_control_pkg/local/lib/python3.10/dist-packages/interfaces_control_pkg/_interfaces_control_pkg_s.ep.rosidl_typesupport_c.c
-- Up-to-date: /home/unita/ros2_ws/install/interfaces_control_pkg/local/lib/python3.10/dist-packages/interfaces_control_pkg/_interfaces_control_pkg_s.ep.rosidl_typesupport_introspection_c.c
-- Up-to-date: /home/unita/ros2_ws/install/interfaces_control_pkg/local/lib/python3.10/dist-packages/interfaces_control_pkg/_interfaces_control_pkg_s.ep.rosidl_typesupport_fastrtps_c.c
-- Up-to-date: /home/unita/ros2_ws/install/interfaces_control_pkg/local/lib/python3.10/dist-packages/interfaces_control_pkg/interfaces_control_pkg_s__rosidl_typesupport_c.cpython-310-x86_64-linux-gnu.so
-- Up-to-date: /home/unita/ros2_ws/install/interfaces_control_pkg/local/lib/python3.10/dist-packages/interfaces_control_pkg/libinterfaces_control_pkg__rosidl_generator_py.so
-- Up-to-date: /home/unita/ros2_ws/install/interfaces_control_pkg/local/lib/python3.10/dist-packages/interfaces_control_pkg/__init__.py
-- Up-to-date: /home/unita/ros2_ws/install/interfaces_control_pkg/local/lib/python3.10/dist-packages/interfaces_control_pkg/interfaces_control_pkg_s__rosidl_typesupport_introspection_c.cpython-310-x86_64-linux-gnu.so
Listing '/home/unita/ros2_ws/install/interfaces_control_pkg/local/lib/python3.10/dist-packages/interfaces_control_pkg'...
Listing '/home/unita/ros2_ws/install/interfaces_control_pkg/local/lib/python3.10/dist-packages/interfaces_control_pkg/msg'...
-- Up-to-date: /home/unita/ros2_ws/install/interfaces_control_pkg/local/lib/python3.10/dist-packages/interfaces_control_pkg/interfaces_control_pkg_s__rosidl_typesupport_fastrtps_c.cpython-310-x86_64-linux-gnu.so
-- Up-to-date: /home/unita/ros2_ws/install/interfaces_control_pkg/local/lib/python3.10/dist-packages/interfaces_control_pkg/interfaces_control_pkg_s__rosidl_typesupport_introspection_c.cpython-310-x86_64-linux-gnu.so
-- Up-to-date: /home/unita/ros2_ws/install/interfaces_control_pkg/local/lib/python3.10/dist-packages/interfaces_control_pkg/interfaces_control_pkg_s__rosidl_typesupport_c.cpython-310-x86_64-linux-gnu.so
-- Up-to-date: /home/unita/ros2_ws/install/interfaces_control_pkg/lib/libinterfaces_control_pkg__rosidl_generator_py.so
-- Up-to-date: /home/unita/ros2_ws/install/interfaces_control_pkg/share/interfaces_control_pkg/msg/ErpCmdMsg.idl
-- Up-to-date: /home/unita/ros2_ws/install/interfaces_control_pkg/share/interfaces_control_pkg/msg/ErpStatusMsg.idl
-- Up-to-date: /home/unita/ros2_ws/install/interfaces_control_pkg/share/interfaces_control_pkg/msg/Point2D.idl
-- Up-to-date: /home/unita/ros2_ws/install/interfaces_control_pkg/share/interfaces_control_pkg/msg/Vector2.idl
-- Up-to-date: /home/unita/ros2_ws/install/interfaces_control_pkg/share/interfaces_control_pkg/msg/Pose2D.idl
-- Up-to-date: /home/unita/ros2_ws/install/interfaces_control_pkg/share/interfaces_control_pkg/msg/BoundingBox2D.idl
-- Up-to-date: /home/unita/ros2_ws/install/interfaces_control_pkg/share/interfaces_control_pkg/msg/BoundingBox3D.idl
-- Up-to-date: /home/unita/ros2_ws/install/interfaces_control_pkg/share/interfaces_control_pkg/msg/Mask.idl
-- Up-to-date: /home/unita/ros2_ws/install/interfaces_control_pkg/share/interfaces_control_pkg/msg/KeyPoint2D.idl
-- Up-to-date: /home/unita/ros2_ws/install/interfaces_control_pkg/share/interfaces_control_pkg/msg/KeyPoint2DArray.idl
-- Up-to-date: /home/unita/ros2_ws/install/interfaces_control_pkg/share/interfaces_control_pkg/msg/KeyPoint3D.idl
-- Up-to-date: /home/unita/ros2_ws/install/interfaces_control_pkg/share/interfaces_control_pkg/msg/KeyPoint3DArray.idl
-- Up-to-date: /home/unita/ros2_ws/install/interfaces_control_pkg/share/interfaces_control_pkg/msg/Detection.idl
-- Up-to-date: /home/unita/ros2_ws/install/interfaces_control_pkg/share/interfaces_control_pkg/msg/DetectionArray.idl
-- Up-to-date: /home/unita/ros2_ws/install/interfaces_control_pkg/share/interfaces_control_pkg/msg/LaneInfo.idl
-- Up-to-date: /home/unita/ros2_ws/install/interfaces_control_pkg/share/interfaces_control_pkg/msg/MotionCommand.idl
-- Up-to-date: /home/unita/ros2_ws/install/interfaces_control_pkg/share/interfaces_control_pkg/msg/TargetPoint.idl
-- Up-to-date: /home/unita/ros2_ws/install/interfaces_control_pkg/share/interfaces_control_pkg/msg/PathPlanningResult.idl
-- Up-to-date: /home/unita/ros2_ws/install/interfaces_control_pkg/share/interfaces_control_pkg/msg/ConeInfo.idl
-- Up-to-date: /home/unita/ros2_ws/install/interfaces_control_pkg/share/interfaces_control_pkg/msg/ConeInfoArray.idl
-- Up-to-date: /home/unita/ros2_ws/install/interfaces_control_pkg/share/interfaces_control_pkg/msg/ErpCmdMsg.msg
-- Up-to-date: /home/unita/ros2_ws/install/interfaces_control_pkg/share/interfaces_control_pkg/msg/ErpStatusMsg.msg
-- Up-to-date: /home/unita/ros2_ws/install/interfaces_control_pkg/share/interfaces_control_pkg/msg/Point2D.msg
-- Up-to-date: /home/unita/ros2_ws/install/interfaces_control_pkg/share/interfaces_control_pkg/msg/Vector2.msg
-- Up-to-date: /home/unita/ros2_ws/install/interfaces_control_pkg/share/interfaces_control_pkg/msg/Pose2D.msg
-- Up-to-date: /home/unita/ros2_ws/install/interfaces_control_pkg/share/interfaces_control_pkg/msg/BoundingBox2D.msg
-- Up-to-date: /home/unita/ros2_ws/install/interfaces_control_pkg/share/interfaces_control_pkg/msg/BoundingBox3D.msg
-- Up-to-date: /home/unita/ros2_ws/install/interfaces_control_pkg/share/interfaces_control_pkg/msg/Mask.msg
-- Up-to-date: /home/unita/ros2_ws/install/interfaces_control_pkg/share/interfaces_control_pkg/msg/KeyPoint2D.msg
-- Up-to-date: /home/unita/ros2_ws/install/interfaces_control_pkg/share/interfaces_control_pkg/msg/KeyPoint2DArray.msg
-- Up-to-date: /home/unita/ros2_ws/install/interfaces_control_pkg/share/interfaces_control_pkg/msg/KeyPoint3D.msg
-- Up-to-date: /home/unita/ros2_ws/install/interfaces_control_pkg/share/interfaces_control_pkg/msg/KeyPoint3DArray.msg
-- Up-to-date: /home/unita/ros2_ws/install/interfaces_control_pkg/share/interfaces_control_pkg/msg/Detection.msg
-- Up-to-date: /home/unita/ros2_ws/install/interfaces_control_pkg/share/interfaces_control_pkg/msg/DetectionArray.msg
-- Up-to-date: /home/unita/ros2_ws/install/interfaces_control_pkg/share/interfaces_control_pkg/msg/LaneInfo.msg
-- Up-to-date: /home/unita/ros2_ws/install/interfaces_control_pkg/share/interfaces_control_pkg/msg/MotionCommand.msg
-- Up-to-date: /home/unita/ros2_ws/install/interfaces_control_pkg/share/interfaces_control_pkg/msg/TargetPoint.msg
-- Up-to-date: /home/unita/ros2_ws/install/interfaces_control_pkg/share/interfaces_control_pkg/msg/PathPlanningResult.msg
-- Up-to-date: /home/unita/ros2_ws/install/interfaces_control_pkg/share/interfaces_control_pkg/msg/ConeInfo.msg
-- Up-to-date: /home/unita/ros2_ws/install/interfaces_control_pkg/share/interfaces_control_pkg/msg/ConeInfoArray.msg
-- Up-to-date: /home/unita/ros2_ws/install/interfaces_control_pkg/share/ament_index/resource_index/package_run_dependencies/interfaces_control_pkg
-- Up-to-date: /home/unita/ros2_ws/install/interfaces_control_pkg/share/ament_index/resource_index/parent_prefix_path/interfaces_control_pkg
-- Up-to-date: /home/unita/ros2_ws/install/interfaces_control_pkg/share/interfaces_control_pkg/environment/ament_prefix_path.sh
-- Up-to-date: /home/unita/ros2_ws/install/interfaces_control_pkg/share/interfaces_control_pkg/environment/ament_prefix_path.dsv
-- Up-to-date: /home/unita/ros2_ws/install/interfaces_control_pkg/share/interfaces_control_pkg/environment/path.sh
-- Up-to-date: /home/unita/ros2_ws/install/interfaces_control_pkg/share/interfaces_control_pkg/environment/path.dsv
-- Up-to-date: /home/unita/ros2_ws/install/interfaces_control_pkg/share/interfaces_control_pkg/local_setup.bash
-- Up-to-date: /home/unita/ros2_ws/install/interfaces_control_pkg/share/interfaces_control_pkg/local_setup.sh
-- Up-to-date: /home/unita/ros2_ws/install/interfaces_control_pkg/share/interfaces_control_pkg/local_setup.zsh
-- Up-to-date: /home/unita/ros2_ws/install/interfaces_control_pkg/share/interfaces_control_pkg/local_setup.dsv
-- Installing: /home/unita/ros2_ws/install/interfaces_control_pkg/share/interfaces_control_pkg/package.dsv
-- Up-to-date: /home/unita/ros2_ws/install/interfaces_control_pkg/share/ament_index/resource_index/packages/interfaces_control_pkg
-- Up-to-date: /home/unita/ros2_ws/install/interfaces_control_pkg/share/interfaces_control_pkg/cmake/export_interfaces_control_pkg__rosidl_generator_cExport.cmake
-- Up-to-date: /home/unita/ros2_ws/install/interfaces_control_pkg/share/interfaces_control_pkg/cmake/export_interfaces_control_pkg__rosidl_generator_cExport-noconfig.cmake
-- Up-to-date: /home/unita/ros2_ws/install/interfaces_control_pkg/share/interfaces_control_pkg/cmake/export_interfaces_control_pkg__rosidl_typesupport_fastrtps_cExport.cmake
-- Up-to-date: /home/unita/ros2_ws/install/interfaces_control_pkg/share/interfaces_control_pkg/cmake/export_interfaces_control_pkg__rosidl_typesupport_fastrtps_cExport-noconfig.cmake
-- Up-to-date: /home/unita/ros2_ws/install/interfaces_control_pkg/share/interfaces_control_pkg/cmake/interfaces_control_pkg__rosidl_typesupport_introspection_cExport.cmake
-- Up-to-date: /home/unita/ros2_ws/install/interfaces_control_pkg/share/interfaces_control_pkg/cmake/interfaces_control_pkg__rosidl_typesupport_introspection_cExport-noconfig.cmake
-- Up-to-date: /home/unita/ros2_ws/install/interfaces_control_pkg/share/interfaces_control_pkg/cmake/interfaces_control_pkg__rosidl_typesupport_cExport.cmake
-- Up-to-date: /home/unita/ros2_ws/install/interfaces_control_pkg/share/interfaces_control_pkg/cmake/interfaces_control_pkg__rosidl_typesupport_cExport-noconfig.cmake
-- Up-to-date: /home/unita/ros2_ws/install/interfaces_control_pkg/share/interfaces_control_pkg/cmake/export_interfaces_control_pkg__rosidl_generator_cppExport.cmake
-- Up-to-date: /home/unita/ros2_ws/install/interfaces_control_pkg/share/interfaces_control_pkg/cmake/export_interfaces_control_pkg__rosidl_typesupport_fastrtps_cppExport.cmake
-- Up-to-date: /home/unita/ros2_ws/install/interfaces_control_pkg/share/interfaces_control_pkg/cmake/export_interfaces_control_pkg__rosidl_typesupport_fastrtps_cppExport-noconfig.cmake
-- Up-to-date: /home/unita/ros2_ws/install/interfaces_control_pkg/share/interfaces_control_pkg/cmake/interfaces_control_pkg__rosidl_typesupport_introspection_cppExport.cmake
-- Up-to-date: /home/unita/ros2_ws/install/interfaces_control_pkg/share/interfaces_control_pkg/cmake/interfaces_control_pkg__rosidl_typesupport_introspection_cppExport-noconfig.cmake
-- Up-to-date: /home/unita/ros2_ws/install/interfaces_control_pkg/share/interfaces_control_pkg/cmake/interfaces_control_pkg__rosidl_typesupport_cppExport.cmake
-- Up-to-date: /home/unita/ros2_ws/install/interfaces_control_pkg/share/interfaces_control_pkg/cmake/interfaces_control_pkg__rosidl_typesupport_cppExport-noconfig.cmake
-- Up-to-date: /home/unita/ros2_ws/install/interfaces_control_pkg/share/interfaces_control_pkg/cmake/export_interfaces_control_pkg__rosidl_generator_pyExport.cmake
-- Up-to-date: /home/unita/ros2_ws/install/interfaces_control_pkg/share/interfaces_control_pkg/cmake/export_interfaces_control_pkg__rosidl_generator_pyExport-noconfig.cmake
-- Up-to-date: /home/unita/ros2_ws/install/interfaces_control_pkg/share/interfaces_control_pkg/cmake/rosidl_cmake-extras.cmake
-- Up-to-date: /home/unita/ros2_ws/install/interfaces_control_pkg/share/interfaces_control_pkg/cmake/ament_cmake_export_dependencies-extras.cmake
-- Up-to-date: /home/unita/ros2_ws/install/interfaces_control_pkg/share/interfaces_control_pkg/cmake/ament_cmake_export_include_directories-extras.cmake
-- Up-to-date: /home/unita/ros2_ws/install/interfaces_control_pkg/share/interfaces_control_pkg/cmake/ament_cmake_export_libraries-extras.cmake
-- Up-to-date: /home/unita/ros2_ws/install/interfaces_control_pkg/share/interfaces_control_pkg/cmake/ament_cmake_export_targets-extras.cmake
-- Up-to-date: /home/unita/ros2_ws/install/interfaces_control_pkg/share/interfaces_control_pkg/cmake/rosidl_cmake_export_typesupport_targets-extras.cmake
-- Up-to-date: /home/unita/ros2_ws/install/interfaces_control_pkg/share/interfaces_control_pkg/cmake/rosidl_cmake_export_typesupport_libraries-extras.cmake
-- Up-to-date: /home/unita/ros2_ws/install/interfaces_control_pkg/share/interfaces_control_pkg/cmake/interfaces_control_pkgConfig.cmake
-- Up-to-date: /home/unita/ros2_ws/install/interfaces_control_pkg/share/interfaces_control_pkg/cmake/interfaces_control_pkgConfig-version.cmake
-- Up-to-date: /home/unita/ros2_ws/install/interfaces_control_pkg/share/interfaces_control_pkg/package.xml
