[0.737s] Invoking command in '/home/unita/ros2_ws/src/launch_control_pkg': PYTHONPATH=/home/unita/ros2_ws/build/launch_control_pkg/prefix_override:/usr/lib/python3/dist-packages/colcon_core/task/python/colcon_distutils_commands:/home/unita/ros2_ws/install/launch_control_pkg/lib/python3.10/site-packages:${PYTHONPATH} /usr/bin/python3 -W ignore:setup.py install is deprecated -W ignore:easy_install command is deprecated setup.py egg_info --egg-base ../../build/launch_control_pkg build --build-base /home/unita/ros2_ws/build/launch_control_pkg/build install --record /home/unita/ros2_ws/build/launch_control_pkg/install.log --single-version-externally-managed install_data
[0.887s] running egg_info
[0.888s] writing ../../build/launch_control_pkg/launch_control_pkg.egg-info/PKG-INFO
[0.888s] writing dependency_links to ../../build/launch_control_pkg/launch_control_pkg.egg-info/dependency_links.txt
[0.888s] writing entry points to ../../build/launch_control_pkg/launch_control_pkg.egg-info/entry_points.txt
[0.888s] writing requirements to ../../build/launch_control_pkg/launch_control_pkg.egg-info/requires.txt
[0.888s] writing top-level names to ../../build/launch_control_pkg/launch_control_pkg.egg-info/top_level.txt
[0.888s] reading manifest file '../../build/launch_control_pkg/launch_control_pkg.egg-info/SOURCES.txt'
[0.889s] writing manifest file '../../build/launch_control_pkg/launch_control_pkg.egg-info/SOURCES.txt'
[0.889s] running build
[0.889s] running install
[0.889s] running install_data
[0.889s] running install_egg_info
[0.890s] removing '/home/unita/ros2_ws/install/launch_control_pkg/lib/python3.10/site-packages/launch_control_pkg-0.0.0-py3.10.egg-info' (and everything under it)
[0.890s] Copying ../../build/launch_control_pkg/launch_control_pkg.egg-info to /home/unita/ros2_ws/install/launch_control_pkg/lib/python3.10/site-packages/launch_control_pkg-0.0.0-py3.10.egg-info
[0.891s] running install_scripts
[0.903s] Installing ErpSerialHandler_pub script to /home/unita/ros2_ws/install/launch_control_pkg/lib/launch_control_pkg
[0.903s] Installing erp_control script to /home/unita/ros2_ws/install/launch_control_pkg/lib/launch_control_pkg
[0.903s] Installing global_path_pub script to /home/unita/ros2_ws/install/launch_control_pkg/lib/launch_control_pkg
[0.903s] Installing gps_map_pub script to /home/unita/ros2_ws/install/launch_control_pkg/lib/launch_control_pkg
[0.903s] Installing local_pub script to /home/unita/ros2_ws/install/launch_control_pkg/lib/launch_control_pkg
[0.903s] writing list of installed files to '/home/unita/ros2_ws/build/launch_control_pkg/install.log'
[0.920s] Invoked command in '/home/unita/ros2_ws/src/launch_control_pkg' returned '0': PYTHONPATH=/home/unita/ros2_ws/build/launch_control_pkg/prefix_override:/usr/lib/python3/dist-packages/colcon_core/task/python/colcon_distutils_commands:/home/unita/ros2_ws/install/launch_control_pkg/lib/python3.10/site-packages:${PYTHONPATH} /usr/bin/python3 -W ignore:setup.py install is deprecated -W ignore:easy_install command is deprecated setup.py egg_info --egg-base ../../build/launch_control_pkg build --build-base /home/unita/ros2_ws/build/launch_control_pkg/build install --record /home/unita/ros2_ws/build/launch_control_pkg/install.log --single-version-externally-managed install_data
