running egg_info
writing ../../build/erp42_path/erp42_path.egg-info/PKG-INFO
writing dependency_links to ../../build/erp42_path/erp42_path.egg-info/dependency_links.txt
writing entry points to ../../build/erp42_path/erp42_path.egg-info/entry_points.txt
writing requirements to ../../build/erp42_path/erp42_path.egg-info/requires.txt
writing top-level names to ../../build/erp42_path/erp42_path.egg-info/top_level.txt
reading manifest file '../../build/erp42_path/erp42_path.egg-info/SOURCES.txt'
writing manifest file '../../build/erp42_path/erp42_path.egg-info/SOURCES.txt'
running build
running build_py
copying erp42_path/erp42_control.py -> /home/unita/ros2_ws/build/erp42_path/build/lib/erp42_path
running install
running install_lib
copying /home/unita/ros2_ws/build/erp42_path/build/lib/erp42_path/erp42_control.py -> /home/unita/ros2_ws/install/erp42_path/lib/python3.10/site-packages/erp42_path
byte-compiling /home/unita/ros2_ws/install/erp42_path/lib/python3.10/site-packages/erp42_path/erp42_control.py to erp42_control.cpython-310.pyc
running install_data
running install_egg_info
removing '/home/unita/ros2_ws/install/erp42_path/lib/python3.10/site-packages/erp42_path-0.0.0-py3.10.egg-info' (and everything under it)
Copying ../../build/erp42_path/erp42_path.egg-info to /home/unita/ros2_ws/install/erp42_path/lib/python3.10/site-packages/erp42_path-0.0.0-py3.10.egg-info
running install_scripts
Installing erp42_control_node script to /home/unita/ros2_ws/install/erp42_path/lib/erp42_path
Installing global_path_pub_node script to /home/unita/ros2_ws/install/erp42_path/lib/erp42_path
Installing gps_map_pub_node script to /home/unita/ros2_ws/install/erp42_path/lib/erp42_path
Installing local_pub_node script to /home/unita/ros2_ws/install/erp42_path/lib/erp42_path
writing list of installed files to '/home/unita/ros2_ws/build/erp42_path/install.log'
