[0.983s] Invoking command in '/home/unita/ros2_ws/src/perception_yolov8_pkg': PYTHONPATH=/home/unita/ros2_ws/build/perception_yolov8_pkg/prefix_override:/usr/lib/python3/dist-packages/colcon_core/task/python/colcon_distutils_commands:/home/unita/ros2_ws/install/perception_yolov8_pkg/lib/python3.10/site-packages:${PYTHONPATH} /usr/bin/python3 -W ignore:setup.py install is deprecated -W ignore:easy_install command is deprecated setup.py egg_info --egg-base ../../build/perception_yolov8_pkg build --build-base /home/unita/ros2_ws/build/perception_yolov8_pkg/build install --record /home/unita/ros2_ws/build/perception_yolov8_pkg/install.log --single-version-externally-managed install_data
[1.147s] running egg_info
[1.147s] writing ../../build/perception_yolov8_pkg/perception_yolov8_pkg.egg-info/PKG-INFO
[1.147s] writing dependency_links to ../../build/perception_yolov8_pkg/perception_yolov8_pkg.egg-info/dependency_links.txt
[1.147s] writing entry points to ../../build/perception_yolov8_pkg/perception_yolov8_pkg.egg-info/entry_points.txt
[1.147s] writing requirements to ../../build/perception_yolov8_pkg/perception_yolov8_pkg.egg-info/requires.txt
[1.147s] writing top-level names to ../../build/perception_yolov8_pkg/perception_yolov8_pkg.egg-info/top_level.txt
[1.147s] reading manifest file '../../build/perception_yolov8_pkg/perception_yolov8_pkg.egg-info/SOURCES.txt'
[1.148s] writing manifest file '../../build/perception_yolov8_pkg/perception_yolov8_pkg.egg-info/SOURCES.txt'
[1.148s] running build
[1.148s] running build_py
[1.148s] running install
[1.148s] running install_lib
[1.148s] running install_data
[1.148s] running install_egg_info
[1.149s] removing '/home/unita/ros2_ws/install/perception_yolov8_pkg/lib/python3.10/site-packages/perception_yolov8_pkg-0.0.0-py3.10.egg-info' (and everything under it)
[1.149s] Copying ../../build/perception_yolov8_pkg/perception_yolov8_pkg.egg-info to /home/unita/ros2_ws/install/perception_yolov8_pkg/lib/python3.10/site-packages/perception_yolov8_pkg-0.0.0-py3.10.egg-info
[1.150s] running install_scripts
[1.164s] Installing image_publisher_node script to /home/unita/ros2_ws/install/perception_yolov8_pkg/lib/perception_yolov8_pkg
[1.164s] Installing yolov8_node script to /home/unita/ros2_ws/install/perception_yolov8_pkg/lib/perception_yolov8_pkg
[1.164s] writing list of installed files to '/home/unita/ros2_ws/build/perception_yolov8_pkg/install.log'
[1.196s] Invoked command in '/home/unita/ros2_ws/src/perception_yolov8_pkg' returned '0': PYTHONPATH=/home/unita/ros2_ws/build/perception_yolov8_pkg/prefix_override:/usr/lib/python3/dist-packages/colcon_core/task/python/colcon_distutils_commands:/home/unita/ros2_ws/install/perception_yolov8_pkg/lib/python3.10/site-packages:${PYTHONPATH} /usr/bin/python3 -W ignore:setup.py install is deprecated -W ignore:easy_install command is deprecated setup.py egg_info --egg-base ../../build/perception_yolov8_pkg build --build-base /home/unita/ros2_ws/build/perception_yolov8_pkg/build install --record /home/unita/ros2_ws/build/perception_yolov8_pkg/install.log --single-version-externally-managed install_data
