[0.351s] Invoking command in '/home/unita/ros2_ws/build/interfaces_control_pkg': CMAKE_PREFIX_PATH=${CMAKE_PREFIX_PATH}:/home/unita/gps_imu_ws/install/gps_imu_fusion_pkg:/home/unita/test2_perception/install/waypoint_follower_pkg:/home/unita/test2_perception/install/tl_perception_pkg:/home/unita/test2_perception/install/stop_line_detector_pkg:/home/unita/test2_perception/install/sensor_fusion_pkg:/home/unita/test2_perception/install/perception_yolov8_pkg:/home/unita/test2_perception/install/lane_tracking_pkg:/home/unita/test2_perception/install/info_publisher_pkg:/home/unita/test2_perception/install/debug_pkg:/home/unita/test2_perception/install/dead_reckoning_pkg:/home/unita/imu_gps_2/install/imu_gps_sync_py:/home/unita/ros2_ws/install/perception_yolov8_pkg:/home/unita/ros2_ws/install/launch_control_pkg:/home/unita/ros2_ws/install/erp42_path:/home/unita/ros2_ws/install/erp42_control:/opt/ros/humble /usr/bin/cmake --build /home/unita/ros2_ws/build/interfaces_control_pkg -- -j22 -l22
[0.706s] [  0%] Built target interfaces_control_pkg__cpp
[0.706s] [ 12%] Built target interfaces_control_pkg__rosidl_generator_c
[0.706s] [ 12%] Built target ament_cmake_python_copy_interfaces_control_pkg
[0.706s] [ 24%] Built target interfaces_control_pkg__rosidl_typesupport_c
[0.706s] [ 36%] Built target interfaces_control_pkg__rosidl_typesupport_cpp
[0.706s] [ 48%] Built target interfaces_control_pkg__rosidl_typesupport_introspection_c
[0.706s] [ 60%] Built target interfaces_control_pkg__rosidl_typesupport_fastrtps_cpp
[0.706s] [ 73%] Built target interfaces_control_pkg__rosidl_typesupport_introspection_cpp
[0.706s] [ 85%] Built target interfaces_control_pkg__rosidl_typesupport_fastrtps_c
[0.706s] [ 85%] Built target interfaces_control_pkg
[0.706s] [ 86%] Built target interfaces_control_pkg__py
[0.706s] [ 97%] Built target interfaces_control_pkg__rosidl_generator_py
[0.706s] [ 98%] Built target interfaces_control_pkg__rosidl_typesupport_fastrtps_c__pyext
[0.706s] [ 99%] Built target interfaces_control_pkg__rosidl_typesupport_c__pyext
[0.707s] [100%] Built target interfaces_control_pkg__rosidl_typesupport_introspection_c__pyext
[0.707s] running egg_info
[0.707s] writing interfaces_control_pkg.egg-info/PKG-INFO
[0.707s] writing dependency_links to interfaces_control_pkg.egg-info/dependency_links.txt
[0.707s] writing top-level names to interfaces_control_pkg.egg-info/top_level.txt
[0.707s] reading manifest file 'interfaces_control_pkg.egg-info/SOURCES.txt'
[0.707s] writing manifest file 'interfaces_control_pkg.egg-info/SOURCES.txt'
[0.707s] [100%] Built target ament_cmake_python_build_interfaces_control_pkg_egg
[0.713s] Invoked command in '/home/unita/ros2_ws/build/interfaces_control_pkg' returned '0': CMAKE_PREFIX_PATH=${CMAKE_PREFIX_PATH}:/home/unita/gps_imu_ws/install/gps_imu_fusion_pkg:/home/unita/test2_perception/install/waypoint_follower_pkg:/home/unita/test2_perception/install/tl_perception_pkg:/home/unita/test2_perception/install/stop_line_detector_pkg:/home/unita/test2_perception/install/sensor_fusion_pkg:/home/unita/test2_perception/install/perception_yolov8_pkg:/home/unita/test2_perception/install/lane_tracking_pkg:/home/unita/test2_perception/install/info_publisher_pkg:/home/unita/test2_perception/install/debug_pkg:/home/unita/test2_perception/install/dead_reckoning_pkg:/home/unita/imu_gps_2/install/imu_gps_sync_py:/home/unita/ros2_ws/install/perception_yolov8_pkg:/home/unita/ros2_ws/install/launch_control_pkg:/home/unita/ros2_ws/install/erp42_path:/home/unita/ros2_ws/install/erp42_control:/opt/ros/humble /usr/bin/cmake --build /home/unita/ros2_ws/build/interfaces_control_pkg -- -j22 -l22
[0.720s] Invoking command in '/home/unita/ros2_ws/build/interfaces_control_pkg': CMAKE_PREFIX_PATH=${CMAKE_PREFIX_PATH}:/home/unita/gps_imu_ws/install/gps_imu_fusion_pkg:/home/unita/test2_perception/install/waypoint_follower_pkg:/home/unita/test2_perception/install/tl_perception_pkg:/home/unita/test2_perception/install/stop_line_detector_pkg:/home/unita/test2_perception/install/sensor_fusion_pkg:/home/unita/test2_perception/install/perception_yolov8_pkg:/home/unita/test2_perception/install/lane_tracking_pkg:/home/unita/test2_perception/install/info_publisher_pkg:/home/unita/test2_perception/install/debug_pkg:/home/unita/test2_perception/install/dead_reckoning_pkg:/home/unita/imu_gps_2/install/imu_gps_sync_py:/home/unita/ros2_ws/install/perception_yolov8_pkg:/home/unita/ros2_ws/install/launch_control_pkg:/home/unita/ros2_ws/install/erp42_path:/home/unita/ros2_ws/install/erp42_control:/opt/ros/humble /usr/bin/cmake --install /home/unita/ros2_ws/build/interfaces_control_pkg
[0.727s] -- Install configuration: ""
[0.727s] -- Up-to-date: /home/unita/ros2_ws/install/interfaces_control_pkg/share/ament_index/resource_index/rosidl_interfaces/interfaces_control_pkg
[0.727s] -- Up-to-date: /home/unita/ros2_ws/install/interfaces_control_pkg/include/interfaces_control_pkg/interfaces_control_pkg
[0.727s] -- Up-to-date: /home/unita/ros2_ws/install/interfaces_control_pkg/include/interfaces_control_pkg/interfaces_control_pkg/msg
[0.727s] -- Up-to-date: /home/unita/ros2_ws/install/interfaces_control_pkg/include/interfaces_control_pkg/interfaces_control_pkg/msg/pose2_d.h
[0.727s] -- Up-to-date: /home/unita/ros2_ws/install/interfaces_control_pkg/include/interfaces_control_pkg/interfaces_control_pkg/msg/point2_d.h
[0.727s] -- Up-to-date: /home/unita/ros2_ws/install/interfaces_control_pkg/include/interfaces_control_pkg/interfaces_control_pkg/msg/motion_command.h
[0.727s] -- Up-to-date: /home/unita/ros2_ws/install/interfaces_control_pkg/include/interfaces_control_pkg/interfaces_control_pkg/msg/rosidl_generator_c__visibility_control.h
[0.727s] -- Up-to-date: /home/unita/ros2_ws/install/interfaces_control_pkg/include/interfaces_control_pkg/interfaces_control_pkg/msg/key_point2_d_array.h
[0.727s] -- Up-to-date: /home/unita/ros2_ws/install/interfaces_control_pkg/include/interfaces_control_pkg/interfaces_control_pkg/msg/bounding_box3_d.h
[0.728s] -- Up-to-date: /home/unita/ros2_ws/install/interfaces_control_pkg/include/interfaces_control_pkg/interfaces_control_pkg/msg/vector2.h
[0.728s] -- Up-to-date: /home/unita/ros2_ws/install/interfaces_control_pkg/include/interfaces_control_pkg/interfaces_control_pkg/msg/detection.h
[0.728s] -- Up-to-date: /home/unita/ros2_ws/install/interfaces_control_pkg/include/interfaces_control_pkg/interfaces_control_pkg/msg/detection_array.h
[0.728s] -- Up-to-date: /home/unita/ros2_ws/install/interfaces_control_pkg/include/interfaces_control_pkg/interfaces_control_pkg/msg/path_planning_result.h
[0.728s] -- Up-to-date: /home/unita/ros2_ws/install/interfaces_control_pkg/include/interfaces_control_pkg/interfaces_control_pkg/msg/bounding_box2_d.h
[0.728s] -- Up-to-date: /home/unita/ros2_ws/install/interfaces_control_pkg/include/interfaces_control_pkg/interfaces_control_pkg/msg/erp_status_msg.h
[0.728s] -- Up-to-date: /home/unita/ros2_ws/install/interfaces_control_pkg/include/interfaces_control_pkg/interfaces_control_pkg/msg/target_point.h
[0.728s] -- Up-to-date: /home/unita/ros2_ws/install/interfaces_control_pkg/include/interfaces_control_pkg/interfaces_control_pkg/msg/cone_info.h
[0.728s] -- Up-to-date: /home/unita/ros2_ws/install/interfaces_control_pkg/include/interfaces_control_pkg/interfaces_control_pkg/msg/lane_info.h
[0.728s] -- Up-to-date: /home/unita/ros2_ws/install/interfaces_control_pkg/include/interfaces_control_pkg/interfaces_control_pkg/msg/cone_info_array.h
[0.728s] -- Up-to-date: /home/unita/ros2_ws/install/interfaces_control_pkg/include/interfaces_control_pkg/interfaces_control_pkg/msg/erp_cmd_msg.h
[0.728s] -- Up-to-date: /home/unita/ros2_ws/install/interfaces_control_pkg/include/interfaces_control_pkg/interfaces_control_pkg/msg/key_point3_d_array.h
[0.728s] -- Up-to-date: /home/unita/ros2_ws/install/interfaces_control_pkg/include/interfaces_control_pkg/interfaces_control_pkg/msg/mask.h
[0.728s] -- Up-to-date: /home/unita/ros2_ws/install/interfaces_control_pkg/include/interfaces_control_pkg/interfaces_control_pkg/msg/key_point3_d.h
[0.728s] -- Up-to-date: /home/unita/ros2_ws/install/interfaces_control_pkg/include/interfaces_control_pkg/interfaces_control_pkg/msg/key_point2_d.h
[0.728s] -- Up-to-date: /home/unita/ros2_ws/install/interfaces_control_pkg/include/interfaces_control_pkg/interfaces_control_pkg/msg/detail
[0.728s] -- Up-to-date: /home/unita/ros2_ws/install/interfaces_control_pkg/include/interfaces_control_pkg/interfaces_control_pkg/msg/detail/bounding_box2_d__type_support.h
[0.728s] -- Up-to-date: /home/unita/ros2_ws/install/interfaces_control_pkg/include/interfaces_control_pkg/interfaces_control_pkg/msg/detail/key_point2_d_array__struct.h
[0.728s] -- Up-to-date: /home/unita/ros2_ws/install/interfaces_control_pkg/include/interfaces_control_pkg/interfaces_control_pkg/msg/detail/cone_info__functions.c
[0.728s] -- Up-to-date: /home/unita/ros2_ws/install/interfaces_control_pkg/include/interfaces_control_pkg/interfaces_control_pkg/msg/detail/cone_info_array__type_support.h
[0.728s] -- Up-to-date: /home/unita/ros2_ws/install/interfaces_control_pkg/include/interfaces_control_pkg/interfaces_control_pkg/msg/detail/key_point2_d_array__type_support.h
[0.728s] -- Up-to-date: /home/unita/ros2_ws/install/interfaces_control_pkg/include/interfaces_control_pkg/interfaces_control_pkg/msg/detail/motion_command__type_support.h
[0.728s] -- Up-to-date: /home/unita/ros2_ws/install/interfaces_control_pkg/include/interfaces_control_pkg/interfaces_control_pkg/msg/detail/vector2__struct.h
[0.728s] -- Up-to-date: /home/unita/ros2_ws/install/interfaces_control_pkg/include/interfaces_control_pkg/interfaces_control_pkg/msg/detail/cone_info__struct.h
[0.728s] -- Up-to-date: /home/unita/ros2_ws/install/interfaces_control_pkg/include/interfaces_control_pkg/interfaces_control_pkg/msg/detail/bounding_box3_d__type_support.h
[0.728s] -- Up-to-date: /home/unita/ros2_ws/install/interfaces_control_pkg/include/interfaces_control_pkg/interfaces_control_pkg/msg/detail/detection__functions.c
[0.728s] -- Up-to-date: /home/unita/ros2_ws/install/interfaces_control_pkg/include/interfaces_control_pkg/interfaces_control_pkg/msg/detail/bounding_box3_d__functions.c
[0.728s] -- Up-to-date: /home/unita/ros2_ws/install/interfaces_control_pkg/include/interfaces_control_pkg/interfaces_control_pkg/msg/detail/motion_command__functions.h
[0.728s] -- Up-to-date: /home/unita/ros2_ws/install/interfaces_control_pkg/include/interfaces_control_pkg/interfaces_control_pkg/msg/detail/pose2_d__type_support.h
[0.729s] -- Up-to-date: /home/unita/ros2_ws/install/interfaces_control_pkg/include/interfaces_control_pkg/interfaces_control_pkg/msg/detail/target_point__functions.h
[0.729s] -- Up-to-date: /home/unita/ros2_ws/install/interfaces_control_pkg/include/interfaces_control_pkg/interfaces_control_pkg/msg/detail/cone_info_array__struct.h
[0.729s] -- Up-to-date: /home/unita/ros2_ws/install/interfaces_control_pkg/include/interfaces_control_pkg/interfaces_control_pkg/msg/detail/erp_status_msg__type_support.h
[0.729s] -- Up-to-date: /home/unita/ros2_ws/install/interfaces_control_pkg/include/interfaces_control_pkg/interfaces_control_pkg/msg/detail/key_point3_d_array__type_support.h
[0.729s] -- Up-to-date: /home/unita/ros2_ws/install/interfaces_control_pkg/include/interfaces_control_pkg/interfaces_control_pkg/msg/detail/detection_array__type_support.h
[0.729s] -- Up-to-date: /home/unita/ros2_ws/install/interfaces_control_pkg/include/interfaces_control_pkg/interfaces_control_pkg/msg/detail/cone_info__type_support.h
[0.729s] -- Up-to-date: /home/unita/ros2_ws/install/interfaces_control_pkg/include/interfaces_control_pkg/interfaces_control_pkg/msg/detail/pose2_d__functions.c
[0.729s] -- Up-to-date: /home/unita/ros2_ws/install/interfaces_control_pkg/include/interfaces_control_pkg/interfaces_control_pkg/msg/detail/detection_array__struct.h
[0.729s] -- Up-to-date: /home/unita/ros2_ws/install/interfaces_control_pkg/include/interfaces_control_pkg/interfaces_control_pkg/msg/detail/lane_info__struct.h
[0.729s] -- Up-to-date: /home/unita/ros2_ws/install/interfaces_control_pkg/include/interfaces_control_pkg/interfaces_control_pkg/msg/detail/target_point__type_support.h
[0.729s] -- Up-to-date: /home/unita/ros2_ws/install/interfaces_control_pkg/include/interfaces_control_pkg/interfaces_control_pkg/msg/detail/cone_info_array__functions.c
[0.729s] -- Up-to-date: /home/unita/ros2_ws/install/interfaces_control_pkg/include/interfaces_control_pkg/interfaces_control_pkg/msg/detail/point2_d__type_support.h
[0.729s] -- Up-to-date: /home/unita/ros2_ws/install/interfaces_control_pkg/include/interfaces_control_pkg/interfaces_control_pkg/msg/detail/key_point2_d_array__functions.h
[0.729s] -- Up-to-date: /home/unita/ros2_ws/install/interfaces_control_pkg/include/interfaces_control_pkg/interfaces_control_pkg/msg/detail/detection__struct.h
[0.729s] -- Up-to-date: /home/unita/ros2_ws/install/interfaces_control_pkg/include/interfaces_control_pkg/interfaces_control_pkg/msg/detail/vector2__functions.c
[0.729s] -- Up-to-date: /home/unita/ros2_ws/install/interfaces_control_pkg/include/interfaces_control_pkg/interfaces_control_pkg/msg/detail/vector2__type_support.h
[0.729s] -- Up-to-date: /home/unita/ros2_ws/install/interfaces_control_pkg/include/interfaces_control_pkg/interfaces_control_pkg/msg/detail/mask__functions.h
[0.729s] -- Up-to-date: /home/unita/ros2_ws/install/interfaces_control_pkg/include/interfaces_control_pkg/interfaces_control_pkg/msg/detail/key_point3_d__functions.c
[0.729s] -- Up-to-date: /home/unita/ros2_ws/install/interfaces_control_pkg/include/interfaces_control_pkg/interfaces_control_pkg/msg/detail/mask__type_support.h
[0.729s] -- Up-to-date: /home/unita/ros2_ws/install/interfaces_control_pkg/include/interfaces_control_pkg/interfaces_control_pkg/msg/detail/erp_status_msg__struct.h
[0.729s] -- Up-to-date: /home/unita/ros2_ws/install/interfaces_control_pkg/include/interfaces_control_pkg/interfaces_control_pkg/msg/detail/target_point__struct.h
[0.729s] -- Up-to-date: /home/unita/ros2_ws/install/interfaces_control_pkg/include/interfaces_control_pkg/interfaces_control_pkg/msg/detail/motion_command__functions.c
[0.729s] -- Up-to-date: /home/unita/ros2_ws/install/interfaces_control_pkg/include/interfaces_control_pkg/interfaces_control_pkg/msg/detail/erp_cmd_msg__type_support.h
[0.729s] -- Up-to-date: /home/unita/ros2_ws/install/interfaces_control_pkg/include/interfaces_control_pkg/interfaces_control_pkg/msg/detail/erp_cmd_msg__struct.h
[0.729s] -- Up-to-date: /home/unita/ros2_ws/install/interfaces_control_pkg/include/interfaces_control_pkg/interfaces_control_pkg/msg/detail/erp_cmd_msg__functions.h
[0.729s] -- Up-to-date: /home/unita/ros2_ws/install/interfaces_control_pkg/include/interfaces_control_pkg/interfaces_control_pkg/msg/detail/mask__struct.h
[0.729s] -- Up-to-date: /home/unita/ros2_ws/install/interfaces_control_pkg/include/interfaces_control_pkg/interfaces_control_pkg/msg/detail/path_planning_result__functions.h
[0.729s] -- Up-to-date: /home/unita/ros2_ws/install/interfaces_control_pkg/include/interfaces_control_pkg/interfaces_control_pkg/msg/detail/key_point2_d__functions.c
[0.729s] -- Up-to-date: /home/unita/ros2_ws/install/interfaces_control_pkg/include/interfaces_control_pkg/interfaces_control_pkg/msg/detail/detection__type_support.h
[0.729s] -- Up-to-date: /home/unita/ros2_ws/install/interfaces_control_pkg/include/interfaces_control_pkg/interfaces_control_pkg/msg/detail/bounding_box2_d__functions.c
[0.729s] -- Up-to-date: /home/unita/ros2_ws/install/interfaces_control_pkg/include/interfaces_control_pkg/interfaces_control_pkg/msg/detail/path_planning_result__type_support.h
[0.729s] -- Up-to-date: /home/unita/ros2_ws/install/interfaces_control_pkg/include/interfaces_control_pkg/interfaces_control_pkg/msg/detail/lane_info__type_support.h
[0.730s] -- Up-to-date: /home/unita/ros2_ws/install/interfaces_control_pkg/include/interfaces_control_pkg/interfaces_control_pkg/msg/detail/key_point3_d__struct.h
[0.730s] -- Up-to-date: /home/unita/ros2_ws/install/interfaces_control_pkg/include/interfaces_control_pkg/interfaces_control_pkg/msg/detail/key_point2_d__functions.h
[0.730s] -- Up-to-date: /home/unita/ros2_ws/install/interfaces_control_pkg/include/interfaces_control_pkg/interfaces_control_pkg/msg/detail/key_point2_d_array__functions.c
[0.730s] -- Up-to-date: /home/unita/ros2_ws/install/interfaces_control_pkg/include/interfaces_control_pkg/interfaces_control_pkg/msg/detail/pose2_d__struct.h
[0.730s] -- Up-to-date: /home/unita/ros2_ws/install/interfaces_control_pkg/include/interfaces_control_pkg/interfaces_control_pkg/msg/detail/erp_cmd_msg__functions.c
[0.730s] -- Up-to-date: /home/unita/ros2_ws/install/interfaces_control_pkg/include/interfaces_control_pkg/interfaces_control_pkg/msg/detail/key_point3_d_array__struct.h
[0.730s] -- Up-to-date: /home/unita/ros2_ws/install/interfaces_control_pkg/include/interfaces_control_pkg/interfaces_control_pkg/msg/detail/cone_info__functions.h
[0.730s] -- Up-to-date: /home/unita/ros2_ws/install/interfaces_control_pkg/include/interfaces_control_pkg/interfaces_control_pkg/msg/detail/vector2__functions.h
[0.730s] -- Up-to-date: /home/unita/ros2_ws/install/interfaces_control_pkg/include/interfaces_control_pkg/interfaces_control_pkg/msg/detail/motion_command__struct.h
[0.730s] -- Up-to-date: /home/unita/ros2_ws/install/interfaces_control_pkg/include/interfaces_control_pkg/interfaces_control_pkg/msg/detail/bounding_box3_d__struct.h
[0.730s] -- Up-to-date: /home/unita/ros2_ws/install/interfaces_control_pkg/include/interfaces_control_pkg/interfaces_control_pkg/msg/detail/detection__functions.h
[0.730s] -- Up-to-date: /home/unita/ros2_ws/install/interfaces_control_pkg/include/interfaces_control_pkg/interfaces_control_pkg/msg/detail/path_planning_result__struct.h
[0.730s] -- Up-to-date: /home/unita/ros2_ws/install/interfaces_control_pkg/include/interfaces_control_pkg/interfaces_control_pkg/msg/detail/key_point2_d__type_support.h
[0.730s] -- Up-to-date: /home/unita/ros2_ws/install/interfaces_control_pkg/include/interfaces_control_pkg/interfaces_control_pkg/msg/detail/cone_info_array__functions.h
[0.730s] -- Up-to-date: /home/unita/ros2_ws/install/interfaces_control_pkg/include/interfaces_control_pkg/interfaces_control_pkg/msg/detail/bounding_box3_d__functions.h
[0.730s] -- Up-to-date: /home/unita/ros2_ws/install/interfaces_control_pkg/include/interfaces_control_pkg/interfaces_control_pkg/msg/detail/pose2_d__functions.h
[0.730s] -- Up-to-date: /home/unita/ros2_ws/install/interfaces_control_pkg/include/interfaces_control_pkg/interfaces_control_pkg/msg/detail/point2_d__struct.h
[0.730s] -- Up-to-date: /home/unita/ros2_ws/install/interfaces_control_pkg/include/interfaces_control_pkg/interfaces_control_pkg/msg/detail/lane_info__functions.h
[0.730s] -- Up-to-date: /home/unita/ros2_ws/install/interfaces_control_pkg/include/interfaces_control_pkg/interfaces_control_pkg/msg/detail/key_point3_d__functions.h
[0.730s] -- Up-to-date: /home/unita/ros2_ws/install/interfaces_control_pkg/include/interfaces_control_pkg/interfaces_control_pkg/msg/detail/path_planning_result__functions.c
[0.730s] -- Up-to-date: /home/unita/ros2_ws/install/interfaces_control_pkg/include/interfaces_control_pkg/interfaces_control_pkg/msg/detail/point2_d__functions.h
[0.730s] -- Up-to-date: /home/unita/ros2_ws/install/interfaces_control_pkg/include/interfaces_control_pkg/interfaces_control_pkg/msg/detail/mask__functions.c
[0.730s] -- Up-to-date: /home/unita/ros2_ws/install/interfaces_control_pkg/include/interfaces_control_pkg/interfaces_control_pkg/msg/detail/target_point__functions.c
[0.730s] -- Up-to-date: /home/unita/ros2_ws/install/interfaces_control_pkg/include/interfaces_control_pkg/interfaces_control_pkg/msg/detail/key_point3_d_array__functions.h
[0.730s] -- Up-to-date: /home/unita/ros2_ws/install/interfaces_control_pkg/include/interfaces_control_pkg/interfaces_control_pkg/msg/detail/point2_d__functions.c
[0.730s] -- Up-to-date: /home/unita/ros2_ws/install/interfaces_control_pkg/include/interfaces_control_pkg/interfaces_control_pkg/msg/detail/erp_status_msg__functions.h
[0.730s] -- Up-to-date: /home/unita/ros2_ws/install/interfaces_control_pkg/include/interfaces_control_pkg/interfaces_control_pkg/msg/detail/key_point3_d_array__functions.c
[0.730s] -- Up-to-date: /home/unita/ros2_ws/install/interfaces_control_pkg/include/interfaces_control_pkg/interfaces_control_pkg/msg/detail/detection_array__functions.c
[0.730s] -- Up-to-date: /home/unita/ros2_ws/install/interfaces_control_pkg/include/interfaces_control_pkg/interfaces_control_pkg/msg/detail/key_point2_d__struct.h
[0.730s] -- Up-to-date: /home/unita/ros2_ws/install/interfaces_control_pkg/include/interfaces_control_pkg/interfaces_control_pkg/msg/detail/erp_status_msg__functions.c
[0.730s] -- Up-to-date: /home/unita/ros2_ws/install/interfaces_control_pkg/include/interfaces_control_pkg/interfaces_control_pkg/msg/detail/lane_info__functions.c
[0.730s] -- Up-to-date: /home/unita/ros2_ws/install/interfaces_control_pkg/include/interfaces_control_pkg/interfaces_control_pkg/msg/detail/key_point3_d__type_support.h
[0.730s] -- Up-to-date: /home/unita/ros2_ws/install/interfaces_control_pkg/include/interfaces_control_pkg/interfaces_control_pkg/msg/detail/bounding_box2_d__struct.h
[0.730s] -- Up-to-date: /home/unita/ros2_ws/install/interfaces_control_pkg/include/interfaces_control_pkg/interfaces_control_pkg/msg/detail/detection_array__functions.h
[0.731s] -- Up-to-date: /home/unita/ros2_ws/install/interfaces_control_pkg/include/interfaces_control_pkg/interfaces_control_pkg/msg/detail/bounding_box2_d__functions.h
[0.731s] -- Up-to-date: /home/unita/ros2_ws/install/interfaces_control_pkg/share/interfaces_control_pkg/environment/library_path.sh
[0.731s] -- Up-to-date: /home/unita/ros2_ws/install/interfaces_control_pkg/share/interfaces_control_pkg/environment/library_path.dsv
[0.731s] -- Up-to-date: /home/unita/ros2_ws/install/interfaces_control_pkg/lib/libinterfaces_control_pkg__rosidl_generator_c.so
[0.731s] -- Up-to-date: /home/unita/ros2_ws/install/interfaces_control_pkg/include/interfaces_control_pkg/interfaces_control_pkg
[0.731s] -- Up-to-date: /home/unita/ros2_ws/install/interfaces_control_pkg/include/interfaces_control_pkg/interfaces_control_pkg/msg
[0.731s] -- Up-to-date: /home/unita/ros2_ws/install/interfaces_control_pkg/include/interfaces_control_pkg/interfaces_control_pkg/msg/rosidl_typesupport_fastrtps_c__visibility_control.h
[0.731s] -- Up-to-date: /home/unita/ros2_ws/install/interfaces_control_pkg/include/interfaces_control_pkg/interfaces_control_pkg/msg/detail
[0.731s] -- Up-to-date: /home/unita/ros2_ws/install/interfaces_control_pkg/include/interfaces_control_pkg/interfaces_control_pkg/msg/detail/detection__rosidl_typesupport_fastrtps_c.h
[0.731s] -- Up-to-date: /home/unita/ros2_ws/install/interfaces_control_pkg/include/interfaces_control_pkg/interfaces_control_pkg/msg/detail/vector2__rosidl_typesupport_fastrtps_c.h
[0.731s] -- Up-to-date: /home/unita/ros2_ws/install/interfaces_control_pkg/include/interfaces_control_pkg/interfaces_control_pkg/msg/detail/bounding_box2_d__rosidl_typesupport_fastrtps_c.h
[0.731s] -- Up-to-date: /home/unita/ros2_ws/install/interfaces_control_pkg/include/interfaces_control_pkg/interfaces_control_pkg/msg/detail/erp_status_msg__rosidl_typesupport_fastrtps_c.h
[0.731s] -- Up-to-date: /home/unita/ros2_ws/install/interfaces_control_pkg/include/interfaces_control_pkg/interfaces_control_pkg/msg/detail/lane_info__rosidl_typesupport_fastrtps_c.h
[0.731s] -- Up-to-date: /home/unita/ros2_ws/install/interfaces_control_pkg/include/interfaces_control_pkg/interfaces_control_pkg/msg/detail/mask__rosidl_typesupport_fastrtps_c.h
[0.731s] -- Up-to-date: /home/unita/ros2_ws/install/interfaces_control_pkg/include/interfaces_control_pkg/interfaces_control_pkg/msg/detail/key_point3_d__rosidl_typesupport_fastrtps_c.h
[0.731s] -- Up-to-date: /home/unita/ros2_ws/install/interfaces_control_pkg/include/interfaces_control_pkg/interfaces_control_pkg/msg/detail/target_point__rosidl_typesupport_fastrtps_c.h
[0.731s] -- Up-to-date: /home/unita/ros2_ws/install/interfaces_control_pkg/include/interfaces_control_pkg/interfaces_control_pkg/msg/detail/erp_cmd_msg__rosidl_typesupport_fastrtps_c.h
[0.731s] -- Up-to-date: /home/unita/ros2_ws/install/interfaces_control_pkg/include/interfaces_control_pkg/interfaces_control_pkg/msg/detail/detection_array__rosidl_typesupport_fastrtps_c.h
[0.731s] -- Up-to-date: /home/unita/ros2_ws/install/interfaces_control_pkg/include/interfaces_control_pkg/interfaces_control_pkg/msg/detail/motion_command__rosidl_typesupport_fastrtps_c.h
[0.731s] -- Up-to-date: /home/unita/ros2_ws/install/interfaces_control_pkg/include/interfaces_control_pkg/interfaces_control_pkg/msg/detail/pose2_d__rosidl_typesupport_fastrtps_c.h
[0.731s] -- Up-to-date: /home/unita/ros2_ws/install/interfaces_control_pkg/include/interfaces_control_pkg/interfaces_control_pkg/msg/detail/cone_info_array__rosidl_typesupport_fastrtps_c.h
[0.731s] -- Up-to-date: /home/unita/ros2_ws/install/interfaces_control_pkg/include/interfaces_control_pkg/interfaces_control_pkg/msg/detail/key_point2_d_array__rosidl_typesupport_fastrtps_c.h
[0.731s] -- Up-to-date: /home/unita/ros2_ws/install/interfaces_control_pkg/include/interfaces_control_pkg/interfaces_control_pkg/msg/detail/cone_info__rosidl_typesupport_fastrtps_c.h
[0.731s] -- Up-to-date: /home/unita/ros2_ws/install/interfaces_control_pkg/include/interfaces_control_pkg/interfaces_control_pkg/msg/detail/path_planning_result__rosidl_typesupport_fastrtps_c.h
[0.731s] -- Up-to-date: /home/unita/ros2_ws/install/interfaces_control_pkg/include/interfaces_control_pkg/interfaces_control_pkg/msg/detail/point2_d__rosidl_typesupport_fastrtps_c.h
[0.731s] -- Up-to-date: /home/unita/ros2_ws/install/interfaces_control_pkg/include/interfaces_control_pkg/interfaces_control_pkg/msg/detail/key_point3_d_array__rosidl_typesupport_fastrtps_c.h
[0.731s] -- Up-to-date: /home/unita/ros2_ws/install/interfaces_control_pkg/include/interfaces_control_pkg/interfaces_control_pkg/msg/detail/bounding_box3_d__rosidl_typesupport_fastrtps_c.h
[0.731s] -- Up-to-date: /home/unita/ros2_ws/install/interfaces_control_pkg/include/interfaces_control_pkg/interfaces_control_pkg/msg/detail/key_point2_d__rosidl_typesupport_fastrtps_c.h
[0.731s] -- Up-to-date: /home/unita/ros2_ws/install/interfaces_control_pkg/lib/libinterfaces_control_pkg__rosidl_typesupport_fastrtps_c.so
[0.731s] -- Up-to-date: /home/unita/ros2_ws/install/interfaces_control_pkg/include/interfaces_control_pkg/interfaces_control_pkg
[0.731s] -- Up-to-date: /home/unita/ros2_ws/install/interfaces_control_pkg/include/interfaces_control_pkg/interfaces_control_pkg/msg
[0.731s] -- Up-to-date: /home/unita/ros2_ws/install/interfaces_control_pkg/include/interfaces_control_pkg/interfaces_control_pkg/msg/rosidl_typesupport_introspection_c__visibility_control.h
[0.731s] -- Up-to-date: /home/unita/ros2_ws/install/interfaces_control_pkg/include/interfaces_control_pkg/interfaces_control_pkg/msg/detail
[0.731s] -- Up-to-date: /home/unita/ros2_ws/install/interfaces_control_pkg/include/interfaces_control_pkg/interfaces_control_pkg/msg/detail/cone_info__rosidl_typesupport_introspection_c.h
[0.732s] -- Up-to-date: /home/unita/ros2_ws/install/interfaces_control_pkg/include/interfaces_control_pkg/interfaces_control_pkg/msg/detail/mask__type_support.c
[0.732s] -- Up-to-date: /home/unita/ros2_ws/install/interfaces_control_pkg/include/interfaces_control_pkg/interfaces_control_pkg/msg/detail/detection__rosidl_typesupport_introspection_c.h
[0.732s] -- Up-to-date: /home/unita/ros2_ws/install/interfaces_control_pkg/include/interfaces_control_pkg/interfaces_control_pkg/msg/detail/vector2__type_support.c
[0.732s] -- Up-to-date: /home/unita/ros2_ws/install/interfaces_control_pkg/include/interfaces_control_pkg/interfaces_control_pkg/msg/detail/target_point__type_support.c
[0.732s] -- Up-to-date: /home/unita/ros2_ws/install/interfaces_control_pkg/include/interfaces_control_pkg/interfaces_control_pkg/msg/detail/bounding_box3_d__rosidl_typesupport_introspection_c.h
[0.732s] -- Up-to-date: /home/unita/ros2_ws/install/interfaces_control_pkg/include/interfaces_control_pkg/interfaces_control_pkg/msg/detail/key_point2_d__rosidl_typesupport_introspection_c.h
[0.732s] -- Up-to-date: /home/unita/ros2_ws/install/interfaces_control_pkg/include/interfaces_control_pkg/interfaces_control_pkg/msg/detail/key_point3_d_array__rosidl_typesupport_introspection_c.h
[0.732s] -- Up-to-date: /home/unita/ros2_ws/install/interfaces_control_pkg/include/interfaces_control_pkg/interfaces_control_pkg/msg/detail/point2_d__type_support.c
[0.732s] -- Up-to-date: /home/unita/ros2_ws/install/interfaces_control_pkg/include/interfaces_control_pkg/interfaces_control_pkg/msg/detail/pose2_d__type_support.c
[0.732s] -- Up-to-date: /home/unita/ros2_ws/install/interfaces_control_pkg/include/interfaces_control_pkg/interfaces_control_pkg/msg/detail/cone_info__type_support.c
[0.732s] -- Up-to-date: /home/unita/ros2_ws/install/interfaces_control_pkg/include/interfaces_control_pkg/interfaces_control_pkg/msg/detail/point2_d__rosidl_typesupport_introspection_c.h
[0.732s] -- Up-to-date: /home/unita/ros2_ws/install/interfaces_control_pkg/include/interfaces_control_pkg/interfaces_control_pkg/msg/detail/erp_cmd_msg__rosidl_typesupport_introspection_c.h
[0.732s] -- Up-to-date: /home/unita/ros2_ws/install/interfaces_control_pkg/include/interfaces_control_pkg/interfaces_control_pkg/msg/detail/cone_info_array__rosidl_typesupport_introspection_c.h
[0.732s] -- Up-to-date: /home/unita/ros2_ws/install/interfaces_control_pkg/include/interfaces_control_pkg/interfaces_control_pkg/msg/detail/target_point__rosidl_typesupport_introspection_c.h
[0.732s] -- Up-to-date: /home/unita/ros2_ws/install/interfaces_control_pkg/include/interfaces_control_pkg/interfaces_control_pkg/msg/detail/path_planning_result__rosidl_typesupport_introspection_c.h
[0.732s] -- Up-to-date: /home/unita/ros2_ws/install/interfaces_control_pkg/include/interfaces_control_pkg/interfaces_control_pkg/msg/detail/key_point3_d_array__type_support.c
[0.732s] -- Up-to-date: /home/unita/ros2_ws/install/interfaces_control_pkg/include/interfaces_control_pkg/interfaces_control_pkg/msg/detail/bounding_box2_d__type_support.c
[0.732s] -- Up-to-date: /home/unita/ros2_ws/install/interfaces_control_pkg/include/interfaces_control_pkg/interfaces_control_pkg/msg/detail/vector2__rosidl_typesupport_introspection_c.h
[0.732s] -- Up-to-date: /home/unita/ros2_ws/install/interfaces_control_pkg/include/interfaces_control_pkg/interfaces_control_pkg/msg/detail/pose2_d__rosidl_typesupport_introspection_c.h
[0.732s] -- Up-to-date: /home/unita/ros2_ws/install/interfaces_control_pkg/include/interfaces_control_pkg/interfaces_control_pkg/msg/detail/cone_info_array__type_support.c
[0.732s] -- Up-to-date: /home/unita/ros2_ws/install/interfaces_control_pkg/include/interfaces_control_pkg/interfaces_control_pkg/msg/detail/lane_info__type_support.c
[0.732s] -- Up-to-date: /home/unita/ros2_ws/install/interfaces_control_pkg/include/interfaces_control_pkg/interfaces_control_pkg/msg/detail/erp_status_msg__type_support.c
[0.732s] -- Up-to-date: /home/unita/ros2_ws/install/interfaces_control_pkg/include/interfaces_control_pkg/interfaces_control_pkg/msg/detail/path_planning_result__type_support.c
[0.732s] -- Up-to-date: /home/unita/ros2_ws/install/interfaces_control_pkg/include/interfaces_control_pkg/interfaces_control_pkg/msg/detail/motion_command__type_support.c
[0.732s] -- Up-to-date: /home/unita/ros2_ws/install/interfaces_control_pkg/include/interfaces_control_pkg/interfaces_control_pkg/msg/detail/key_point3_d__rosidl_typesupport_introspection_c.h
[0.732s] -- Up-to-date: /home/unita/ros2_ws/install/interfaces_control_pkg/include/interfaces_control_pkg/interfaces_control_pkg/msg/detail/motion_command__rosidl_typesupport_introspection_c.h
[0.732s] -- Up-to-date: /home/unita/ros2_ws/install/interfaces_control_pkg/include/interfaces_control_pkg/interfaces_control_pkg/msg/detail/detection_array__rosidl_typesupport_introspection_c.h
[0.732s] -- Up-to-date: /home/unita/ros2_ws/install/interfaces_control_pkg/include/interfaces_control_pkg/interfaces_control_pkg/msg/detail/bounding_box3_d__type_support.c
[0.732s] -- Up-to-date: /home/unita/ros2_ws/install/interfaces_control_pkg/include/interfaces_control_pkg/interfaces_control_pkg/msg/detail/detection_array__type_support.c
[0.733s] -- Up-to-date: /home/unita/ros2_ws/install/interfaces_control_pkg/include/interfaces_control_pkg/interfaces_control_pkg/msg/detail/detection__type_support.c
[0.733s] -- Up-to-date: /home/unita/ros2_ws/install/interfaces_control_pkg/include/interfaces_control_pkg/interfaces_control_pkg/msg/detail/key_point3_d__type_support.c
[0.733s] -- Up-to-date: /home/unita/ros2_ws/install/interfaces_control_pkg/include/interfaces_control_pkg/interfaces_control_pkg/msg/detail/key_point2_d__type_support.c
[0.733s] -- Up-to-date: /home/unita/ros2_ws/install/interfaces_control_pkg/include/interfaces_control_pkg/interfaces_control_pkg/msg/detail/key_point2_d_array__rosidl_typesupport_introspection_c.h
[0.733s] -- Up-to-date: /home/unita/ros2_ws/install/interfaces_control_pkg/include/interfaces_control_pkg/interfaces_control_pkg/msg/detail/bounding_box2_d__rosidl_typesupport_introspection_c.h
[0.733s] -- Up-to-date: /home/unita/ros2_ws/install/interfaces_control_pkg/include/interfaces_control_pkg/interfaces_control_pkg/msg/detail/key_point2_d_array__type_support.c
[0.733s] -- Up-to-date: /home/unita/ros2_ws/install/interfaces_control_pkg/include/interfaces_control_pkg/interfaces_control_pkg/msg/detail/erp_status_msg__rosidl_typesupport_introspection_c.h
[0.733s] -- Up-to-date: /home/unita/ros2_ws/install/interfaces_control_pkg/include/interfaces_control_pkg/interfaces_control_pkg/msg/detail/mask__rosidl_typesupport_introspection_c.h
[0.733s] -- Up-to-date: /home/unita/ros2_ws/install/interfaces_control_pkg/include/interfaces_control_pkg/interfaces_control_pkg/msg/detail/lane_info__rosidl_typesupport_introspection_c.h
[0.733s] -- Up-to-date: /home/unita/ros2_ws/install/interfaces_control_pkg/include/interfaces_control_pkg/interfaces_control_pkg/msg/detail/erp_cmd_msg__type_support.c
[0.733s] -- Up-to-date: /home/unita/ros2_ws/install/interfaces_control_pkg/lib/libinterfaces_control_pkg__rosidl_typesupport_introspection_c.so
[0.733s] -- Up-to-date: /home/unita/ros2_ws/install/interfaces_control_pkg/lib/libinterfaces_control_pkg__rosidl_typesupport_c.so
[0.733s] -- Up-to-date: /home/unita/ros2_ws/install/interfaces_control_pkg/include/interfaces_control_pkg/interfaces_control_pkg
[0.733s] -- Up-to-date: /home/unita/ros2_ws/install/interfaces_control_pkg/include/interfaces_control_pkg/interfaces_control_pkg/msg
[0.733s] -- Up-to-date: /home/unita/ros2_ws/install/interfaces_control_pkg/include/interfaces_control_pkg/interfaces_control_pkg/msg/detection.hpp
[0.733s] -- Up-to-date: /home/unita/ros2_ws/install/interfaces_control_pkg/include/interfaces_control_pkg/interfaces_control_pkg/msg/key_point2_d.hpp
[0.733s] -- Up-to-date: /home/unita/ros2_ws/install/interfaces_control_pkg/include/interfaces_control_pkg/interfaces_control_pkg/msg/key_point3_d.hpp
[0.733s] -- Up-to-date: /home/unita/ros2_ws/install/interfaces_control_pkg/include/interfaces_control_pkg/interfaces_control_pkg/msg/detection_array.hpp
[0.733s] -- Up-to-date: /home/unita/ros2_ws/install/interfaces_control_pkg/include/interfaces_control_pkg/interfaces_control_pkg/msg/vector2.hpp
[0.733s] -- Up-to-date: /home/unita/ros2_ws/install/interfaces_control_pkg/include/interfaces_control_pkg/interfaces_control_pkg/msg/cone_info_array.hpp
[0.733s] -- Up-to-date: /home/unita/ros2_ws/install/interfaces_control_pkg/include/interfaces_control_pkg/interfaces_control_pkg/msg/erp_cmd_msg.hpp
[0.733s] -- Up-to-date: /home/unita/ros2_ws/install/interfaces_control_pkg/include/interfaces_control_pkg/interfaces_control_pkg/msg/mask.hpp
[0.733s] -- Up-to-date: /home/unita/ros2_ws/install/interfaces_control_pkg/include/interfaces_control_pkg/interfaces_control_pkg/msg/motion_command.hpp
[0.733s] -- Up-to-date: /home/unita/ros2_ws/install/interfaces_control_pkg/include/interfaces_control_pkg/interfaces_control_pkg/msg/bounding_box3_d.hpp
[0.733s] -- Up-to-date: /home/unita/ros2_ws/install/interfaces_control_pkg/include/interfaces_control_pkg/interfaces_control_pkg/msg/target_point.hpp
[0.733s] -- Up-to-date: /home/unita/ros2_ws/install/interfaces_control_pkg/include/interfaces_control_pkg/interfaces_control_pkg/msg/rosidl_generator_cpp__visibility_control.hpp
[0.733s] -- Up-to-date: /home/unita/ros2_ws/install/interfaces_control_pkg/include/interfaces_control_pkg/interfaces_control_pkg/msg/lane_info.hpp
[0.733s] -- Up-to-date: /home/unita/ros2_ws/install/interfaces_control_pkg/include/interfaces_control_pkg/interfaces_control_pkg/msg/path_planning_result.hpp
[0.733s] -- Up-to-date: /home/unita/ros2_ws/install/interfaces_control_pkg/include/interfaces_control_pkg/interfaces_control_pkg/msg/key_point3_d_array.hpp
[0.733s] -- Up-to-date: /home/unita/ros2_ws/install/interfaces_control_pkg/include/interfaces_control_pkg/interfaces_control_pkg/msg/bounding_box2_d.hpp
[0.733s] -- Up-to-date: /home/unita/ros2_ws/install/interfaces_control_pkg/include/interfaces_control_pkg/interfaces_control_pkg/msg/erp_status_msg.hpp
[0.734s] -- Up-to-date: /home/unita/ros2_ws/install/interfaces_control_pkg/include/interfaces_control_pkg/interfaces_control_pkg/msg/cone_info.hpp
[0.734s] -- Up-to-date: /home/unita/ros2_ws/install/interfaces_control_pkg/include/interfaces_control_pkg/interfaces_control_pkg/msg/pose2_d.hpp
[0.734s] -- Up-to-date: /home/unita/ros2_ws/install/interfaces_control_pkg/include/interfaces_control_pkg/interfaces_control_pkg/msg/point2_d.hpp
[0.734s] -- Up-to-date: /home/unita/ros2_ws/install/interfaces_control_pkg/include/interfaces_control_pkg/interfaces_control_pkg/msg/key_point2_d_array.hpp
[0.734s] -- Up-to-date: /home/unita/ros2_ws/install/interfaces_control_pkg/include/interfaces_control_pkg/interfaces_control_pkg/msg/detail
[0.734s] -- Up-to-date: /home/unita/ros2_ws/install/interfaces_control_pkg/include/interfaces_control_pkg/interfaces_control_pkg/msg/detail/bounding_box2_d__struct.hpp
[0.734s] -- Up-to-date: /home/unita/ros2_ws/install/interfaces_control_pkg/include/interfaces_control_pkg/interfaces_control_pkg/msg/detail/point2_d__type_support.hpp
[0.734s] -- Up-to-date: /home/unita/ros2_ws/install/interfaces_control_pkg/include/interfaces_control_pkg/interfaces_control_pkg/msg/detail/key_point3_d__traits.hpp
[0.734s] -- Up-to-date: /home/unita/ros2_ws/install/interfaces_control_pkg/include/interfaces_control_pkg/interfaces_control_pkg/msg/detail/motion_command__type_support.hpp
[0.734s] -- Up-to-date: /home/unita/ros2_ws/install/interfaces_control_pkg/include/interfaces_control_pkg/interfaces_control_pkg/msg/detail/erp_cmd_msg__type_support.hpp
[0.734s] -- Up-to-date: /home/unita/ros2_ws/install/interfaces_control_pkg/include/interfaces_control_pkg/interfaces_control_pkg/msg/detail/bounding_box2_d__traits.hpp
[0.734s] -- Up-to-date: /home/unita/ros2_ws/install/interfaces_control_pkg/include/interfaces_control_pkg/interfaces_control_pkg/msg/detail/lane_info__traits.hpp
[0.734s] -- Up-to-date: /home/unita/ros2_ws/install/interfaces_control_pkg/include/interfaces_control_pkg/interfaces_control_pkg/msg/detail/key_point3_d__struct.hpp
[0.734s] -- Up-to-date: /home/unita/ros2_ws/install/interfaces_control_pkg/include/interfaces_control_pkg/interfaces_control_pkg/msg/detail/key_point2_d__type_support.hpp
[0.734s] -- Up-to-date: /home/unita/ros2_ws/install/interfaces_control_pkg/include/interfaces_control_pkg/interfaces_control_pkg/msg/detail/detection__builder.hpp
[0.734s] -- Up-to-date: /home/unita/ros2_ws/install/interfaces_control_pkg/include/interfaces_control_pkg/interfaces_control_pkg/msg/detail/point2_d__traits.hpp
[0.734s] -- Up-to-date: /home/unita/ros2_ws/install/interfaces_control_pkg/include/interfaces_control_pkg/interfaces_control_pkg/msg/detail/erp_status_msg__builder.hpp
[0.734s] -- Up-to-date: /home/unita/ros2_ws/install/interfaces_control_pkg/include/interfaces_control_pkg/interfaces_control_pkg/msg/detail/detection__traits.hpp
[0.734s] -- Up-to-date: /home/unita/ros2_ws/install/interfaces_control_pkg/include/interfaces_control_pkg/interfaces_control_pkg/msg/detail/key_point2_d__struct.hpp
[0.734s] -- Up-to-date: /home/unita/ros2_ws/install/interfaces_control_pkg/include/interfaces_control_pkg/interfaces_control_pkg/msg/detail/erp_cmd_msg__struct.hpp
[0.734s] -- Up-to-date: /home/unita/ros2_ws/install/interfaces_control_pkg/include/interfaces_control_pkg/interfaces_control_pkg/msg/detail/bounding_box2_d__builder.hpp
[0.734s] -- Up-to-date: /home/unita/ros2_ws/install/interfaces_control_pkg/include/interfaces_control_pkg/interfaces_control_pkg/msg/detail/path_planning_result__type_support.hpp
[0.734s] -- Up-to-date: /home/unita/ros2_ws/install/interfaces_control_pkg/include/interfaces_control_pkg/interfaces_control_pkg/msg/detail/lane_info__struct.hpp
[0.734s] -- Up-to-date: /home/unita/ros2_ws/install/interfaces_control_pkg/include/interfaces_control_pkg/interfaces_control_pkg/msg/detail/pose2_d__traits.hpp
[0.734s] -- Up-to-date: /home/unita/ros2_ws/install/interfaces_control_pkg/include/interfaces_control_pkg/interfaces_control_pkg/msg/detail/mask__traits.hpp
[0.734s] -- Up-to-date: /home/unita/ros2_ws/install/interfaces_control_pkg/include/interfaces_control_pkg/interfaces_control_pkg/msg/detail/lane_info__builder.hpp
[0.734s] -- Up-to-date: /home/unita/ros2_ws/install/interfaces_control_pkg/include/interfaces_control_pkg/interfaces_control_pkg/msg/detail/point2_d__struct.hpp
[0.734s] -- Up-to-date: /home/unita/ros2_ws/install/interfaces_control_pkg/include/interfaces_control_pkg/interfaces_control_pkg/msg/detail/vector2__type_support.hpp
[0.734s] -- Up-to-date: /home/unita/ros2_ws/install/interfaces_control_pkg/include/interfaces_control_pkg/interfaces_control_pkg/msg/detail/motion_command__struct.hpp
[0.734s] -- Up-to-date: /home/unita/ros2_ws/install/interfaces_control_pkg/include/interfaces_control_pkg/interfaces_control_pkg/msg/detail/key_point2_d_array__type_support.hpp
[0.734s] -- Up-to-date: /home/unita/ros2_ws/install/interfaces_control_pkg/include/interfaces_control_pkg/interfaces_control_pkg/msg/detail/vector2__traits.hpp
[0.734s] -- Up-to-date: /home/unita/ros2_ws/install/interfaces_control_pkg/include/interfaces_control_pkg/interfaces_control_pkg/msg/detail/detection_array__struct.hpp
[0.734s] -- Up-to-date: /home/unita/ros2_ws/install/interfaces_control_pkg/include/interfaces_control_pkg/interfaces_control_pkg/msg/detail/key_point2_d_array__traits.hpp
[0.734s] -- Up-to-date: /home/unita/ros2_ws/install/interfaces_control_pkg/include/interfaces_control_pkg/interfaces_control_pkg/msg/detail/cone_info__builder.hpp
[0.735s] -- Up-to-date: /home/unita/ros2_ws/install/interfaces_control_pkg/include/interfaces_control_pkg/interfaces_control_pkg/msg/detail/detection__type_support.hpp
[0.735s] -- Up-to-date: /home/unita/ros2_ws/install/interfaces_control_pkg/include/interfaces_control_pkg/interfaces_control_pkg/msg/detail/pose2_d__type_support.hpp
[0.735s] -- Up-to-date: /home/unita/ros2_ws/install/interfaces_control_pkg/include/interfaces_control_pkg/interfaces_control_pkg/msg/detail/cone_info__traits.hpp
[0.735s] -- Up-to-date: /home/unita/ros2_ws/install/interfaces_control_pkg/include/interfaces_control_pkg/interfaces_control_pkg/msg/detail/cone_info_array__builder.hpp
[0.735s] -- Up-to-date: /home/unita/ros2_ws/install/interfaces_control_pkg/include/interfaces_control_pkg/interfaces_control_pkg/msg/detail/key_point2_d_array__struct.hpp
[0.735s] -- Up-to-date: /home/unita/ros2_ws/install/interfaces_control_pkg/include/interfaces_control_pkg/interfaces_control_pkg/msg/detail/path_planning_result__struct.hpp
[0.735s] -- Up-to-date: /home/unita/ros2_ws/install/interfaces_control_pkg/include/interfaces_control_pkg/interfaces_control_pkg/msg/detail/bounding_box3_d__builder.hpp
[0.735s] -- Up-to-date: /home/unita/ros2_ws/install/interfaces_control_pkg/include/interfaces_control_pkg/interfaces_control_pkg/msg/detail/key_point3_d_array__builder.hpp
[0.735s] -- Up-to-date: /home/unita/ros2_ws/install/interfaces_control_pkg/include/interfaces_control_pkg/interfaces_control_pkg/msg/detail/key_point2_d_array__builder.hpp
[0.735s] -- Up-to-date: /home/unita/ros2_ws/install/interfaces_control_pkg/include/interfaces_control_pkg/interfaces_control_pkg/msg/detail/bounding_box3_d__struct.hpp
[0.735s] -- Up-to-date: /home/unita/ros2_ws/install/interfaces_control_pkg/include/interfaces_control_pkg/interfaces_control_pkg/msg/detail/key_point3_d_array__type_support.hpp
[0.735s] -- Up-to-date: /home/unita/ros2_ws/install/interfaces_control_pkg/include/interfaces_control_pkg/interfaces_control_pkg/msg/detail/cone_info__type_support.hpp
[0.735s] -- Up-to-date: /home/unita/ros2_ws/install/interfaces_control_pkg/include/interfaces_control_pkg/interfaces_control_pkg/msg/detail/bounding_box2_d__type_support.hpp
[0.735s] -- Up-to-date: /home/unita/ros2_ws/install/interfaces_control_pkg/include/interfaces_control_pkg/interfaces_control_pkg/msg/detail/bounding_box3_d__type_support.hpp
[0.735s] -- Up-to-date: /home/unita/ros2_ws/install/interfaces_control_pkg/include/interfaces_control_pkg/interfaces_control_pkg/msg/detail/key_point3_d_array__traits.hpp
[0.735s] -- Up-to-date: /home/unita/ros2_ws/install/interfaces_control_pkg/include/interfaces_control_pkg/interfaces_control_pkg/msg/detail/mask__struct.hpp
[0.735s] -- Up-to-date: /home/unita/ros2_ws/install/interfaces_control_pkg/include/interfaces_control_pkg/interfaces_control_pkg/msg/detail/cone_info_array__struct.hpp
[0.735s] -- Up-to-date: /home/unita/ros2_ws/install/interfaces_control_pkg/include/interfaces_control_pkg/interfaces_control_pkg/msg/detail/key_point3_d__type_support.hpp
[0.735s] -- Up-to-date: /home/unita/ros2_ws/install/interfaces_control_pkg/include/interfaces_control_pkg/interfaces_control_pkg/msg/detail/target_point__type_support.hpp
[0.735s] -- Up-to-date: /home/unita/ros2_ws/install/interfaces_control_pkg/include/interfaces_control_pkg/interfaces_control_pkg/msg/detail/point2_d__builder.hpp
[0.735s] -- Up-to-date: /home/unita/ros2_ws/install/interfaces_control_pkg/include/interfaces_control_pkg/interfaces_control_pkg/msg/detail/vector2__builder.hpp
[0.735s] -- Up-to-date: /home/unita/ros2_ws/install/interfaces_control_pkg/include/interfaces_control_pkg/interfaces_control_pkg/msg/detail/vector2__struct.hpp
[0.735s] -- Up-to-date: /home/unita/ros2_ws/install/interfaces_control_pkg/include/interfaces_control_pkg/interfaces_control_pkg/msg/detail/target_point__builder.hpp
[0.735s] -- Up-to-date: /home/unita/ros2_ws/install/interfaces_control_pkg/include/interfaces_control_pkg/interfaces_control_pkg/msg/detail/key_point2_d__traits.hpp
[0.735s] -- Up-to-date: /home/unita/ros2_ws/install/interfaces_control_pkg/include/interfaces_control_pkg/interfaces_control_pkg/msg/detail/cone_info_array__type_support.hpp
[0.735s] -- Up-to-date: /home/unita/ros2_ws/install/interfaces_control_pkg/include/interfaces_control_pkg/interfaces_control_pkg/msg/detail/detection_array__type_support.hpp
[0.735s] -- Up-to-date: /home/unita/ros2_ws/install/interfaces_control_pkg/include/interfaces_control_pkg/interfaces_control_pkg/msg/detail/erp_cmd_msg__traits.hpp
[0.735s] -- Up-to-date: /home/unita/ros2_ws/install/interfaces_control_pkg/include/interfaces_control_pkg/interfaces_control_pkg/msg/detail/mask__type_support.hpp
[0.735s] -- Up-to-date: /home/unita/ros2_ws/install/interfaces_control_pkg/include/interfaces_control_pkg/interfaces_control_pkg/msg/detail/pose2_d__builder.hpp
[0.735s] -- Up-to-date: /home/unita/ros2_ws/install/interfaces_control_pkg/include/interfaces_control_pkg/interfaces_control_pkg/msg/detail/detection__struct.hpp
[0.735s] -- Up-to-date: /home/unita/ros2_ws/install/interfaces_control_pkg/include/interfaces_control_pkg/interfaces_control_pkg/msg/detail/key_point3_d__builder.hpp
[0.735s] -- Up-to-date: /home/unita/ros2_ws/install/interfaces_control_pkg/include/interfaces_control_pkg/interfaces_control_pkg/msg/detail/target_point__traits.hpp
[0.735s] -- Up-to-date: /home/unita/ros2_ws/install/interfaces_control_pkg/include/interfaces_control_pkg/interfaces_control_pkg/msg/detail/motion_command__builder.hpp
[0.735s] -- Up-to-date: /home/unita/ros2_ws/install/interfaces_control_pkg/include/interfaces_control_pkg/interfaces_control_pkg/msg/detail/erp_status_msg__struct.hpp
[0.736s] -- Up-to-date: /home/unita/ros2_ws/install/interfaces_control_pkg/include/interfaces_control_pkg/interfaces_control_pkg/msg/detail/cone_info_array__traits.hpp
[0.736s] -- Up-to-date: /home/unita/ros2_ws/install/interfaces_control_pkg/include/interfaces_control_pkg/interfaces_control_pkg/msg/detail/detection_array__builder.hpp
[0.736s] -- Up-to-date: /home/unita/ros2_ws/install/interfaces_control_pkg/include/interfaces_control_pkg/interfaces_control_pkg/msg/detail/motion_command__traits.hpp
[0.736s] -- Up-to-date: /home/unita/ros2_ws/install/interfaces_control_pkg/include/interfaces_control_pkg/interfaces_control_pkg/msg/detail/target_point__struct.hpp
[0.736s] -- Up-to-date: /home/unita/ros2_ws/install/interfaces_control_pkg/include/interfaces_control_pkg/interfaces_control_pkg/msg/detail/cone_info__struct.hpp
[0.736s] -- Up-to-date: /home/unita/ros2_ws/install/interfaces_control_pkg/include/interfaces_control_pkg/interfaces_control_pkg/msg/detail/path_planning_result__traits.hpp
[0.736s] -- Up-to-date: /home/unita/ros2_ws/install/interfaces_control_pkg/include/interfaces_control_pkg/interfaces_control_pkg/msg/detail/mask__builder.hpp
[0.736s] -- Up-to-date: /home/unita/ros2_ws/install/interfaces_control_pkg/include/interfaces_control_pkg/interfaces_control_pkg/msg/detail/erp_status_msg__traits.hpp
[0.736s] -- Up-to-date: /home/unita/ros2_ws/install/interfaces_control_pkg/include/interfaces_control_pkg/interfaces_control_pkg/msg/detail/key_point3_d_array__struct.hpp
[0.736s] -- Up-to-date: /home/unita/ros2_ws/install/interfaces_control_pkg/include/interfaces_control_pkg/interfaces_control_pkg/msg/detail/lane_info__type_support.hpp
[0.736s] -- Up-to-date: /home/unita/ros2_ws/install/interfaces_control_pkg/include/interfaces_control_pkg/interfaces_control_pkg/msg/detail/key_point2_d__builder.hpp
[0.736s] -- Up-to-date: /home/unita/ros2_ws/install/interfaces_control_pkg/include/interfaces_control_pkg/interfaces_control_pkg/msg/detail/erp_status_msg__type_support.hpp
[0.736s] -- Up-to-date: /home/unita/ros2_ws/install/interfaces_control_pkg/include/interfaces_control_pkg/interfaces_control_pkg/msg/detail/erp_cmd_msg__builder.hpp
[0.736s] -- Up-to-date: /home/unita/ros2_ws/install/interfaces_control_pkg/include/interfaces_control_pkg/interfaces_control_pkg/msg/detail/detection_array__traits.hpp
[0.736s] -- Up-to-date: /home/unita/ros2_ws/install/interfaces_control_pkg/include/interfaces_control_pkg/interfaces_control_pkg/msg/detail/bounding_box3_d__traits.hpp
[0.736s] -- Up-to-date: /home/unita/ros2_ws/install/interfaces_control_pkg/include/interfaces_control_pkg/interfaces_control_pkg/msg/detail/pose2_d__struct.hpp
[0.736s] -- Up-to-date: /home/unita/ros2_ws/install/interfaces_control_pkg/include/interfaces_control_pkg/interfaces_control_pkg/msg/detail/path_planning_result__builder.hpp
[0.736s] -- Up-to-date: /home/unita/ros2_ws/install/interfaces_control_pkg/include/interfaces_control_pkg/interfaces_control_pkg
[0.736s] -- Up-to-date: /home/unita/ros2_ws/install/interfaces_control_pkg/include/interfaces_control_pkg/interfaces_control_pkg/msg
[0.736s] -- Up-to-date: /home/unita/ros2_ws/install/interfaces_control_pkg/include/interfaces_control_pkg/interfaces_control_pkg/msg/rosidl_typesupport_fastrtps_cpp__visibility_control.h
[0.736s] -- Up-to-date: /home/unita/ros2_ws/install/interfaces_control_pkg/include/interfaces_control_pkg/interfaces_control_pkg/msg/detail
[0.736s] -- Up-to-date: /home/unita/ros2_ws/install/interfaces_control_pkg/include/interfaces_control_pkg/interfaces_control_pkg/msg/detail/point2_d__rosidl_typesupport_fastrtps_cpp.hpp
[0.736s] -- Up-to-date: /home/unita/ros2_ws/install/interfaces_control_pkg/include/interfaces_control_pkg/interfaces_control_pkg/msg/detail/cone_info_array__rosidl_typesupport_fastrtps_cpp.hpp
[0.736s] -- Up-to-date: /home/unita/ros2_ws/install/interfaces_control_pkg/include/interfaces_control_pkg/interfaces_control_pkg/msg/detail/cone_info__rosidl_typesupport_fastrtps_cpp.hpp
[0.736s] -- Up-to-date: /home/unita/ros2_ws/install/interfaces_control_pkg/include/interfaces_control_pkg/interfaces_control_pkg/msg/detail/bounding_box3_d__rosidl_typesupport_fastrtps_cpp.hpp
[0.736s] -- Up-to-date: /home/unita/ros2_ws/install/interfaces_control_pkg/include/interfaces_control_pkg/interfaces_control_pkg/msg/detail/key_point3_d__rosidl_typesupport_fastrtps_cpp.hpp
[0.736s] -- Up-to-date: /home/unita/ros2_ws/install/interfaces_control_pkg/include/interfaces_control_pkg/interfaces_control_pkg/msg/detail/key_point2_d_array__rosidl_typesupport_fastrtps_cpp.hpp
[0.736s] -- Up-to-date: /home/unita/ros2_ws/install/interfaces_control_pkg/include/interfaces_control_pkg/interfaces_control_pkg/msg/detail/path_planning_result__rosidl_typesupport_fastrtps_cpp.hpp
[0.736s] -- Up-to-date: /home/unita/ros2_ws/install/interfaces_control_pkg/include/interfaces_control_pkg/interfaces_control_pkg/msg/detail/vector2__rosidl_typesupport_fastrtps_cpp.hpp
[0.736s] -- Up-to-date: /home/unita/ros2_ws/install/interfaces_control_pkg/include/interfaces_control_pkg/interfaces_control_pkg/msg/detail/detection__rosidl_typesupport_fastrtps_cpp.hpp
[0.736s] -- Up-to-date: /home/unita/ros2_ws/install/interfaces_control_pkg/include/interfaces_control_pkg/interfaces_control_pkg/msg/detail/lane_info__rosidl_typesupport_fastrtps_cpp.hpp
[0.737s] -- Up-to-date: /home/unita/ros2_ws/install/interfaces_control_pkg/include/interfaces_control_pkg/interfaces_control_pkg/msg/detail/mask__rosidl_typesupport_fastrtps_cpp.hpp
[0.737s] -- Up-to-date: /home/unita/ros2_ws/install/interfaces_control_pkg/include/interfaces_control_pkg/interfaces_control_pkg/msg/detail/key_point3_d_array__rosidl_typesupport_fastrtps_cpp.hpp
[0.737s] -- Up-to-date: /home/unita/ros2_ws/install/interfaces_control_pkg/include/interfaces_control_pkg/interfaces_control_pkg/msg/detail/pose2_d__rosidl_typesupport_fastrtps_cpp.hpp
[0.737s] -- Up-to-date: /home/unita/ros2_ws/install/interfaces_control_pkg/include/interfaces_control_pkg/interfaces_control_pkg/msg/detail/key_point2_d__rosidl_typesupport_fastrtps_cpp.hpp
[0.737s] -- Up-to-date: /home/unita/ros2_ws/install/interfaces_control_pkg/include/interfaces_control_pkg/interfaces_control_pkg/msg/detail/motion_command__rosidl_typesupport_fastrtps_cpp.hpp
[0.737s] -- Up-to-date: /home/unita/ros2_ws/install/interfaces_control_pkg/include/interfaces_control_pkg/interfaces_control_pkg/msg/detail/erp_status_msg__rosidl_typesupport_fastrtps_cpp.hpp
[0.737s] -- Up-to-date: /home/unita/ros2_ws/install/interfaces_control_pkg/include/interfaces_control_pkg/interfaces_control_pkg/msg/detail/detection_array__rosidl_typesupport_fastrtps_cpp.hpp
[0.737s] -- Up-to-date: /home/unita/ros2_ws/install/interfaces_control_pkg/include/interfaces_control_pkg/interfaces_control_pkg/msg/detail/bounding_box2_d__rosidl_typesupport_fastrtps_cpp.hpp
[0.737s] -- Up-to-date: /home/unita/ros2_ws/install/interfaces_control_pkg/include/interfaces_control_pkg/interfaces_control_pkg/msg/detail/erp_cmd_msg__rosidl_typesupport_fastrtps_cpp.hpp
[0.737s] -- Up-to-date: /home/unita/ros2_ws/install/interfaces_control_pkg/include/interfaces_control_pkg/interfaces_control_pkg/msg/detail/target_point__rosidl_typesupport_fastrtps_cpp.hpp
[0.737s] -- Up-to-date: /home/unita/ros2_ws/install/interfaces_control_pkg/include/interfaces_control_pkg/interfaces_control_pkg/msg/detail/dds_fastrtps
[0.737s] -- Up-to-date: /home/unita/ros2_ws/install/interfaces_control_pkg/lib/libinterfaces_control_pkg__rosidl_typesupport_fastrtps_cpp.so
[0.737s] -- Up-to-date: /home/unita/ros2_ws/install/interfaces_control_pkg/include/interfaces_control_pkg/interfaces_control_pkg
[0.737s] -- Up-to-date: /home/unita/ros2_ws/install/interfaces_control_pkg/include/interfaces_control_pkg/interfaces_control_pkg/msg
[0.737s] -- Up-to-date: /home/unita/ros2_ws/install/interfaces_control_pkg/include/interfaces_control_pkg/interfaces_control_pkg/msg/detail
[0.737s] -- Up-to-date: /home/unita/ros2_ws/install/interfaces_control_pkg/include/interfaces_control_pkg/interfaces_control_pkg/msg/detail/key_point3_d__type_support.cpp
[0.737s] -- Up-to-date: /home/unita/ros2_ws/install/interfaces_control_pkg/include/interfaces_control_pkg/interfaces_control_pkg/msg/detail/detection__rosidl_typesupport_introspection_cpp.hpp
[0.737s] -- Up-to-date: /home/unita/ros2_ws/install/interfaces_control_pkg/include/interfaces_control_pkg/interfaces_control_pkg/msg/detail/vector2__rosidl_typesupport_introspection_cpp.hpp
[0.737s] -- Up-to-date: /home/unita/ros2_ws/install/interfaces_control_pkg/include/interfaces_control_pkg/interfaces_control_pkg/msg/detail/path_planning_result__rosidl_typesupport_introspection_cpp.hpp
[0.737s] -- Up-to-date: /home/unita/ros2_ws/install/interfaces_control_pkg/include/interfaces_control_pkg/interfaces_control_pkg/msg/detail/vector2__type_support.cpp
[0.737s] -- Up-to-date: /home/unita/ros2_ws/install/interfaces_control_pkg/include/interfaces_control_pkg/interfaces_control_pkg/msg/detail/target_point__rosidl_typesupport_introspection_cpp.hpp
[0.737s] -- Up-to-date: /home/unita/ros2_ws/install/interfaces_control_pkg/include/interfaces_control_pkg/interfaces_control_pkg/msg/detail/detection__type_support.cpp
[0.737s] -- Up-to-date: /home/unita/ros2_ws/install/interfaces_control_pkg/include/interfaces_control_pkg/interfaces_control_pkg/msg/detail/pose2_d__type_support.cpp
[0.737s] -- Up-to-date: /home/unita/ros2_ws/install/interfaces_control_pkg/include/interfaces_control_pkg/interfaces_control_pkg/msg/detail/detection_array__type_support.cpp
[0.737s] -- Up-to-date: /home/unita/ros2_ws/install/interfaces_control_pkg/include/interfaces_control_pkg/interfaces_control_pkg/msg/detail/cone_info_array__type_support.cpp
[0.737s] -- Up-to-date: /home/unita/ros2_ws/install/interfaces_control_pkg/include/interfaces_control_pkg/interfaces_control_pkg/msg/detail/mask__rosidl_typesupport_introspection_cpp.hpp
[0.737s] -- Up-to-date: /home/unita/ros2_ws/install/interfaces_control_pkg/include/interfaces_control_pkg/interfaces_control_pkg/msg/detail/erp_cmd_msg__rosidl_typesupport_introspection_cpp.hpp
[0.737s] -- Up-to-date: /home/unita/ros2_ws/install/interfaces_control_pkg/include/interfaces_control_pkg/interfaces_control_pkg/msg/detail/cone_info__rosidl_typesupport_introspection_cpp.hpp
[0.737s] -- Up-to-date: /home/unita/ros2_ws/install/interfaces_control_pkg/include/interfaces_control_pkg/interfaces_control_pkg/msg/detail/bounding_box2_d__type_support.cpp
[0.737s] -- Up-to-date: /home/unita/ros2_ws/install/interfaces_control_pkg/include/interfaces_control_pkg/interfaces_control_pkg/msg/detail/pose2_d__rosidl_typesupport_introspection_cpp.hpp
[0.737s] -- Up-to-date: /home/unita/ros2_ws/install/interfaces_control_pkg/include/interfaces_control_pkg/interfaces_control_pkg/msg/detail/lane_info__type_support.cpp
[0.737s] -- Up-to-date: /home/unita/ros2_ws/install/interfaces_control_pkg/include/interfaces_control_pkg/interfaces_control_pkg/msg/detail/key_point2_d_array__type_support.cpp
[0.737s] -- Up-to-date: /home/unita/ros2_ws/install/interfaces_control_pkg/include/interfaces_control_pkg/interfaces_control_pkg/msg/detail/path_planning_result__type_support.cpp
[0.737s] -- Up-to-date: /home/unita/ros2_ws/install/interfaces_control_pkg/include/interfaces_control_pkg/interfaces_control_pkg/msg/detail/key_point3_d__rosidl_typesupport_introspection_cpp.hpp
[0.737s] -- Up-to-date: /home/unita/ros2_ws/install/interfaces_control_pkg/include/interfaces_control_pkg/interfaces_control_pkg/msg/detail/lane_info__rosidl_typesupport_introspection_cpp.hpp
[0.737s] -- Up-to-date: /home/unita/ros2_ws/install/interfaces_control_pkg/include/interfaces_control_pkg/interfaces_control_pkg/msg/detail/erp_status_msg__type_support.cpp
[0.738s] -- Up-to-date: /home/unita/ros2_ws/install/interfaces_control_pkg/include/interfaces_control_pkg/interfaces_control_pkg/msg/detail/mask__type_support.cpp
[0.738s] -- Up-to-date: /home/unita/ros2_ws/install/interfaces_control_pkg/include/interfaces_control_pkg/interfaces_control_pkg/msg/detail/motion_command__type_support.cpp
[0.738s] -- Up-to-date: /home/unita/ros2_ws/install/interfaces_control_pkg/include/interfaces_control_pkg/interfaces_control_pkg/msg/detail/erp_status_msg__rosidl_typesupport_introspection_cpp.hpp
[0.738s] -- Up-to-date: /home/unita/ros2_ws/install/interfaces_control_pkg/include/interfaces_control_pkg/interfaces_control_pkg/msg/detail/bounding_box3_d__rosidl_typesupport_introspection_cpp.hpp
[0.738s] -- Up-to-date: /home/unita/ros2_ws/install/interfaces_control_pkg/include/interfaces_control_pkg/interfaces_control_pkg/msg/detail/cone_info_array__rosidl_typesupport_introspection_cpp.hpp
[0.738s] -- Up-to-date: /home/unita/ros2_ws/install/interfaces_control_pkg/include/interfaces_control_pkg/interfaces_control_pkg/msg/detail/key_point2_d_array__rosidl_typesupport_introspection_cpp.hpp
[0.738s] -- Up-to-date: /home/unita/ros2_ws/install/interfaces_control_pkg/include/interfaces_control_pkg/interfaces_control_pkg/msg/detail/cone_info__type_support.cpp
[0.738s] -- Up-to-date: /home/unita/ros2_ws/install/interfaces_control_pkg/include/interfaces_control_pkg/interfaces_control_pkg/msg/detail/detection_array__rosidl_typesupport_introspection_cpp.hpp
[0.738s] -- Up-to-date: /home/unita/ros2_ws/install/interfaces_control_pkg/include/interfaces_control_pkg/interfaces_control_pkg/msg/detail/key_point2_d__rosidl_typesupport_introspection_cpp.hpp
[0.738s] -- Up-to-date: /home/unita/ros2_ws/install/interfaces_control_pkg/include/interfaces_control_pkg/interfaces_control_pkg/msg/detail/point2_d__type_support.cpp
[0.738s] -- Up-to-date: /home/unita/ros2_ws/install/interfaces_control_pkg/include/interfaces_control_pkg/interfaces_control_pkg/msg/detail/target_point__type_support.cpp
[0.738s] -- Up-to-date: /home/unita/ros2_ws/install/interfaces_control_pkg/include/interfaces_control_pkg/interfaces_control_pkg/msg/detail/key_point2_d__type_support.cpp
[0.738s] -- Up-to-date: /home/unita/ros2_ws/install/interfaces_control_pkg/include/interfaces_control_pkg/interfaces_control_pkg/msg/detail/motion_command__rosidl_typesupport_introspection_cpp.hpp
[0.738s] -- Up-to-date: /home/unita/ros2_ws/install/interfaces_control_pkg/include/interfaces_control_pkg/interfaces_control_pkg/msg/detail/bounding_box2_d__rosidl_typesupport_introspection_cpp.hpp
[0.738s] -- Up-to-date: /home/unita/ros2_ws/install/interfaces_control_pkg/include/interfaces_control_pkg/interfaces_control_pkg/msg/detail/bounding_box3_d__type_support.cpp
[0.738s] -- Up-to-date: /home/unita/ros2_ws/install/interfaces_control_pkg/include/interfaces_control_pkg/interfaces_control_pkg/msg/detail/point2_d__rosidl_typesupport_introspection_cpp.hpp
[0.738s] -- Up-to-date: /home/unita/ros2_ws/install/interfaces_control_pkg/include/interfaces_control_pkg/interfaces_control_pkg/msg/detail/erp_cmd_msg__type_support.cpp
[0.738s] -- Up-to-date: /home/unita/ros2_ws/install/interfaces_control_pkg/include/interfaces_control_pkg/interfaces_control_pkg/msg/detail/key_point3_d_array__type_support.cpp
[0.738s] -- Up-to-date: /home/unita/ros2_ws/install/interfaces_control_pkg/include/interfaces_control_pkg/interfaces_control_pkg/msg/detail/key_point3_d_array__rosidl_typesupport_introspection_cpp.hpp
[0.738s] -- Up-to-date: /home/unita/ros2_ws/install/interfaces_control_pkg/lib/libinterfaces_control_pkg__rosidl_typesupport_introspection_cpp.so
[0.738s] -- Up-to-date: /home/unita/ros2_ws/install/interfaces_control_pkg/lib/libinterfaces_control_pkg__rosidl_typesupport_cpp.so
[0.738s] -- Up-to-date: /home/unita/ros2_ws/install/interfaces_control_pkg/share/interfaces_control_pkg/environment/pythonpath.sh
[0.738s] -- Up-to-date: /home/unita/ros2_ws/install/interfaces_control_pkg/share/interfaces_control_pkg/environment/pythonpath.dsv
[0.738s] -- Up-to-date: /home/unita/ros2_ws/install/interfaces_control_pkg/local/lib/python3.10/dist-packages/interfaces_control_pkg-0.0.0-py3.10.egg-info
[0.738s] -- Installing: /home/unita/ros2_ws/install/interfaces_control_pkg/local/lib/python3.10/dist-packages/interfaces_control_pkg-0.0.0-py3.10.egg-info/PKG-INFO
[0.738s] -- Installing: /home/unita/ros2_ws/install/interfaces_control_pkg/local/lib/python3.10/dist-packages/interfaces_control_pkg-0.0.0-py3.10.egg-info/SOURCES.txt
[0.738s] -- Installing: /home/unita/ros2_ws/install/interfaces_control_pkg/local/lib/python3.10/dist-packages/interfaces_control_pkg-0.0.0-py3.10.egg-info/top_level.txt
[0.738s] -- Installing: /home/unita/ros2_ws/install/interfaces_control_pkg/local/lib/python3.10/dist-packages/interfaces_control_pkg-0.0.0-py3.10.egg-info/dependency_links.txt
[0.738s] -- Up-to-date: /home/unita/ros2_ws/install/interfaces_control_pkg/local/lib/python3.10/dist-packages/interfaces_control_pkg
[0.738s] -- Up-to-date: /home/unita/ros2_ws/install/interfaces_control_pkg/local/lib/python3.10/dist-packages/interfaces_control_pkg/interfaces_control_pkg_s__rosidl_typesupport_fastrtps_c.cpython-310-x86_64-linux-gnu.so
[0.738s] -- Up-to-date: /home/unita/ros2_ws/install/interfaces_control_pkg/local/lib/python3.10/dist-packages/interfaces_control_pkg/msg
[0.738s] -- Up-to-date: /home/unita/ros2_ws/install/interfaces_control_pkg/local/lib/python3.10/dist-packages/interfaces_control_pkg/msg/_mask.py
[0.738s] -- Up-to-date: /home/unita/ros2_ws/install/interfaces_control_pkg/local/lib/python3.10/dist-packages/interfaces_control_pkg/msg/_path_planning_result.py
[0.738s] -- Up-to-date: /home/unita/ros2_ws/install/interfaces_control_pkg/local/lib/python3.10/dist-packages/interfaces_control_pkg/msg/_erp_cmd_msg.py
[0.738s] -- Up-to-date: /home/unita/ros2_ws/install/interfaces_control_pkg/local/lib/python3.10/dist-packages/interfaces_control_pkg/msg/_erp_status_msg_s.c
[0.738s] -- Up-to-date: /home/unita/ros2_ws/install/interfaces_control_pkg/local/lib/python3.10/dist-packages/interfaces_control_pkg/msg/_erp_status_msg.py
[0.738s] -- Up-to-date: /home/unita/ros2_ws/install/interfaces_control_pkg/local/lib/python3.10/dist-packages/interfaces_control_pkg/msg/_erp_cmd_msg_s.c
[0.738s] -- Up-to-date: /home/unita/ros2_ws/install/interfaces_control_pkg/local/lib/python3.10/dist-packages/interfaces_control_pkg/msg/_key_point2_d_array_s.c
[0.738s] -- Up-to-date: /home/unita/ros2_ws/install/interfaces_control_pkg/local/lib/python3.10/dist-packages/interfaces_control_pkg/msg/_motion_command_s.c
[0.738s] -- Up-to-date: /home/unita/ros2_ws/install/interfaces_control_pkg/local/lib/python3.10/dist-packages/interfaces_control_pkg/msg/_detection_s.c
[0.738s] -- Up-to-date: /home/unita/ros2_ws/install/interfaces_control_pkg/local/lib/python3.10/dist-packages/interfaces_control_pkg/msg/_pose2_d.py
[0.739s] -- Up-to-date: /home/unita/ros2_ws/install/interfaces_control_pkg/local/lib/python3.10/dist-packages/interfaces_control_pkg/msg/_target_point.py
[0.739s] -- Up-to-date: /home/unita/ros2_ws/install/interfaces_control_pkg/local/lib/python3.10/dist-packages/interfaces_control_pkg/msg/_key_point2_d.py
[0.739s] -- Up-to-date: /home/unita/ros2_ws/install/interfaces_control_pkg/local/lib/python3.10/dist-packages/interfaces_control_pkg/msg/_lane_info.py
[0.739s] -- Up-to-date: /home/unita/ros2_ws/install/interfaces_control_pkg/local/lib/python3.10/dist-packages/interfaces_control_pkg/msg/_detection_array.py
[0.739s] -- Up-to-date: /home/unita/ros2_ws/install/interfaces_control_pkg/local/lib/python3.10/dist-packages/interfaces_control_pkg/msg/_vector2_s.c
[0.739s] -- Up-to-date: /home/unita/ros2_ws/install/interfaces_control_pkg/local/lib/python3.10/dist-packages/interfaces_control_pkg/msg/_bounding_box3_d.py
[0.739s] -- Up-to-date: /home/unita/ros2_ws/install/interfaces_control_pkg/local/lib/python3.10/dist-packages/interfaces_control_pkg/msg/_bounding_box2_d_s.c
[0.739s] -- Up-to-date: /home/unita/ros2_ws/install/interfaces_control_pkg/local/lib/python3.10/dist-packages/interfaces_control_pkg/msg/_lane_info_s.c
[0.739s] -- Up-to-date: /home/unita/ros2_ws/install/interfaces_control_pkg/local/lib/python3.10/dist-packages/interfaces_control_pkg/msg/_key_point2_d_array.py
[0.739s] -- Up-to-date: /home/unita/ros2_ws/install/interfaces_control_pkg/local/lib/python3.10/dist-packages/interfaces_control_pkg/msg/_point2_d_s.c
[0.739s] -- Up-to-date: /home/unita/ros2_ws/install/interfaces_control_pkg/local/lib/python3.10/dist-packages/interfaces_control_pkg/msg/_mask_s.c
[0.739s] -- Up-to-date: /home/unita/ros2_ws/install/interfaces_control_pkg/local/lib/python3.10/dist-packages/interfaces_control_pkg/msg/_path_planning_result_s.c
[0.739s] -- Up-to-date: /home/unita/ros2_ws/install/interfaces_control_pkg/local/lib/python3.10/dist-packages/interfaces_control_pkg/msg/_motion_command.py
[0.739s] -- Up-to-date: /home/unita/ros2_ws/install/interfaces_control_pkg/local/lib/python3.10/dist-packages/interfaces_control_pkg/msg/_point2_d.py
[0.739s] -- Up-to-date: /home/unita/ros2_ws/install/interfaces_control_pkg/local/lib/python3.10/dist-packages/interfaces_control_pkg/msg/_vector2.py
[0.739s] -- Up-to-date: /home/unita/ros2_ws/install/interfaces_control_pkg/local/lib/python3.10/dist-packages/interfaces_control_pkg/msg/_pose2_d_s.c
[0.739s] -- Up-to-date: /home/unita/ros2_ws/install/interfaces_control_pkg/local/lib/python3.10/dist-packages/interfaces_control_pkg/msg/_cone_info_s.c
[0.739s] -- Up-to-date: /home/unita/ros2_ws/install/interfaces_control_pkg/local/lib/python3.10/dist-packages/interfaces_control_pkg/msg/_cone_info.py
[0.739s] -- Up-to-date: /home/unita/ros2_ws/install/interfaces_control_pkg/local/lib/python3.10/dist-packages/interfaces_control_pkg/msg/_target_point_s.c
[0.739s] -- Up-to-date: /home/unita/ros2_ws/install/interfaces_control_pkg/local/lib/python3.10/dist-packages/interfaces_control_pkg/msg/_bounding_box2_d.py
[0.739s] -- Up-to-date: /home/unita/ros2_ws/install/interfaces_control_pkg/local/lib/python3.10/dist-packages/interfaces_control_pkg/msg/_detection.py
[0.739s] -- Up-to-date: /home/unita/ros2_ws/install/interfaces_control_pkg/local/lib/python3.10/dist-packages/interfaces_control_pkg/msg/_cone_info_array_s.c
[0.739s] -- Up-to-date: /home/unita/ros2_ws/install/interfaces_control_pkg/local/lib/python3.10/dist-packages/interfaces_control_pkg/msg/_detection_array_s.c
[0.739s] -- Up-to-date: /home/unita/ros2_ws/install/interfaces_control_pkg/local/lib/python3.10/dist-packages/interfaces_control_pkg/msg/_cone_info_array.py
[0.739s] -- Up-to-date: /home/unita/ros2_ws/install/interfaces_control_pkg/local/lib/python3.10/dist-packages/interfaces_control_pkg/msg/__init__.py
[0.739s] -- Up-to-date: /home/unita/ros2_ws/install/interfaces_control_pkg/local/lib/python3.10/dist-packages/interfaces_control_pkg/msg/_key_point3_d.py
[0.739s] -- Up-to-date: /home/unita/ros2_ws/install/interfaces_control_pkg/local/lib/python3.10/dist-packages/interfaces_control_pkg/msg/_key_point2_d_s.c
[0.739s] -- Up-to-date: /home/unita/ros2_ws/install/interfaces_control_pkg/local/lib/python3.10/dist-packages/interfaces_control_pkg/msg/_bounding_box3_d_s.c
[0.739s] -- Up-to-date: /home/unita/ros2_ws/install/interfaces_control_pkg/local/lib/python3.10/dist-packages/interfaces_control_pkg/msg/_key_point3_d_s.c
[0.739s] -- Up-to-date: /home/unita/ros2_ws/install/interfaces_control_pkg/local/lib/python3.10/dist-packages/interfaces_control_pkg/msg/_key_point3_d_array.py
[0.739s] -- Up-to-date: /home/unita/ros2_ws/install/interfaces_control_pkg/local/lib/python3.10/dist-packages/interfaces_control_pkg/msg/_key_point3_d_array_s.c
[0.739s] -- Up-to-date: /home/unita/ros2_ws/install/interfaces_control_pkg/local/lib/python3.10/dist-packages/interfaces_control_pkg/_interfaces_control_pkg_s.ep.rosidl_typesupport_c.c
[0.739s] -- Up-to-date: /home/unita/ros2_ws/install/interfaces_control_pkg/local/lib/python3.10/dist-packages/interfaces_control_pkg/_interfaces_control_pkg_s.ep.rosidl_typesupport_introspection_c.c
[0.739s] -- Up-to-date: /home/unita/ros2_ws/install/interfaces_control_pkg/local/lib/python3.10/dist-packages/interfaces_control_pkg/_interfaces_control_pkg_s.ep.rosidl_typesupport_fastrtps_c.c
[0.739s] -- Up-to-date: /home/unita/ros2_ws/install/interfaces_control_pkg/local/lib/python3.10/dist-packages/interfaces_control_pkg/interfaces_control_pkg_s__rosidl_typesupport_c.cpython-310-x86_64-linux-gnu.so
[0.739s] -- Up-to-date: /home/unita/ros2_ws/install/interfaces_control_pkg/local/lib/python3.10/dist-packages/interfaces_control_pkg/libinterfaces_control_pkg__rosidl_generator_py.so
[0.739s] -- Up-to-date: /home/unita/ros2_ws/install/interfaces_control_pkg/local/lib/python3.10/dist-packages/interfaces_control_pkg/__init__.py
[0.739s] -- Up-to-date: /home/unita/ros2_ws/install/interfaces_control_pkg/local/lib/python3.10/dist-packages/interfaces_control_pkg/interfaces_control_pkg_s__rosidl_typesupport_introspection_c.cpython-310-x86_64-linux-gnu.so
[0.764s] Listing '/home/unita/ros2_ws/install/interfaces_control_pkg/local/lib/python3.10/dist-packages/interfaces_control_pkg'...
[0.764s] Listing '/home/unita/ros2_ws/install/interfaces_control_pkg/local/lib/python3.10/dist-packages/interfaces_control_pkg/msg'...
[0.767s] -- Up-to-date: /home/unita/ros2_ws/install/interfaces_control_pkg/local/lib/python3.10/dist-packages/interfaces_control_pkg/interfaces_control_pkg_s__rosidl_typesupport_fastrtps_c.cpython-310-x86_64-linux-gnu.so
[0.767s] -- Up-to-date: /home/unita/ros2_ws/install/interfaces_control_pkg/local/lib/python3.10/dist-packages/interfaces_control_pkg/interfaces_control_pkg_s__rosidl_typesupport_introspection_c.cpython-310-x86_64-linux-gnu.so
[0.767s] -- Up-to-date: /home/unita/ros2_ws/install/interfaces_control_pkg/local/lib/python3.10/dist-packages/interfaces_control_pkg/interfaces_control_pkg_s__rosidl_typesupport_c.cpython-310-x86_64-linux-gnu.so
[0.768s] -- Up-to-date: /home/unita/ros2_ws/install/interfaces_control_pkg/lib/libinterfaces_control_pkg__rosidl_generator_py.so
[0.768s] -- Up-to-date: /home/unita/ros2_ws/install/interfaces_control_pkg/share/interfaces_control_pkg/msg/ErpCmdMsg.idl
[0.768s] -- Up-to-date: /home/unita/ros2_ws/install/interfaces_control_pkg/share/interfaces_control_pkg/msg/ErpStatusMsg.idl
[0.769s] -- Up-to-date: /home/unita/ros2_ws/install/interfaces_control_pkg/share/interfaces_control_pkg/msg/Point2D.idl
[0.769s] -- Up-to-date: /home/unita/ros2_ws/install/interfaces_control_pkg/share/interfaces_control_pkg/msg/Vector2.idl
[0.769s] -- Up-to-date: /home/unita/ros2_ws/install/interfaces_control_pkg/share/interfaces_control_pkg/msg/Pose2D.idl
[0.769s] -- Up-to-date: /home/unita/ros2_ws/install/interfaces_control_pkg/share/interfaces_control_pkg/msg/BoundingBox2D.idl
[0.769s] -- Up-to-date: /home/unita/ros2_ws/install/interfaces_control_pkg/share/interfaces_control_pkg/msg/BoundingBox3D.idl
[0.769s] -- Up-to-date: /home/unita/ros2_ws/install/interfaces_control_pkg/share/interfaces_control_pkg/msg/Mask.idl
[0.769s] -- Up-to-date: /home/unita/ros2_ws/install/interfaces_control_pkg/share/interfaces_control_pkg/msg/KeyPoint2D.idl
[0.769s] -- Up-to-date: /home/unita/ros2_ws/install/interfaces_control_pkg/share/interfaces_control_pkg/msg/KeyPoint2DArray.idl
[0.769s] -- Up-to-date: /home/unita/ros2_ws/install/interfaces_control_pkg/share/interfaces_control_pkg/msg/KeyPoint3D.idl
[0.769s] -- Up-to-date: /home/unita/ros2_ws/install/interfaces_control_pkg/share/interfaces_control_pkg/msg/KeyPoint3DArray.idl
[0.769s] -- Up-to-date: /home/unita/ros2_ws/install/interfaces_control_pkg/share/interfaces_control_pkg/msg/Detection.idl
[0.769s] -- Up-to-date: /home/unita/ros2_ws/install/interfaces_control_pkg/share/interfaces_control_pkg/msg/DetectionArray.idl
[0.769s] -- Up-to-date: /home/unita/ros2_ws/install/interfaces_control_pkg/share/interfaces_control_pkg/msg/LaneInfo.idl
[0.769s] -- Up-to-date: /home/unita/ros2_ws/install/interfaces_control_pkg/share/interfaces_control_pkg/msg/MotionCommand.idl
[0.770s] -- Up-to-date: /home/unita/ros2_ws/install/interfaces_control_pkg/share/interfaces_control_pkg/msg/TargetPoint.idl
[0.770s] -- Up-to-date: /home/unita/ros2_ws/install/interfaces_control_pkg/share/interfaces_control_pkg/msg/PathPlanningResult.idl
[0.770s] -- Up-to-date: /home/unita/ros2_ws/install/interfaces_control_pkg/share/interfaces_control_pkg/msg/ConeInfo.idl
[0.770s] -- Up-to-date: /home/unita/ros2_ws/install/interfaces_control_pkg/share/interfaces_control_pkg/msg/ConeInfoArray.idl
[0.770s] -- Up-to-date: /home/unita/ros2_ws/install/interfaces_control_pkg/share/interfaces_control_pkg/msg/ErpCmdMsg.msg
[0.770s] -- Up-to-date: /home/unita/ros2_ws/install/interfaces_control_pkg/share/interfaces_control_pkg/msg/ErpStatusMsg.msg
[0.770s] -- Up-to-date: /home/unita/ros2_ws/install/interfaces_control_pkg/share/interfaces_control_pkg/msg/Point2D.msg
[0.770s] -- Up-to-date: /home/unita/ros2_ws/install/interfaces_control_pkg/share/interfaces_control_pkg/msg/Vector2.msg
[0.770s] -- Up-to-date: /home/unita/ros2_ws/install/interfaces_control_pkg/share/interfaces_control_pkg/msg/Pose2D.msg
[0.770s] -- Up-to-date: /home/unita/ros2_ws/install/interfaces_control_pkg/share/interfaces_control_pkg/msg/BoundingBox2D.msg
[0.770s] -- Up-to-date: /home/unita/ros2_ws/install/interfaces_control_pkg/share/interfaces_control_pkg/msg/BoundingBox3D.msg
[0.770s] -- Up-to-date: /home/unita/ros2_ws/install/interfaces_control_pkg/share/interfaces_control_pkg/msg/Mask.msg
[0.770s] -- Up-to-date: /home/unita/ros2_ws/install/interfaces_control_pkg/share/interfaces_control_pkg/msg/KeyPoint2D.msg
[0.770s] -- Up-to-date: /home/unita/ros2_ws/install/interfaces_control_pkg/share/interfaces_control_pkg/msg/KeyPoint2DArray.msg
[0.770s] -- Up-to-date: /home/unita/ros2_ws/install/interfaces_control_pkg/share/interfaces_control_pkg/msg/KeyPoint3D.msg
[0.770s] -- Up-to-date: /home/unita/ros2_ws/install/interfaces_control_pkg/share/interfaces_control_pkg/msg/KeyPoint3DArray.msg
[0.771s] -- Up-to-date: /home/unita/ros2_ws/install/interfaces_control_pkg/share/interfaces_control_pkg/msg/Detection.msg
[0.771s] -- Up-to-date: /home/unita/ros2_ws/install/interfaces_control_pkg/share/interfaces_control_pkg/msg/DetectionArray.msg
[0.771s] -- Up-to-date: /home/unita/ros2_ws/install/interfaces_control_pkg/share/interfaces_control_pkg/msg/LaneInfo.msg
[0.771s] -- Up-to-date: /home/unita/ros2_ws/install/interfaces_control_pkg/share/interfaces_control_pkg/msg/MotionCommand.msg
[0.771s] -- Up-to-date: /home/unita/ros2_ws/install/interfaces_control_pkg/share/interfaces_control_pkg/msg/TargetPoint.msg
[0.771s] -- Up-to-date: /home/unita/ros2_ws/install/interfaces_control_pkg/share/interfaces_control_pkg/msg/PathPlanningResult.msg
[0.771s] -- Up-to-date: /home/unita/ros2_ws/install/interfaces_control_pkg/share/interfaces_control_pkg/msg/ConeInfo.msg
[0.771s] -- Up-to-date: /home/unita/ros2_ws/install/interfaces_control_pkg/share/interfaces_control_pkg/msg/ConeInfoArray.msg
[0.771s] -- Up-to-date: /home/unita/ros2_ws/install/interfaces_control_pkg/share/ament_index/resource_index/package_run_dependencies/interfaces_control_pkg
[0.771s] -- Up-to-date: /home/unita/ros2_ws/install/interfaces_control_pkg/share/ament_index/resource_index/parent_prefix_path/interfaces_control_pkg
[0.771s] -- Up-to-date: /home/unita/ros2_ws/install/interfaces_control_pkg/share/interfaces_control_pkg/environment/ament_prefix_path.sh
[0.771s] -- Up-to-date: /home/unita/ros2_ws/install/interfaces_control_pkg/share/interfaces_control_pkg/environment/ament_prefix_path.dsv
[0.772s] -- Up-to-date: /home/unita/ros2_ws/install/interfaces_control_pkg/share/interfaces_control_pkg/environment/path.sh
[0.772s] -- Up-to-date: /home/unita/ros2_ws/install/interfaces_control_pkg/share/interfaces_control_pkg/environment/path.dsv
[0.772s] -- Up-to-date: /home/unita/ros2_ws/install/interfaces_control_pkg/share/interfaces_control_pkg/local_setup.bash
[0.772s] -- Up-to-date: /home/unita/ros2_ws/install/interfaces_control_pkg/share/interfaces_control_pkg/local_setup.sh
[0.772s] -- Up-to-date: /home/unita/ros2_ws/install/interfaces_control_pkg/share/interfaces_control_pkg/local_setup.zsh
[0.772s] -- Up-to-date: /home/unita/ros2_ws/install/interfaces_control_pkg/share/interfaces_control_pkg/local_setup.dsv
[0.772s] -- Installing: /home/unita/ros2_ws/install/interfaces_control_pkg/share/interfaces_control_pkg/package.dsv
[0.772s] -- Up-to-date: /home/unita/ros2_ws/install/interfaces_control_pkg/share/ament_index/resource_index/packages/interfaces_control_pkg
[0.773s] -- Up-to-date: /home/unita/ros2_ws/install/interfaces_control_pkg/share/interfaces_control_pkg/cmake/export_interfaces_control_pkg__rosidl_generator_cExport.cmake
[0.773s] -- Up-to-date: /home/unita/ros2_ws/install/interfaces_control_pkg/share/interfaces_control_pkg/cmake/export_interfaces_control_pkg__rosidl_generator_cExport-noconfig.cmake
[0.773s] -- Up-to-date: /home/unita/ros2_ws/install/interfaces_control_pkg/share/interfaces_control_pkg/cmake/export_interfaces_control_pkg__rosidl_typesupport_fastrtps_cExport.cmake
[0.773s] -- Up-to-date: /home/unita/ros2_ws/install/interfaces_control_pkg/share/interfaces_control_pkg/cmake/export_interfaces_control_pkg__rosidl_typesupport_fastrtps_cExport-noconfig.cmake
[0.773s] -- Up-to-date: /home/unita/ros2_ws/install/interfaces_control_pkg/share/interfaces_control_pkg/cmake/interfaces_control_pkg__rosidl_typesupport_introspection_cExport.cmake
[0.773s] -- Up-to-date: /home/unita/ros2_ws/install/interfaces_control_pkg/share/interfaces_control_pkg/cmake/interfaces_control_pkg__rosidl_typesupport_introspection_cExport-noconfig.cmake
[0.773s] -- Up-to-date: /home/unita/ros2_ws/install/interfaces_control_pkg/share/interfaces_control_pkg/cmake/interfaces_control_pkg__rosidl_typesupport_cExport.cmake
[0.773s] -- Up-to-date: /home/unita/ros2_ws/install/interfaces_control_pkg/share/interfaces_control_pkg/cmake/interfaces_control_pkg__rosidl_typesupport_cExport-noconfig.cmake
[0.773s] -- Up-to-date: /home/unita/ros2_ws/install/interfaces_control_pkg/share/interfaces_control_pkg/cmake/export_interfaces_control_pkg__rosidl_generator_cppExport.cmake
[0.773s] -- Up-to-date: /home/unita/ros2_ws/install/interfaces_control_pkg/share/interfaces_control_pkg/cmake/export_interfaces_control_pkg__rosidl_typesupport_fastrtps_cppExport.cmake
[0.773s] -- Up-to-date: /home/unita/ros2_ws/install/interfaces_control_pkg/share/interfaces_control_pkg/cmake/export_interfaces_control_pkg__rosidl_typesupport_fastrtps_cppExport-noconfig.cmake
[0.774s] -- Up-to-date: /home/unita/ros2_ws/install/interfaces_control_pkg/share/interfaces_control_pkg/cmake/interfaces_control_pkg__rosidl_typesupport_introspection_cppExport.cmake
[0.774s] -- Up-to-date: /home/unita/ros2_ws/install/interfaces_control_pkg/share/interfaces_control_pkg/cmake/interfaces_control_pkg__rosidl_typesupport_introspection_cppExport-noconfig.cmake
[0.774s] -- Up-to-date: /home/unita/ros2_ws/install/interfaces_control_pkg/share/interfaces_control_pkg/cmake/interfaces_control_pkg__rosidl_typesupport_cppExport.cmake
[0.774s] -- Up-to-date: /home/unita/ros2_ws/install/interfaces_control_pkg/share/interfaces_control_pkg/cmake/interfaces_control_pkg__rosidl_typesupport_cppExport-noconfig.cmake
[0.774s] -- Up-to-date: /home/unita/ros2_ws/install/interfaces_control_pkg/share/interfaces_control_pkg/cmake/export_interfaces_control_pkg__rosidl_generator_pyExport.cmake
[0.775s] -- Up-to-date: /home/unita/ros2_ws/install/interfaces_control_pkg/share/interfaces_control_pkg/cmake/export_interfaces_control_pkg__rosidl_generator_pyExport-noconfig.cmake
[0.775s] -- Up-to-date: /home/unita/ros2_ws/install/interfaces_control_pkg/share/interfaces_control_pkg/cmake/rosidl_cmake-extras.cmake
[0.775s] -- Up-to-date: /home/unita/ros2_ws/install/interfaces_control_pkg/share/interfaces_control_pkg/cmake/ament_cmake_export_dependencies-extras.cmake
[0.775s] -- Up-to-date: /home/unita/ros2_ws/install/interfaces_control_pkg/share/interfaces_control_pkg/cmake/ament_cmake_export_include_directories-extras.cmake
[0.775s] -- Up-to-date: /home/unita/ros2_ws/install/interfaces_control_pkg/share/interfaces_control_pkg/cmake/ament_cmake_export_libraries-extras.cmake
[0.775s] -- Up-to-date: /home/unita/ros2_ws/install/interfaces_control_pkg/share/interfaces_control_pkg/cmake/ament_cmake_export_targets-extras.cmake
[0.775s] -- Up-to-date: /home/unita/ros2_ws/install/interfaces_control_pkg/share/interfaces_control_pkg/cmake/rosidl_cmake_export_typesupport_targets-extras.cmake
[0.775s] -- Up-to-date: /home/unita/ros2_ws/install/interfaces_control_pkg/share/interfaces_control_pkg/cmake/rosidl_cmake_export_typesupport_libraries-extras.cmake
[0.775s] -- Up-to-date: /home/unita/ros2_ws/install/interfaces_control_pkg/share/interfaces_control_pkg/cmake/interfaces_control_pkgConfig.cmake
[0.775s] -- Up-to-date: /home/unita/ros2_ws/install/interfaces_control_pkg/share/interfaces_control_pkg/cmake/interfaces_control_pkgConfig-version.cmake
[0.775s] -- Up-to-date: /home/unita/ros2_ws/install/interfaces_control_pkg/share/interfaces_control_pkg/package.xml
[0.782s] Invoked command in '/home/unita/ros2_ws/build/interfaces_control_pkg' returned '0': CMAKE_PREFIX_PATH=${CMAKE_PREFIX_PATH}:/home/unita/gps_imu_ws/install/gps_imu_fusion_pkg:/home/unita/test2_perception/install/waypoint_follower_pkg:/home/unita/test2_perception/install/tl_perception_pkg:/home/unita/test2_perception/install/stop_line_detector_pkg:/home/unita/test2_perception/install/sensor_fusion_pkg:/home/unita/test2_perception/install/perception_yolov8_pkg:/home/unita/test2_perception/install/lane_tracking_pkg:/home/unita/test2_perception/install/info_publisher_pkg:/home/unita/test2_perception/install/debug_pkg:/home/unita/test2_perception/install/dead_reckoning_pkg:/home/unita/imu_gps_2/install/imu_gps_sync_py:/home/unita/ros2_ws/install/perception_yolov8_pkg:/home/unita/ros2_ws/install/launch_control_pkg:/home/unita/ros2_ws/install/erp42_path:/home/unita/ros2_ws/install/erp42_control:/opt/ros/humble /usr/bin/cmake --install /home/unita/ros2_ws/build/interfaces_control_pkg
