[0.935s] Invoking command in '/home/unita/ros2_ws/src/erp42_path': PYTHONPATH=/home/unita/ros2_ws/build/erp42_path/prefix_override:/usr/lib/python3/dist-packages/colcon_core/task/python/colcon_distutils_commands:/home/unita/ros2_ws/install/erp42_path/lib/python3.10/site-packages:${PYTHONPATH} /usr/bin/python3 -W ignore:setup.py install is deprecated -W ignore:easy_install command is deprecated setup.py egg_info --egg-base ../../build/erp42_path build --build-base /home/unita/ros2_ws/build/erp42_path/build install --record /home/unita/ros2_ws/build/erp42_path/install.log --single-version-externally-managed install_data
[1.084s] running egg_info
[1.084s] writing ../../build/erp42_path/erp42_path.egg-info/PKG-INFO
[1.085s] writing dependency_links to ../../build/erp42_path/erp42_path.egg-info/dependency_links.txt
[1.085s] writing entry points to ../../build/erp42_path/erp42_path.egg-info/entry_points.txt
[1.085s] writing requirements to ../../build/erp42_path/erp42_path.egg-info/requires.txt
[1.085s] writing top-level names to ../../build/erp42_path/erp42_path.egg-info/top_level.txt
[1.085s] reading manifest file '../../build/erp42_path/erp42_path.egg-info/SOURCES.txt'
[1.085s] writing manifest file '../../build/erp42_path/erp42_path.egg-info/SOURCES.txt'
[1.086s] running build
[1.086s] running build_py
[1.086s] running install
[1.086s] running install_lib
[1.086s] running install_data
[1.087s] running install_egg_info
[1.087s] removing '/home/unita/ros2_ws/install/erp42_path/lib/python3.10/site-packages/erp42_path-0.0.0-py3.10.egg-info' (and everything under it)
[1.087s] Copying ../../build/erp42_path/erp42_path.egg-info to /home/unita/ros2_ws/install/erp42_path/lib/python3.10/site-packages/erp42_path-0.0.0-py3.10.egg-info
[1.088s] running install_scripts
[1.100s] Installing erp42_control_node script to /home/unita/ros2_ws/install/erp42_path/lib/erp42_path
[1.100s] Installing global_path_pub_node script to /home/unita/ros2_ws/install/erp42_path/lib/erp42_path
[1.100s] Installing gps_map_pub_node script to /home/unita/ros2_ws/install/erp42_path/lib/erp42_path
[1.100s] Installing local_pub_node script to /home/unita/ros2_ws/install/erp42_path/lib/erp42_path
[1.100s] writing list of installed files to '/home/unita/ros2_ws/build/erp42_path/install.log'
[1.119s] Invoked command in '/home/unita/ros2_ws/src/erp42_path' returned '0': PYTHONPATH=/home/unita/ros2_ws/build/erp42_path/prefix_override:/usr/lib/python3/dist-packages/colcon_core/task/python/colcon_distutils_commands:/home/unita/ros2_ws/install/erp42_path/lib/python3.10/site-packages:${PYTHONPATH} /usr/bin/python3 -W ignore:setup.py install is deprecated -W ignore:easy_install command is deprecated setup.py egg_info --egg-base ../../build/erp42_path build --build-base /home/unita/ros2_ws/build/erp42_path/build install --record /home/unita/ros2_ws/build/erp42_path/install.log --single-version-externally-managed install_data
