/home/unita/ros2_ws/install/erp42_path/lib/python3.10/site-packages/erp42_path/global_path_pub.py
/home/unita/ros2_ws/install/erp42_path/lib/python3.10/site-packages/erp42_path/gps_map_pub.py
/home/unita/ros2_ws/install/erp42_path/lib/python3.10/site-packages/erp42_path/local_pub.py
/home/unita/ros2_ws/install/erp42_path/lib/python3.10/site-packages/erp42_path/__init__.py
/home/unita/ros2_ws/install/erp42_path/lib/python3.10/site-packages/erp42_path/erp42_control.py
/home/unita/ros2_ws/install/erp42_path/lib/python3.10/site-packages/erp42_path/__pycache__/global_path_pub.cpython-310.pyc
/home/unita/ros2_ws/install/erp42_path/lib/python3.10/site-packages/erp42_path/__pycache__/gps_map_pub.cpython-310.pyc
/home/unita/ros2_ws/install/erp42_path/lib/python3.10/site-packages/erp42_path/__pycache__/local_pub.cpython-310.pyc
/home/unita/ros2_ws/install/erp42_path/lib/python3.10/site-packages/erp42_path/__pycache__/__init__.cpython-310.pyc
/home/unita/ros2_ws/install/erp42_path/lib/python3.10/site-packages/erp42_path/__pycache__/erp42_control.cpython-310.pyc
/home/unita/ros2_ws/install/erp42_path/share/ament_index/resource_index/packages/erp42_path
/home/unita/ros2_ws/install/erp42_path/share/erp42_path/package.xml
/home/unita/ros2_ws/install/erp42_path/lib/python3.10/site-packages/erp42_path-0.0.0-py3.10.egg-info/requires.txt
/home/unita/ros2_ws/install/erp42_path/lib/python3.10/site-packages/erp42_path-0.0.0-py3.10.egg-info/entry_points.txt
/home/unita/ros2_ws/install/erp42_path/lib/python3.10/site-packages/erp42_path-0.0.0-py3.10.egg-info/PKG-INFO
/home/unita/ros2_ws/install/erp42_path/lib/python3.10/site-packages/erp42_path-0.0.0-py3.10.egg-info/zip-safe
/home/unita/ros2_ws/install/erp42_path/lib/python3.10/site-packages/erp42_path-0.0.0-py3.10.egg-info/SOURCES.txt
/home/unita/ros2_ws/install/erp42_path/lib/python3.10/site-packages/erp42_path-0.0.0-py3.10.egg-info/top_level.txt
/home/unita/ros2_ws/install/erp42_path/lib/python3.10/site-packages/erp42_path-0.0.0-py3.10.egg-info/dependency_links.txt
/home/unita/ros2_ws/install/erp42_path/lib/erp42_path/erp42_control_node
/home/unita/ros2_ws/install/erp42_path/lib/erp42_path/global_path_pub_node
/home/unita/ros2_ws/install/erp42_path/lib/erp42_path/gps_map_pub_node
/home/unita/ros2_ws/install/erp42_path/lib/erp42_path/local_pub_node
