running egg_info
writing ../../build/erp42_control/erp42_control.egg-info/PKG-INFO
writing dependency_links to ../../build/erp42_control/erp42_control.egg-info/dependency_links.txt
writing entry points to ../../build/erp42_control/erp42_control.egg-info/entry_points.txt
writing requirements to ../../build/erp42_control/erp42_control.egg-info/requires.txt
writing top-level names to ../../build/erp42_control/erp42_control.egg-info/top_level.txt
reading manifest file '../../build/erp42_control/erp42_control.egg-info/SOURCES.txt'
writing manifest file '../../build/erp42_control/erp42_control.egg-info/SOURCES.txt'
running build
running build_py
copying erp42_control/brake_test.py -> /home/unita/ros2_ws/build/erp42_control/build/lib/erp42_control
running install
running install_lib
copying /home/unita/ros2_ws/build/erp42_control/build/lib/erp42_control/brake_test.py -> /home/unita/ros2_ws/install/erp42_control/lib/python3.10/site-packages/erp42_control
byte-compiling /home/unita/ros2_ws/install/erp42_control/lib/python3.10/site-packages/erp42_control/brake_test.py to brake_test.cpython-310.pyc
running install_data
running install_egg_info
removing '/home/unita/ros2_ws/install/erp42_control/lib/python3.10/site-packages/erp42_control-0.0.0-py3.10.egg-info' (and everything under it)
Copying ../../build/erp42_control/erp42_control.egg-info to /home/unita/ros2_ws/install/erp42_control/lib/python3.10/site-packages/erp42_control-0.0.0-py3.10.egg-info
running install_scripts
Installing ByteHandler_node script to /home/unita/ros2_ws/install/erp42_control/lib/erp42_control
Installing ErpSerialHandler_node script to /home/unita/ros2_ws/install/erp42_control/lib/erp42_control
Installing brake_test_node script to /home/unita/ros2_ws/install/erp42_control/lib/erp42_control
Installing deliver_node script to /home/unita/ros2_ws/install/erp42_control/lib/erp42_control
Installing erp_status_node script to /home/unita/ros2_ws/install/erp42_control/lib/erp42_control
Installing parking_detecter_node script to /home/unita/ros2_ws/install/erp42_control/lib/erp42_control
Installing parking_node script to /home/unita/ros2_ws/install/erp42_control/lib/erp42_control
Installing publish_parking_signal script to /home/unita/ros2_ws/install/erp42_control/lib/erp42_control
Installing spin_test_node script to /home/unita/ros2_ws/install/erp42_control/lib/erp42_control
writing list of installed files to '/home/unita/ros2_ws/build/erp42_control/install.log'
