[0.958s] Invoking command in '/home/unita/ros2_ws/src/erp42_control': PYTHONPATH=/home/unita/ros2_ws/build/erp42_control/prefix_override:/usr/lib/python3/dist-packages/colcon_core/task/python/colcon_distutils_commands:/home/unita/ros2_ws/install/erp42_control/lib/python3.10/site-packages:${PYTHONPATH} /usr/bin/python3 -W ignore:setup.py install is deprecated -W ignore:easy_install command is deprecated setup.py egg_info --egg-base ../../build/erp42_control build --build-base /home/unita/ros2_ws/build/erp42_control/build install --record /home/unita/ros2_ws/build/erp42_control/install.log --single-version-externally-managed install_data
[1.110s] running egg_info
[1.110s] writing ../../build/erp42_control/erp42_control.egg-info/PKG-INFO
[1.110s] writing dependency_links to ../../build/erp42_control/erp42_control.egg-info/dependency_links.txt
[1.111s] writing entry points to ../../build/erp42_control/erp42_control.egg-info/entry_points.txt
[1.111s] writing requirements to ../../build/erp42_control/erp42_control.egg-info/requires.txt
[1.111s] writing top-level names to ../../build/erp42_control/erp42_control.egg-info/top_level.txt
[1.111s] reading manifest file '../../build/erp42_control/erp42_control.egg-info/SOURCES.txt'
[1.112s] writing manifest file '../../build/erp42_control/erp42_control.egg-info/SOURCES.txt'
[1.112s] running build
[1.112s] running build_py
[1.112s] running install
[1.112s] running install_lib
[1.113s] running install_data
[1.113s] running install_egg_info
[1.114s] removing '/home/unita/ros2_ws/install/erp42_control/lib/python3.10/site-packages/erp42_control-0.0.0-py3.10.egg-info' (and everything under it)
[1.114s] Copying ../../build/erp42_control/erp42_control.egg-info to /home/unita/ros2_ws/install/erp42_control/lib/python3.10/site-packages/erp42_control-0.0.0-py3.10.egg-info
[1.114s] running install_scripts
[1.127s] Installing ByteHandler_node script to /home/unita/ros2_ws/install/erp42_control/lib/erp42_control
[1.127s] Installing ErpSerialHandler_node script to /home/unita/ros2_ws/install/erp42_control/lib/erp42_control
[1.127s] Installing erp_status_node script to /home/unita/ros2_ws/install/erp42_control/lib/erp42_control
[1.127s] Installing parking_detecter_node script to /home/unita/ros2_ws/install/erp42_control/lib/erp42_control
[1.127s] Installing parking_node script to /home/unita/ros2_ws/install/erp42_control/lib/erp42_control
[1.127s] Installing publish_parking_signal script to /home/unita/ros2_ws/install/erp42_control/lib/erp42_control
[1.127s] Installing spin_test_node script to /home/unita/ros2_ws/install/erp42_control/lib/erp42_control
[1.127s] writing list of installed files to '/home/unita/ros2_ws/build/erp42_control/install.log'
[1.145s] Invoked command in '/home/unita/ros2_ws/src/erp42_control' returned '0': PYTHONPATH=/home/unita/ros2_ws/build/erp42_control/prefix_override:/usr/lib/python3/dist-packages/colcon_core/task/python/colcon_distutils_commands:/home/unita/ros2_ws/install/erp42_control/lib/python3.10/site-packages:${PYTHONPATH} /usr/bin/python3 -W ignore:setup.py install is deprecated -W ignore:easy_install command is deprecated setup.py egg_info --egg-base ../../build/erp42_control build --build-base /home/unita/ros2_ws/build/erp42_control/build install --record /home/unita/ros2_ws/build/erp42_control/install.log --single-version-externally-managed install_data
