[1.012s] Invoking command in '/home/unita/ros2_ws/src/perception_yolov8_pkg': PYTHONPATH=/home/unita/ros2_ws/build/perception_yolov8_pkg/prefix_override:/usr/lib/python3/dist-packages/colcon_core/task/python/colcon_distutils_commands:/home/unita/ros2_ws/install/perception_yolov8_pkg/lib/python3.10/site-packages:${PYTHONPATH} /usr/bin/python3 -W ignore:setup.py install is deprecated -W ignore:easy_install command is deprecated setup.py egg_info --egg-base ../../build/perception_yolov8_pkg build --build-base /home/unita/ros2_ws/build/perception_yolov8_pkg/build install --record /home/unita/ros2_ws/build/perception_yolov8_pkg/install.log --single-version-externally-managed install_data
[1.196s] running egg_info
[1.196s] creating ../../build/perception_yolov8_pkg/perception_yolov8_pkg.egg-info
[1.196s] writing ../../build/perception_yolov8_pkg/perception_yolov8_pkg.egg-info/PKG-INFO
[1.196s] writing dependency_links to ../../build/perception_yolov8_pkg/perception_yolov8_pkg.egg-info/dependency_links.txt
[1.196s] writing entry points to ../../build/perception_yolov8_pkg/perception_yolov8_pkg.egg-info/entry_points.txt
[1.197s] writing requirements to ../../build/perception_yolov8_pkg/perception_yolov8_pkg.egg-info/requires.txt
[1.197s] writing top-level names to ../../build/perception_yolov8_pkg/perception_yolov8_pkg.egg-info/top_level.txt
[1.197s] writing manifest file '../../build/perception_yolov8_pkg/perception_yolov8_pkg.egg-info/SOURCES.txt'
[1.198s] reading manifest file '../../build/perception_yolov8_pkg/perception_yolov8_pkg.egg-info/SOURCES.txt'
[1.198s] writing manifest file '../../build/perception_yolov8_pkg/perception_yolov8_pkg.egg-info/SOURCES.txt'
[1.198s] running build
[1.198s] running build_py
[1.198s] creating /home/unita/ros2_ws/build/perception_yolov8_pkg/build
[1.198s] creating /home/unita/ros2_ws/build/perception_yolov8_pkg/build/lib
[1.198s] creating /home/unita/ros2_ws/build/perception_yolov8_pkg/build/lib/perception_yolov8_pkg
[1.199s] copying perception_yolov8_pkg/yolov8_node.py -> /home/unita/ros2_ws/build/perception_yolov8_pkg/build/lib/perception_yolov8_pkg
[1.199s] copying perception_yolov8_pkg/cam_publisher_node.py -> /home/unita/ros2_ws/build/perception_yolov8_pkg/build/lib/perception_yolov8_pkg
[1.199s] copying perception_yolov8_pkg/__init__.py -> /home/unita/ros2_ws/build/perception_yolov8_pkg/build/lib/perception_yolov8_pkg
[1.199s] running install
[1.199s] running install_lib
[1.199s] creating /home/unita/ros2_ws/install/perception_yolov8_pkg/lib/python3.10/site-packages/perception_yolov8_pkg
[1.199s] copying /home/unita/ros2_ws/build/perception_yolov8_pkg/build/lib/perception_yolov8_pkg/yolov8_node.py -> /home/unita/ros2_ws/install/perception_yolov8_pkg/lib/python3.10/site-packages/perception_yolov8_pkg
[1.199s] copying /home/unita/ros2_ws/build/perception_yolov8_pkg/build/lib/perception_yolov8_pkg/cam_publisher_node.py -> /home/unita/ros2_ws/install/perception_yolov8_pkg/lib/python3.10/site-packages/perception_yolov8_pkg
[1.199s] copying /home/unita/ros2_ws/build/perception_yolov8_pkg/build/lib/perception_yolov8_pkg/__init__.py -> /home/unita/ros2_ws/install/perception_yolov8_pkg/lib/python3.10/site-packages/perception_yolov8_pkg
[1.200s] byte-compiling /home/unita/ros2_ws/install/perception_yolov8_pkg/lib/python3.10/site-packages/perception_yolov8_pkg/yolov8_node.py to yolov8_node.cpython-310.pyc
[1.201s] byte-compiling /home/unita/ros2_ws/install/perception_yolov8_pkg/lib/python3.10/site-packages/perception_yolov8_pkg/cam_publisher_node.py to cam_publisher_node.cpython-310.pyc
[1.201s] byte-compiling /home/unita/ros2_ws/install/perception_yolov8_pkg/lib/python3.10/site-packages/perception_yolov8_pkg/__init__.py to __init__.cpython-310.pyc
[1.201s] running install_data
[1.201s] creating /home/unita/ros2_ws/install/perception_yolov8_pkg/share/ament_index
[1.202s] creating /home/unita/ros2_ws/install/perception_yolov8_pkg/share/ament_index/resource_index
[1.202s] creating /home/unita/ros2_ws/install/perception_yolov8_pkg/share/ament_index/resource_index/packages
[1.202s] copying resource/perception_yolov8_pkg -> /home/unita/ros2_ws/install/perception_yolov8_pkg/share/ament_index/resource_index/packages
[1.202s] copying package.xml -> /home/unita/ros2_ws/install/perception_yolov8_pkg/share/perception_yolov8_pkg
[1.202s] creating /home/unita/ros2_ws/install/perception_yolov8_pkg/share/perception_yolov8_pkg/launch
[1.202s] copying launch/multi_camera_yolov8.launch.py -> /home/unita/ros2_ws/install/perception_yolov8_pkg/share/perception_yolov8_pkg/launch
[1.202s] running install_egg_info
[1.203s] Copying ../../build/perception_yolov8_pkg/perception_yolov8_pkg.egg-info to /home/unita/ros2_ws/install/perception_yolov8_pkg/lib/python3.10/site-packages/perception_yolov8_pkg-0.0.0-py3.10.egg-info
[1.203s] running install_scripts
[1.217s] Installing image_publisher_node script to /home/unita/ros2_ws/install/perception_yolov8_pkg/lib/perception_yolov8_pkg
[1.217s] Installing yolov8_node script to /home/unita/ros2_ws/install/perception_yolov8_pkg/lib/perception_yolov8_pkg
[1.217s] writing list of installed files to '/home/unita/ros2_ws/build/perception_yolov8_pkg/install.log'
[1.235s] Invoked command in '/home/unita/ros2_ws/src/perception_yolov8_pkg' returned '0': PYTHONPATH=/home/unita/ros2_ws/build/perception_yolov8_pkg/prefix_override:/usr/lib/python3/dist-packages/colcon_core/task/python/colcon_distutils_commands:/home/unita/ros2_ws/install/perception_yolov8_pkg/lib/python3.10/site-packages:${PYTHONPATH} /usr/bin/python3 -W ignore:setup.py install is deprecated -W ignore:easy_install command is deprecated setup.py egg_info --egg-base ../../build/perception_yolov8_pkg build --build-base /home/unita/ros2_ws/build/perception_yolov8_pkg/build install --record /home/unita/ros2_ws/build/perception_yolov8_pkg/install.log --single-version-externally-managed install_data
