[0.960s] Invoking command in '/home/unita/ros2_ws/src/erp42_path': PYTHONPATH=/home/unita/ros2_ws/build/erp42_path/prefix_override:/usr/lib/python3/dist-packages/colcon_core/task/python/colcon_distutils_commands:/home/unita/ros2_ws/install/erp42_path/lib/python3.10/site-packages:${PYTHONPATH} /usr/bin/python3 -W ignore:setup.py install is deprecated -W ignore:easy_install command is deprecated setup.py egg_info --egg-base ../../build/erp42_path build --build-base /home/unita/ros2_ws/build/erp42_path/build install --record /home/unita/ros2_ws/build/erp42_path/install.log --single-version-externally-managed install_data
[1.120s] running egg_info
[1.121s] creating ../../build/erp42_path/erp42_path.egg-info
[1.121s] writing ../../build/erp42_path/erp42_path.egg-info/PKG-INFO
[1.121s] writing dependency_links to ../../build/erp42_path/erp42_path.egg-info/dependency_links.txt
[1.121s] writing entry points to ../../build/erp42_path/erp42_path.egg-info/entry_points.txt
[1.121s] writing requirements to ../../build/erp42_path/erp42_path.egg-info/requires.txt
[1.121s] writing top-level names to ../../build/erp42_path/erp42_path.egg-info/top_level.txt
[1.121s] writing manifest file '../../build/erp42_path/erp42_path.egg-info/SOURCES.txt'
[1.122s] reading manifest file '../../build/erp42_path/erp42_path.egg-info/SOURCES.txt'
[1.123s] writing manifest file '../../build/erp42_path/erp42_path.egg-info/SOURCES.txt'
[1.123s] running build
[1.123s] running build_py
[1.123s] creating /home/unita/ros2_ws/build/erp42_path/build
[1.123s] creating /home/unita/ros2_ws/build/erp42_path/build/lib
[1.123s] creating /home/unita/ros2_ws/build/erp42_path/build/lib/erp42_path
[1.123s] copying erp42_path/global_path_pub.py -> /home/unita/ros2_ws/build/erp42_path/build/lib/erp42_path
[1.123s] copying erp42_path/gps_map_pub.py -> /home/unita/ros2_ws/build/erp42_path/build/lib/erp42_path
[1.123s] copying erp42_path/local_pub.py -> /home/unita/ros2_ws/build/erp42_path/build/lib/erp42_path
[1.123s] copying erp42_path/__init__.py -> /home/unita/ros2_ws/build/erp42_path/build/lib/erp42_path
[1.123s] copying erp42_path/erp42_control.py -> /home/unita/ros2_ws/build/erp42_path/build/lib/erp42_path
[1.123s] running install
[1.123s] running install_lib
[1.124s] creating /home/unita/ros2_ws/install/erp42_path/lib/python3.10/site-packages/erp42_path
[1.124s] copying /home/unita/ros2_ws/build/erp42_path/build/lib/erp42_path/global_path_pub.py -> /home/unita/ros2_ws/install/erp42_path/lib/python3.10/site-packages/erp42_path
[1.124s] copying /home/unita/ros2_ws/build/erp42_path/build/lib/erp42_path/gps_map_pub.py -> /home/unita/ros2_ws/install/erp42_path/lib/python3.10/site-packages/erp42_path
[1.124s] copying /home/unita/ros2_ws/build/erp42_path/build/lib/erp42_path/local_pub.py -> /home/unita/ros2_ws/install/erp42_path/lib/python3.10/site-packages/erp42_path
[1.124s] copying /home/unita/ros2_ws/build/erp42_path/build/lib/erp42_path/__init__.py -> /home/unita/ros2_ws/install/erp42_path/lib/python3.10/site-packages/erp42_path
[1.124s] copying /home/unita/ros2_ws/build/erp42_path/build/lib/erp42_path/erp42_control.py -> /home/unita/ros2_ws/install/erp42_path/lib/python3.10/site-packages/erp42_path
[1.125s] byte-compiling /home/unita/ros2_ws/install/erp42_path/lib/python3.10/site-packages/erp42_path/global_path_pub.py to global_path_pub.cpython-310.pyc
[1.125s] byte-compiling /home/unita/ros2_ws/install/erp42_path/lib/python3.10/site-packages/erp42_path/gps_map_pub.py to gps_map_pub.cpython-310.pyc
[1.125s] byte-compiling /home/unita/ros2_ws/install/erp42_path/lib/python3.10/site-packages/erp42_path/local_pub.py to local_pub.cpython-310.pyc
[1.126s] byte-compiling /home/unita/ros2_ws/install/erp42_path/lib/python3.10/site-packages/erp42_path/__init__.py to __init__.cpython-310.pyc
[1.126s] byte-compiling /home/unita/ros2_ws/install/erp42_path/lib/python3.10/site-packages/erp42_path/erp42_control.py to erp42_control.cpython-310.pyc
[1.126s] running install_data
[1.127s] creating /home/unita/ros2_ws/install/erp42_path/share/ament_index
[1.127s] creating /home/unita/ros2_ws/install/erp42_path/share/ament_index/resource_index
[1.127s] creating /home/unita/ros2_ws/install/erp42_path/share/ament_index/resource_index/packages
[1.127s] copying resource/erp42_path -> /home/unita/ros2_ws/install/erp42_path/share/ament_index/resource_index/packages
[1.127s] copying package.xml -> /home/unita/ros2_ws/install/erp42_path/share/erp42_path
[1.127s] running install_egg_info
[1.128s] Copying ../../build/erp42_path/erp42_path.egg-info to /home/unita/ros2_ws/install/erp42_path/lib/python3.10/site-packages/erp42_path-0.0.0-py3.10.egg-info
[1.128s] running install_scripts
[1.142s] Installing erp42_control_node script to /home/unita/ros2_ws/install/erp42_path/lib/erp42_path
[1.142s] Installing global_path_pub_node script to /home/unita/ros2_ws/install/erp42_path/lib/erp42_path
[1.142s] Installing gps_map_pub_node script to /home/unita/ros2_ws/install/erp42_path/lib/erp42_path
[1.142s] Installing local_pub_node script to /home/unita/ros2_ws/install/erp42_path/lib/erp42_path
[1.142s] writing list of installed files to '/home/unita/ros2_ws/build/erp42_path/install.log'
[1.164s] Invoked command in '/home/unita/ros2_ws/src/erp42_path' returned '0': PYTHONPATH=/home/unita/ros2_ws/build/erp42_path/prefix_override:/usr/lib/python3/dist-packages/colcon_core/task/python/colcon_distutils_commands:/home/unita/ros2_ws/install/erp42_path/lib/python3.10/site-packages:${PYTHONPATH} /usr/bin/python3 -W ignore:setup.py install is deprecated -W ignore:easy_install command is deprecated setup.py egg_info --egg-base ../../build/erp42_path build --build-base /home/unita/ros2_ws/build/erp42_path/build install --record /home/unita/ros2_ws/build/erp42_path/install.log --single-version-externally-managed install_data
