/home/unita/ros2_ws/install/erp42_control/lib/python3.10/site-packages/erp42_control/ByteHandler.py
/home/unita/ros2_ws/install/erp42_control/lib/python3.10/site-packages/erp42_control/ErpSerialHandler.py
/home/unita/ros2_ws/install/erp42_control/lib/python3.10/site-packages/erp42_control/deliver_node.py
/home/unita/ros2_ws/install/erp42_control/lib/python3.10/site-packages/erp42_control/parking_detecter.py
/home/unita/ros2_ws/install/erp42_control/lib/python3.10/site-packages/erp42_control/parking.py
/home/unita/ros2_ws/install/erp42_control/lib/python3.10/site-packages/erp42_control/erp_status.py
/home/unita/ros2_ws/install/erp42_control/lib/python3.10/site-packages/erp42_control/brake_test.py
/home/unita/ros2_ws/install/erp42_control/lib/python3.10/site-packages/erp42_control/publish_parking_signal.py
/home/unita/ros2_ws/install/erp42_control/lib/python3.10/site-packages/erp42_control/__init__.py
/home/unita/ros2_ws/install/erp42_control/lib/python3.10/site-packages/erp42_control/__pycache__/ByteHandler.cpython-310.pyc
/home/unita/ros2_ws/install/erp42_control/lib/python3.10/site-packages/erp42_control/__pycache__/ErpSerialHandler.cpython-310.pyc
/home/unita/ros2_ws/install/erp42_control/lib/python3.10/site-packages/erp42_control/__pycache__/deliver_node.cpython-310.pyc
/home/unita/ros2_ws/install/erp42_control/lib/python3.10/site-packages/erp42_control/__pycache__/parking_detecter.cpython-310.pyc
/home/unita/ros2_ws/install/erp42_control/lib/python3.10/site-packages/erp42_control/__pycache__/parking.cpython-310.pyc
/home/unita/ros2_ws/install/erp42_control/lib/python3.10/site-packages/erp42_control/__pycache__/erp_status.cpython-310.pyc
/home/unita/ros2_ws/install/erp42_control/lib/python3.10/site-packages/erp42_control/__pycache__/brake_test.cpython-310.pyc
/home/unita/ros2_ws/install/erp42_control/lib/python3.10/site-packages/erp42_control/__pycache__/publish_parking_signal.cpython-310.pyc
/home/unita/ros2_ws/install/erp42_control/lib/python3.10/site-packages/erp42_control/__pycache__/__init__.cpython-310.pyc
/home/unita/ros2_ws/install/erp42_control/share/ament_index/resource_index/packages/erp42_control
/home/unita/ros2_ws/install/erp42_control/share/erp42_control/package.xml
/home/unita/ros2_ws/install/erp42_control/lib/python3.10/site-packages/erp42_control-0.0.0-py3.10.egg-info/requires.txt
/home/unita/ros2_ws/install/erp42_control/lib/python3.10/site-packages/erp42_control-0.0.0-py3.10.egg-info/entry_points.txt
/home/unita/ros2_ws/install/erp42_control/lib/python3.10/site-packages/erp42_control-0.0.0-py3.10.egg-info/PKG-INFO
/home/unita/ros2_ws/install/erp42_control/lib/python3.10/site-packages/erp42_control-0.0.0-py3.10.egg-info/zip-safe
/home/unita/ros2_ws/install/erp42_control/lib/python3.10/site-packages/erp42_control-0.0.0-py3.10.egg-info/SOURCES.txt
/home/unita/ros2_ws/install/erp42_control/lib/python3.10/site-packages/erp42_control-0.0.0-py3.10.egg-info/top_level.txt
/home/unita/ros2_ws/install/erp42_control/lib/python3.10/site-packages/erp42_control-0.0.0-py3.10.egg-info/dependency_links.txt
/home/unita/ros2_ws/install/erp42_control/lib/erp42_control/ByteHandler_node
/home/unita/ros2_ws/install/erp42_control/lib/erp42_control/ErpSerialHandler_node
/home/unita/ros2_ws/install/erp42_control/lib/erp42_control/brake_test_node
/home/unita/ros2_ws/install/erp42_control/lib/erp42_control/deliver_node
/home/unita/ros2_ws/install/erp42_control/lib/erp42_control/erp_status_node
/home/unita/ros2_ws/install/erp42_control/lib/erp42_control/parking_detecter_node
/home/unita/ros2_ws/install/erp42_control/lib/erp42_control/parking_node
/home/unita/ros2_ws/install/erp42_control/lib/erp42_control/publish_parking_signal
/home/unita/ros2_ws/install/erp42_control/lib/erp42_control/spin_test_node
