running egg_info
writing ../../build/perception_yolov8_pkg/perception_yolov8_pkg.egg-info/PKG-INFO
writing dependency_links to ../../build/perception_yolov8_pkg/perception_yolov8_pkg.egg-info/dependency_links.txt
writing entry points to ../../build/perception_yolov8_pkg/perception_yolov8_pkg.egg-info/entry_points.txt
writing requirements to ../../build/perception_yolov8_pkg/perception_yolov8_pkg.egg-info/requires.txt
writing top-level names to ../../build/perception_yolov8_pkg/perception_yolov8_pkg.egg-info/top_level.txt
reading manifest file '../../build/perception_yolov8_pkg/perception_yolov8_pkg.egg-info/SOURCES.txt'
writing manifest file '../../build/perception_yolov8_pkg/perception_yolov8_pkg.egg-info/SOURCES.txt'
running build
running build_py
running install
running install_lib
running install_data
running install_egg_info
removing '/home/unita/ros2_ws/install/perception_yolov8_pkg/lib/python3.10/site-packages/perception_yolov8_pkg-0.0.0-py3.10.egg-info' (and everything under it)
Copying ../../build/perception_yolov8_pkg/perception_yolov8_pkg.egg-info to /home/unita/ros2_ws/install/perception_yolov8_pkg/lib/python3.10/site-packages/perception_yolov8_pkg-0.0.0-py3.10.egg-info
running install_scripts
Installing image_publisher_node script to /home/unita/ros2_ws/install/perception_yolov8_pkg/lib/perception_yolov8_pkg
Installing yolov8_node script to /home/unita/ros2_ws/install/perception_yolov8_pkg/lib/perception_yolov8_pkg
writing list of installed files to '/home/unita/ros2_ws/build/perception_yolov8_pkg/install.log'
